{"/Users/ferdi/Desktop/Development/loket-admin/src/App.vue": {"path":"/Users/ferdi/Desktop/Development/loket-admin/src/App.vue","statementMap":{"0":{"start":{"line":5,"column":15},"end":{"line":5,"column":null}}},"fnMap":{},"branchMap":{},"s":{"0":0},"f":{},"b":{}}
,"/Users/ferdi/Desktop/Development/loket-admin/src/components/commons/Badge/Badge.vue": {"path":"/Users/ferdi/Desktop/Development/loket-admin/src/components/commons/Badge/Badge.vue","statementMap":{"0":{"start":{"line":7,"column":0},"end":{"line":7,"column":null}},"1":{"start":{"line":8,"column":15},"end":{"line":8,"column":null}},"2":{"start":{"line":36,"column":24},"end":{"line":36,"column":33}},"3":{"start":{"line":37,"column":54},"end":{"line":37,"column":null}},"4":{"start":{"line":38,"column":19},"end":{"line":38,"column":20}},"5":{"start":{"line":40,"column":6},"end":{"line":40,"column":12}},"6":{"start":{"line":42,"column":6},"end":{"line":42,"column":25}},"7":{"start":{"line":42,"column":19},"end":{"line":42,"column":25}},"8":{"start":{"line":44,"column":6},"end":{"line":44,"column":22}},"9":{"start":{"line":44,"column":16},"end":{"line":44,"column":22}},"10":{"start":{"line":46,"column":6},"end":{"line":46,"column":26}},"11":{"start":{"line":46,"column":20},"end":{"line":46,"column":26}},"12":{"start":{"line":48,"column":6},"end":{"line":48,"column":21}},"13":{"start":{"line":48,"column":15},"end":{"line":48,"column":21}},"14":{"start":{"line":50,"column":6},"end":{"line":50,"column":13}},"15":{"start":{"line":52,"column":4},"end":{"line":52,"column":11}}},"fnMap":{"0":{"name":"(anonymous_0)","decl":{"start":{"line":35,"column":2},"end":{"line":35,"column":7}},"loc":{"start":{"line":35,"column":15},"end":{"line":55,"column":null}}},"1":{"name":"(anonymous_1)","decl":{"start":{"line":36,"column":33},"end":{"line":36,"column":39}},"loc":{"start":{"line":36,"column":39},"end":{"line":51,"column":null}}}},"branchMap":{"0":{"loc":{"start":{"line":42,"column":6},"end":{"line":42,"column":25}},"type":"if","locations":[{"start":{"line":42,"column":6},"end":{"line":42,"column":25}},{"start":{"line":42,"column":6},"end":{"line":42,"column":25}}]},"1":{"loc":{"start":{"line":44,"column":6},"end":{"line":44,"column":22}},"type":"if","locations":[{"start":{"line":44,"column":6},"end":{"line":44,"column":22}},{"start":{"line":44,"column":6},"end":{"line":44,"column":22}}]},"2":{"loc":{"start":{"line":46,"column":6},"end":{"line":46,"column":26}},"type":"if","locations":[{"start":{"line":46,"column":6},"end":{"line":46,"column":26}},{"start":{"line":46,"column":6},"end":{"line":46,"column":26}}]},"3":{"loc":{"start":{"line":48,"column":6},"end":{"line":48,"column":21}},"type":"if","locations":[{"start":{"line":48,"column":6},"end":{"line":48,"column":21}},{"start":{"line":48,"column":6},"end":{"line":48,"column":21}}]}},"s":{"0":0,"1":0,"2":0,"3":0,"4":0,"5":0,"6":0,"7":0,"8":0,"9":0,"10":0,"11":0,"12":0,"13":0,"14":0,"15":0},"f":{"0":0,"1":0},"b":{"0":[0,0],"1":[0,0],"2":[0,0],"3":[0,0]}}
,"/Users/ferdi/Desktop/Development/loket-admin/src/components/commons/Badge/index.js": {"path":"/Users/ferdi/Desktop/Development/loket-admin/src/components/commons/Badge/index.js","statementMap":{},"fnMap":{},"branchMap":{},"s":{},"f":{},"b":{},"hash":"9dfa50cb0f9e417b96277befc8cddb3828cd904a"}
,"/Users/ferdi/Desktop/Development/loket-admin/src/components/commons/Breadcrumb/Breadcrumb.vue": {"path":"/Users/ferdi/Desktop/Development/loket-admin/src/components/commons/Breadcrumb/Breadcrumb.vue","statementMap":{"0":{"start":{"line":20,"column":0},"end":{"line":20,"column":null}},"1":{"start":{"line":22,"column":15},"end":{"line":22,"column":null}},"2":{"start":{"line":26,"column":21},"end":{"line":26,"column":null}},"3":{"start":{"line":34,"column":19},"end":{"line":34,"column":null}},"4":{"start":{"line":36,"column":24},"end":{"line":39,"column":null}},"5":{"start":{"line":37,"column":6},"end":{"line":37,"column":13}},"6":{"start":{"line":38,"column":6},"end":{"line":38,"column":12}},"7":{"start":{"line":41,"column":4},"end":{"line":41,"column":11}}},"fnMap":{"0":{"name":"(anonymous_0)","decl":{"start":{"line":26,"column":15},"end":{"line":26,"column":21}},"loc":{"start":{"line":26,"column":21},"end":{"line":26,"column":null}}},"1":{"name":"(anonymous_1)","decl":{"start":{"line":33,"column":2},"end":{"line":33,"column":7}},"loc":{"start":{"line":33,"column":10},"end":{"line":44,"column":null}}},"2":{"name":"(anonymous_2)","decl":{"start":{"line":36,"column":24},"end":{"line":36,"column":28}},"loc":{"start":{"line":36,"column":32},"end":{"line":39,"column":null}}}},"branchMap":{},"s":{"0":0,"1":0,"2":0,"3":0,"4":0,"5":0,"6":0,"7":0},"f":{"0":0,"1":0,"2":0},"b":{}}
,"/Users/ferdi/Desktop/Development/loket-admin/src/components/commons/Breadcrumb/index.js": {"path":"/Users/ferdi/Desktop/Development/loket-admin/src/components/commons/Breadcrumb/index.js","statementMap":{},"fnMap":{},"branchMap":{},"s":{},"f":{},"b":{},"hash":"7524b4b35932d86c58500ca6ac611f98214b8795"}
,"/Users/ferdi/Desktop/Development/loket-admin/src/components/commons/Button/Button.vue": {"path":"/Users/ferdi/Desktop/Development/loket-admin/src/components/commons/Button/Button.vue","statementMap":{"0":{"start":{"line":13,"column":0},"end":{"line":13,"column":null}},"1":{"start":{"line":15,"column":15},"end":{"line":15,"column":null}},"2":{"start":{"line":47,"column":24},"end":{"line":47,"column":33}},"3":{"start":{"line":48,"column":59},"end":{"line":48,"column":null}},"4":{"start":{"line":49,"column":19},"end":{"line":49,"column":20}},"5":{"start":{"line":51,"column":6},"end":{"line":51,"column":12}},"6":{"start":{"line":53,"column":6},"end":{"line":53,"column":25}},"7":{"start":{"line":53,"column":19},"end":{"line":53,"column":25}},"8":{"start":{"line":55,"column":6},"end":{"line":55,"column":26}},"9":{"start":{"line":55,"column":20},"end":{"line":55,"column":26}},"10":{"start":{"line":57,"column":6},"end":{"line":57,"column":26}},"11":{"start":{"line":57,"column":20},"end":{"line":57,"column":26}},"12":{"start":{"line":59,"column":6},"end":{"line":59,"column":26}},"13":{"start":{"line":59,"column":20},"end":{"line":59,"column":26}},"14":{"start":{"line":61,"column":6},"end":{"line":61,"column":13}},"15":{"start":{"line":64,"column":24},"end":{"line":66,"column":null}},"16":{"start":{"line":65,"column":6},"end":{"line":65,"column":10}},"17":{"start":{"line":68,"column":4},"end":{"line":68,"column":11}}},"fnMap":{"0":{"name":"(anonymous_0)","decl":{"start":{"line":46,"column":2},"end":{"line":46,"column":7}},"loc":{"start":{"line":46,"column":25},"end":{"line":72,"column":null}}},"1":{"name":"(anonymous_1)","decl":{"start":{"line":47,"column":33},"end":{"line":47,"column":39}},"loc":{"start":{"line":47,"column":39},"end":{"line":62,"column":null}}},"2":{"name":"(anonymous_2)","decl":{"start":{"line":64,"column":24},"end":{"line":64,"column":25}},"loc":{"start":{"line":64,"column":29},"end":{"line":66,"column":null}}}},"branchMap":{"0":{"loc":{"start":{"line":53,"column":6},"end":{"line":53,"column":25}},"type":"if","locations":[{"start":{"line":53,"column":6},"end":{"line":53,"column":25}},{"start":{"line":53,"column":6},"end":{"line":53,"column":25}}]},"1":{"loc":{"start":{"line":55,"column":6},"end":{"line":55,"column":26}},"type":"if","locations":[{"start":{"line":55,"column":6},"end":{"line":55,"column":26}},{"start":{"line":55,"column":6},"end":{"line":55,"column":26}}]},"2":{"loc":{"start":{"line":57,"column":6},"end":{"line":57,"column":26}},"type":"if","locations":[{"start":{"line":57,"column":6},"end":{"line":57,"column":26}},{"start":{"line":57,"column":6},"end":{"line":57,"column":26}}]},"3":{"loc":{"start":{"line":59,"column":6},"end":{"line":59,"column":26}},"type":"if","locations":[{"start":{"line":59,"column":6},"end":{"line":59,"column":26}},{"start":{"line":59,"column":6},"end":{"line":59,"column":26}}]}},"s":{"0":1,"1":1,"2":7,"3":18,"4":18,"5":18,"6":18,"7":6,"8":18,"9":1,"10":18,"11":1,"12":18,"13":1,"14":18,"15":7,"16":0,"17":7},"f":{"0":7,"1":18,"2":0},"b":{"0":[6,12],"1":[1,17],"2":[1,17],"3":[1,17]}}
,"/Users/ferdi/Desktop/Development/loket-admin/src/components/commons/Button/index.js": {"path":"/Users/ferdi/Desktop/Development/loket-admin/src/components/commons/Button/index.js","statementMap":{},"fnMap":{},"branchMap":{},"s":{},"f":{},"b":{},"_coverageSchema":"43e27e138ebf9cfc5966b082cf9a028302ed4184","hash":"6916ec5e818caa824d59f19624806fd465916b89"}
,"/Users/ferdi/Desktop/Development/loket-admin/src/components/commons/Card/index.js": {"path":"/Users/ferdi/Desktop/Development/loket-admin/src/components/commons/Card/index.js","statementMap":{},"fnMap":{},"branchMap":{},"s":{},"f":{},"b":{},"hash":"a9a979b7fc7804462aa22217960efc0360968f42"}
,"/Users/ferdi/Desktop/Development/loket-admin/src/components/commons/Modal/Modal.vue": {"path":"/Users/ferdi/Desktop/Development/loket-admin/src/components/commons/Modal/Modal.vue","statementMap":{"0":{"start":{"line":57,"column":15},"end":{"line":57,"column":null}},"1":{"start":{"line":77,"column":19},"end":{"line":79,"column":null}},"2":{"start":{"line":78,"column":6},"end":{"line":78,"column":13}},"3":{"start":{"line":81,"column":4},"end":{"line":81,"column":11}}},"fnMap":{"0":{"name":"(anonymous_0)","decl":{"start":{"line":65,"column":15},"end":{"line":65,"column":21}},"loc":{"start":{"line":65,"column":21},"end":{"line":65,"column":null}}},"1":{"name":"(anonymous_1)","decl":{"start":{"line":69,"column":15},"end":{"line":69,"column":21}},"loc":{"start":{"line":69,"column":21},"end":{"line":69,"column":null}}},"2":{"name":"(anonymous_2)","decl":{"start":{"line":76,"column":2},"end":{"line":76,"column":7}},"loc":{"start":{"line":76,"column":19},"end":{"line":84,"column":null}}},"3":{"name":"(anonymous_3)","decl":{"start":{"line":77,"column":19},"end":{"line":77,"column":25}},"loc":{"start":{"line":77,"column":25},"end":{"line":79,"column":null}}}},"branchMap":{},"s":{"0":0,"1":0,"2":0,"3":0},"f":{"0":0,"1":0,"2":0,"3":0},"b":{}}
,"/Users/ferdi/Desktop/Development/loket-admin/src/components/commons/Modal/index.js": {"path":"/Users/ferdi/Desktop/Development/loket-admin/src/components/commons/Modal/index.js","statementMap":{},"fnMap":{},"branchMap":{},"s":{},"f":{},"b":{},"hash":"d0995292cfbdac5032108377bbff1660a22980f5"}
,"/Users/ferdi/Desktop/Development/loket-admin/src/components/commons/Pagination/Pagination.vue": {"path":"/Users/ferdi/Desktop/Development/loket-admin/src/components/commons/Pagination/Pagination.vue","statementMap":{"0":{"start":{"line":31,"column":0},"end":{"line":31,"column":null}},"1":{"start":{"line":33,"column":15},"end":{"line":33,"column":null}},"2":{"start":{"line":41,"column":32},"end":{"line":45,"column":null}},"3":{"start":{"line":42,"column":40},"end":{"line":42,"column":null}},"4":{"start":{"line":44,"column":6},"end":{"line":44,"column":13}},"5":{"start":{"line":47,"column":27},"end":{"line":47,"column":36}},"6":{"start":{"line":48,"column":41},"end":{"line":48,"column":null}},"7":{"start":{"line":50,"column":6},"end":{"line":50,"column":13}},"8":{"start":{"line":56,"column":4},"end":{"line":56,"column":11}}},"fnMap":{"0":{"name":"(anonymous_0)","decl":{"start":{"line":37,"column":15},"end":{"line":37,"column":21}},"loc":{"start":{"line":37,"column":21},"end":{"line":37,"column":null}}},"1":{"name":"(anonymous_1)","decl":{"start":{"line":40,"column":2},"end":{"line":40,"column":7}},"loc":{"start":{"line":40,"column":15},"end":{"line":60,"column":null}}},"2":{"name":"(anonymous_2)","decl":{"start":{"line":41,"column":32},"end":{"line":41,"column":36}},"loc":{"start":{"line":41,"column":40},"end":{"line":45,"column":null}}},"3":{"name":"(anonymous_3)","decl":{"start":{"line":47,"column":36},"end":{"line":47,"column":42}},"loc":{"start":{"line":47,"column":42},"end":{"line":55,"column":null}}}},"branchMap":{},"s":{"0":0,"1":0,"2":0,"3":0,"4":0,"5":0,"6":0,"7":0,"8":0},"f":{"0":0,"1":0,"2":0,"3":0},"b":{}}
,"/Users/ferdi/Desktop/Development/loket-admin/src/components/commons/Pagination/index.js": {"path":"/Users/ferdi/Desktop/Development/loket-admin/src/components/commons/Pagination/index.js","statementMap":{},"fnMap":{},"branchMap":{},"s":{},"f":{},"b":{},"hash":"694b272f464263d51da87fd518a5b9e4d97377e9"}
,"/Users/ferdi/Desktop/Development/loket-admin/src/components/commons/Skeleton/Rect.vue": {"path":"/Users/ferdi/Desktop/Development/loket-admin/src/components/commons/Skeleton/Rect.vue","statementMap":{"0":{"start":{"line":5,"column":0},"end":{"line":5,"column":null}},"1":{"start":{"line":7,"column":15},"end":{"line":7,"column":null}},"2":{"start":{"line":23,"column":25},"end":{"line":23,"column":34}},"3":{"start":{"line":24,"column":39},"end":{"line":24,"column":null}},"4":{"start":{"line":25,"column":18},"end":{"line":25,"column":null}},"5":{"start":{"line":27,"column":6},"end":{"line":27,"column":31}},"6":{"start":{"line":27,"column":26},"end":{"line":27,"column":31}},"7":{"start":{"line":29,"column":6},"end":{"line":29,"column":32}},"8":{"start":{"line":29,"column":27},"end":{"line":29,"column":32}},"9":{"start":{"line":31,"column":6},"end":{"line":31,"column":11}},"10":{"start":{"line":33,"column":6},"end":{"line":33,"column":13}},"11":{"start":{"line":36,"column":4},"end":{"line":36,"column":11}}},"fnMap":{"0":{"name":"(anonymous_0)","decl":{"start":{"line":22,"column":2},"end":{"line":22,"column":7}},"loc":{"start":{"line":22,"column":15},"end":{"line":39,"column":null}}},"1":{"name":"(anonymous_1)","decl":{"start":{"line":23,"column":34},"end":{"line":23,"column":40}},"loc":{"start":{"line":23,"column":40},"end":{"line":34,"column":null}}}},"branchMap":{"0":{"loc":{"start":{"line":27,"column":6},"end":{"line":27,"column":31}},"type":"if","locations":[{"start":{"line":27,"column":6},"end":{"line":27,"column":31}},{"start":{"line":27,"column":6},"end":{"line":27,"column":31}}]},"1":{"loc":{"start":{"line":29,"column":6},"end":{"line":29,"column":32}},"type":"if","locations":[{"start":{"line":29,"column":6},"end":{"line":29,"column":32}},{"start":{"line":29,"column":6},"end":{"line":29,"column":32}}]},"2":{"loc":{"start":{"line":31,"column":37},"end":{"line":31,"column":45}},"type":"cond-expr","locations":[{"start":{"line":31,"column":37},"end":{"line":31,"column":45}},{"start":{"line":31,"column":45},"end":{"line":31,"column":null}}]}},"s":{"0":0,"1":0,"2":0,"3":0,"4":0,"5":0,"6":0,"7":0,"8":0,"9":0,"10":0,"11":0},"f":{"0":0,"1":0},"b":{"0":[0,0],"1":[0,0],"2":[0,0]}}
,"/Users/ferdi/Desktop/Development/loket-admin/src/components/commons/Skeleton/index.js": {"path":"/Users/ferdi/Desktop/Development/loket-admin/src/components/commons/Skeleton/index.js","statementMap":{},"fnMap":{},"branchMap":{},"s":{},"f":{},"b":{},"hash":"80d6630f539b2900d2c87a3c0e199b80c9d55d35"}
,"/Users/ferdi/Desktop/Development/loket-admin/src/components/commons/Table/Table.vue": {"path":"/Users/ferdi/Desktop/Development/loket-admin/src/components/commons/Table/Table.vue","statementMap":{"0":{"start":{"line":24,"column":0},"end":{"line":24,"column":null}},"1":{"start":{"line":25,"column":0},"end":{"line":25,"column":null}},"2":{"start":{"line":26,"column":0},"end":{"line":26,"column":null}},"3":{"start":{"line":27,"column":0},"end":{"line":27,"column":null}},"4":{"start":{"line":28,"column":0},"end":{"line":28,"column":null}},"5":{"start":{"line":29,"column":0},"end":{"line":29,"column":null}},"6":{"start":{"line":30,"column":0},"end":{"line":30,"column":null}},"7":{"start":{"line":31,"column":0},"end":{"line":31,"column":null}},"8":{"start":{"line":33,"column":15},"end":{"line":33,"column":null}},"9":{"start":{"line":46,"column":21},"end":{"line":46,"column":30}},"10":{"start":{"line":46,"column":37},"end":{"line":46,"column":38}},"11":{"start":{"line":47,"column":25},"end":{"line":47,"column":34}},"12":{"start":{"line":52,"column":30},"end":{"line":52,"column":44}},"13":{"start":{"line":54,"column":27},"end":{"line":54,"column":36}},"14":{"start":{"line":55,"column":52},"end":{"line":55,"column":58}},"15":{"start":{"line":57,"column":6},"end":{"line":57,"column":14}},"16":{"start":{"line":60,"column":26},"end":{"line":72,"column":null}},"17":{"start":{"line":61,"column":24},"end":{"line":61,"column":null}},"18":{"start":{"line":63,"column":6},"end":{"line":67,"column":null}},"19":{"start":{"line":64,"column":8},"end":{"line":64,"column":20}},"20":{"start":{"line":66,"column":8},"end":{"line":66,"column":15}},"21":{"start":{"line":69,"column":6},"end":{"line":69,"column":18}},"22":{"start":{"line":70,"column":8},"end":{"line":70,"column":15}},"23":{"start":{"line":74,"column":28},"end":{"line":74,"column":37}},"24":{"start":{"line":75,"column":37},"end":{"line":75,"column":null}},"25":{"start":{"line":77,"column":6},"end":{"line":77,"column":13}},"26":{"start":{"line":80,"column":5},"end":{"line":80,"column":null}},"27":{"start":{"line":81,"column":12},"end":{"line":81,"column":null}},"28":{"start":{"line":83,"column":8},"end":{"line":83,"column":20}},"29":{"start":{"line":84,"column":10},"end":{"line":84,"column":17}},"30":{"start":{"line":87,"column":8},"end":{"line":87,"column":12}},"31":{"start":{"line":91,"column":4},"end":{"line":91,"column":11}}},"fnMap":{"0":{"name":"(anonymous_0)","decl":{"start":{"line":45,"column":2},"end":{"line":45,"column":7}},"loc":{"start":{"line":45,"column":25},"end":{"line":98,"column":null}}},"1":{"name":"(anonymous_1)","decl":{"start":{"line":46,"column":30},"end":{"line":46,"column":37}},"loc":{"start":{"line":46,"column":37},"end":{"line":46,"column":38}}},"2":{"name":"(anonymous_2)","decl":{"start":{"line":54,"column":36},"end":{"line":54,"column":42}},"loc":{"start":{"line":54,"column":42},"end":{"line":58,"column":null}}},"3":{"name":"(anonymous_3)","decl":{"start":{"line":60,"column":26},"end":{"line":60,"column":27}},"loc":{"start":{"line":60,"column":31},"end":{"line":72,"column":null}}},"4":{"name":"(anonymous_4)","decl":{"start":{"line":69,"column":35},"end":{"line":69,"column":36}},"loc":{"start":{"line":69,"column":50},"end":{"line":71,"column":null}}},"5":{"name":"(anonymous_5)","decl":{"start":{"line":74,"column":37},"end":{"line":74,"column":43}},"loc":{"start":{"line":74,"column":43},"end":{"line":78,"column":null}}},"6":{"name":"(anonymous_6)","decl":{"start":{"line":81,"column":6},"end":{"line":81,"column":12}},"loc":{"start":{"line":81,"column":12},"end":{"line":81,"column":null}}},"7":{"name":"(anonymous_7)","decl":{"start":{"line":82,"column":7},"end":{"line":82,"column":15}},"loc":{"start":{"line":82,"column":15},"end":{"line":88,"column":null}}},"8":{"name":"(anonymous_8)","decl":{"start":{"line":83,"column":37},"end":{"line":83,"column":41}},"loc":{"start":{"line":83,"column":45},"end":{"line":85,"column":null}}}},"branchMap":{"0":{"loc":{"start":{"line":57,"column":14},"end":{"line":57,"column":29}},"type":"binary-expr","locations":[{"start":{"line":57,"column":14},"end":{"line":57,"column":29}},{"start":{"line":57,"column":29},"end":{"line":57,"column":45}},{"start":{"line":57,"column":45},"end":{"line":57,"column":null}}]},"1":{"loc":{"start":{"line":63,"column":6},"end":{"line":67,"column":null}},"type":"if","locations":[{"start":{"line":63,"column":6},"end":{"line":67,"column":null}},{"start":{"line":63,"column":6},"end":{"line":67,"column":null}}]},"2":{"loc":{"start":{"line":77,"column":36},"end":{"line":77,"column":52}},"type":"cond-expr","locations":[{"start":{"line":77,"column":36},"end":{"line":77,"column":52}},{"start":{"line":77,"column":52},"end":{"line":77,"column":70}}]}},"s":{"0":0,"1":0,"2":0,"3":0,"4":0,"5":0,"6":0,"7":0,"8":0,"9":0,"10":0,"11":0,"12":0,"13":0,"14":0,"15":0,"16":0,"17":0,"18":0,"19":0,"20":0,"21":0,"22":0,"23":0,"24":0,"25":0,"26":0,"27":0,"28":0,"29":0,"30":0,"31":0},"f":{"0":0,"1":0,"2":0,"3":0,"4":0,"5":0,"6":0,"7":0,"8":0},"b":{"0":[0,0,0],"1":[0,0],"2":[0,0]}}
,"/Users/ferdi/Desktop/Development/loket-admin/src/components/commons/Table/index.js": {"path":"/Users/ferdi/Desktop/Development/loket-admin/src/components/commons/Table/index.js","statementMap":{},"fnMap":{},"branchMap":{},"s":{},"f":{},"b":{},"hash":"6d83c0fef9a34431a386dad4561e097edbeeae2e"}
,"/Users/ferdi/Desktop/Development/loket-admin/src/components/commons/Table/props.js": {"path":"/Users/ferdi/Desktop/Development/loket-admin/src/components/commons/Table/props.js","statementMap":{"0":{"start":{"line":4,"column":19},"end":{"line":4,"column":21}},"1":{"start":{"line":8,"column":19},"end":{"line":8,"column":21}},"2":{"start":{"line":40,"column":20},"end":{"line":44,"column":5}},"3":{"start":{"line":52,"column":19},"end":{"line":52,"column":21}}},"fnMap":{"0":{"name":"(anonymous_0)","decl":{"start":{"line":4,"column":13},"end":{"line":4,"column":14}},"loc":{"start":{"line":4,"column":19},"end":{"line":4,"column":21}},"line":4},"1":{"name":"(anonymous_1)","decl":{"start":{"line":8,"column":13},"end":{"line":8,"column":14}},"loc":{"start":{"line":8,"column":19},"end":{"line":8,"column":21}},"line":8},"2":{"name":"(anonymous_2)","decl":{"start":{"line":28,"column":13},"end":{"line":28,"column":14}},"loc":{"start":{"line":28,"column":19},"end":{"line":28,"column":21}},"line":28},"3":{"name":"(anonymous_3)","decl":{"start":{"line":40,"column":13},"end":{"line":40,"column":14}},"loc":{"start":{"line":40,"column":20},"end":{"line":44,"column":5}},"line":40},"4":{"name":"(anonymous_4)","decl":{"start":{"line":52,"column":13},"end":{"line":52,"column":14}},"loc":{"start":{"line":52,"column":19},"end":{"line":52,"column":21}},"line":52}},"branchMap":{},"s":{"0":0,"1":0,"2":0,"3":0},"f":{"0":0,"1":0,"2":0,"3":0,"4":0},"b":{},"hash":"86549efe4ded1daff8d428f62c84242c46c61bdc"}
,"/Users/ferdi/Desktop/Development/loket-admin/src/components/commons/Table/components/TableBody.vue": {"path":"/Users/ferdi/Desktop/Development/loket-admin/src/components/commons/Table/components/TableBody.vue","statementMap":{"0":{"start":{"line":19,"column":0},"end":{"line":19,"column":null}},"1":{"start":{"line":20,"column":0},"end":{"line":20,"column":null}},"2":{"start":{"line":21,"column":0},"end":{"line":21,"column":null}},"3":{"start":{"line":23,"column":15},"end":{"line":23,"column":null}},"4":{"start":{"line":47,"column":25},"end":{"line":47,"column":null}},"5":{"start":{"line":47,"column":35},"end":{"line":47,"column":null}},"6":{"start":{"line":49,"column":24},"end":{"line":49,"column":33}},"7":{"start":{"line":50,"column":37},"end":{"line":50,"column":null}},"8":{"start":{"line":52,"column":6},"end":{"line":52,"column":13}},"9":{"start":{"line":55,"column":4},"end":{"line":55,"column":11}}},"fnMap":{"0":{"name":"(anonymous_0)","decl":{"start":{"line":31,"column":15},"end":{"line":31,"column":21}},"loc":{"start":{"line":31,"column":21},"end":{"line":31,"column":null}}},"1":{"name":"(anonymous_1)","decl":{"start":{"line":35,"column":15},"end":{"line":35,"column":21}},"loc":{"start":{"line":35,"column":21},"end":{"line":35,"column":null}}},"2":{"name":"(anonymous_2)","decl":{"start":{"line":39,"column":15},"end":{"line":39,"column":21}},"loc":{"start":{"line":39,"column":21},"end":{"line":39,"column":null}}},"3":{"name":"(anonymous_3)","decl":{"start":{"line":46,"column":2},"end":{"line":46,"column":7}},"loc":{"start":{"line":46,"column":15},"end":{"line":59,"column":null}}},"4":{"name":"(anonymous_4)","decl":{"start":{"line":47,"column":25},"end":{"line":47,"column":30}},"loc":{"start":{"line":47,"column":35},"end":{"line":47,"column":null}}},"5":{"name":"(anonymous_5)","decl":{"start":{"line":49,"column":33},"end":{"line":49,"column":39}},"loc":{"start":{"line":49,"column":39},"end":{"line":53,"column":null}}}},"branchMap":{"0":{"loc":{"start":{"line":47,"column":44},"end":{"line":47,"column":61}},"type":"cond-expr","locations":[{"start":{"line":47,"column":44},"end":{"line":47,"column":61}},{"start":{"line":47,"column":61},"end":{"line":47,"column":null}}]},"1":{"loc":{"start":{"line":52,"column":43},"end":{"line":52,"column":47}},"type":"cond-expr","locations":[{"start":{"line":52,"column":43},"end":{"line":52,"column":47}},{"start":{"line":52,"column":47},"end":{"line":52,"column":null}}]}},"s":{"0":0,"1":0,"2":0,"3":0,"4":0,"5":0,"6":0,"7":0,"8":0,"9":0},"f":{"0":0,"1":0,"2":0,"3":0,"4":0,"5":0},"b":{"0":[0,0],"1":[0,0]}}
,"/Users/ferdi/Desktop/Development/loket-admin/src/components/commons/Table/components/TableContent.vue": {"path":"/Users/ferdi/Desktop/Development/loket-admin/src/components/commons/Table/components/TableContent.vue","statementMap":{"0":{"start":{"line":40,"column":0},"end":{"line":40,"column":null}},"1":{"start":{"line":42,"column":15},"end":{"line":42,"column":31}},"2":{"start":{"line":54,"column":21},"end":{"line":54,"column":25}},"3":{"start":{"line":56,"column":23},"end":{"line":56,"column":32}},"4":{"start":{"line":57,"column":27},"end":{"line":57,"column":null}},"5":{"start":{"line":59,"column":6},"end":{"line":59,"column":13}},"6":{"start":{"line":62,"column":24},"end":{"line":62,"column":33}},"7":{"start":{"line":63,"column":37},"end":{"line":63,"column":null}},"8":{"start":{"line":65,"column":6},"end":{"line":65,"column":13}},"9":{"start":{"line":68,"column":27},"end":{"line":68,"column":36}},"10":{"start":{"line":69,"column":6},"end":{"line":69,"column":13}},"11":{"start":{"line":75,"column":19},"end":{"line":77,"column":null}},"12":{"start":{"line":76,"column":6},"end":{"line":76,"column":13}},"13":{"start":{"line":79,"column":24},"end":{"line":79,"column":null}},"14":{"start":{"line":79,"column":31},"end":{"line":79,"column":null}},"15":{"start":{"line":86,"column":24},"end":{"line":88,"column":null}},"16":{"start":{"line":87,"column":6},"end":{"line":87,"column":10}},"17":{"start":{"line":90,"column":26},"end":{"line":92,"column":null}},"18":{"start":{"line":91,"column":6},"end":{"line":91,"column":14}},"19":{"start":{"line":94,"column":4},"end":{"line":94,"column":11}}},"fnMap":{"0":{"name":"(anonymous_0)","decl":{"start":{"line":46,"column":15},"end":{"line":46,"column":21}},"loc":{"start":{"line":46,"column":21},"end":{"line":46,"column":null}}},"1":{"name":"(anonymous_1)","decl":{"start":{"line":50,"column":15},"end":{"line":50,"column":21}},"loc":{"start":{"line":50,"column":21},"end":{"line":50,"column":null}}},"2":{"name":"(anonymous_2)","decl":{"start":{"line":53,"column":2},"end":{"line":53,"column":7}},"loc":{"start":{"line":53,"column":25},"end":{"line":105,"column":null}}},"3":{"name":"(anonymous_3)","decl":{"start":{"line":56,"column":32},"end":{"line":56,"column":38}},"loc":{"start":{"line":56,"column":38},"end":{"line":60,"column":null}}},"4":{"name":"(anonymous_4)","decl":{"start":{"line":62,"column":33},"end":{"line":62,"column":39}},"loc":{"start":{"line":62,"column":39},"end":{"line":66,"column":null}}},"5":{"name":"(anonymous_5)","decl":{"start":{"line":68,"column":36},"end":{"line":68,"column":42}},"loc":{"start":{"line":68,"column":42},"end":{"line":73,"column":null}}},"6":{"name":"(anonymous_6)","decl":{"start":{"line":75,"column":19},"end":{"line":75,"column":20}},"loc":{"start":{"line":75,"column":34},"end":{"line":77,"column":null}}},"7":{"name":"(anonymous_7)","decl":{"start":{"line":79,"column":24},"end":{"line":79,"column":26}},"loc":{"start":{"line":79,"column":31},"end":{"line":79,"column":null}}},"8":{"name":"(anonymous_8)","decl":{"start":{"line":86,"column":24},"end":{"line":86,"column":25}},"loc":{"start":{"line":86,"column":39},"end":{"line":88,"column":null}}},"9":{"name":"(anonymous_9)","decl":{"start":{"line":90,"column":26},"end":{"line":90,"column":28}},"loc":{"start":{"line":90,"column":32},"end":{"line":92,"column":null}}}},"branchMap":{"0":{"loc":{"start":{"line":65,"column":43},"end":{"line":65,"column":47}},"type":"cond-expr","locations":[{"start":{"line":65,"column":43},"end":{"line":65,"column":47}},{"start":{"line":65,"column":47},"end":{"line":65,"column":null}}]},"1":{"loc":{"start":{"line":76,"column":39},"end":{"line":76,"column":49}},"type":"cond-expr","locations":[{"start":{"line":76,"column":39},"end":{"line":76,"column":49}},{"start":{"line":76,"column":49},"end":{"line":76,"column":null}}]}},"s":{"0":0,"1":0,"2":0,"3":0,"4":0,"5":0,"6":0,"7":0,"8":0,"9":0,"10":0,"11":0,"12":0,"13":0,"14":0,"15":0,"16":0,"17":0,"18":0,"19":0},"f":{"0":0,"1":0,"2":0,"3":0,"4":0,"5":0,"6":0,"7":0,"8":0,"9":0},"b":{"0":[0,0],"1":[0,0]}}
,"/Users/ferdi/Desktop/Development/loket-admin/src/components/commons/Table/components/TableFilter.vue": {"path":"/Users/ferdi/Desktop/Development/loket-admin/src/components/commons/Table/components/TableFilter.vue","statementMap":{"0":{"start":{"line":19,"column":0},"end":{"line":19,"column":null}},"1":{"start":{"line":20,"column":0},"end":{"line":20,"column":null}},"2":{"start":{"line":22,"column":15},"end":{"line":22,"column":null}},"3":{"start":{"line":32,"column":20},"end":{"line":32,"column":24}},"4":{"start":{"line":33,"column":21},"end":{"line":33,"column":25}},"5":{"start":{"line":34,"column":23},"end":{"line":34,"column":null}},"6":{"start":{"line":36,"column":24},"end":{"line":36,"column":33}},"7":{"start":{"line":37,"column":6},"end":{"line":37,"column":12}},"8":{"start":{"line":43,"column":28},"end":{"line":43,"column":37}},"9":{"start":{"line":44,"column":18},"end":{"line":44,"column":21}},"10":{"start":{"line":46,"column":6},"end":{"line":46,"column":13}},"11":{"start":{"line":49,"column":4},"end":{"line":49,"column":11}}},"fnMap":{"0":{"name":"(anonymous_0)","decl":{"start":{"line":31,"column":2},"end":{"line":31,"column":7}},"loc":{"start":{"line":31,"column":15},"end":{"line":55,"column":null}}},"1":{"name":"(anonymous_1)","decl":{"start":{"line":36,"column":33},"end":{"line":36,"column":39}},"loc":{"start":{"line":36,"column":39},"end":{"line":41,"column":7}}},"2":{"name":"(anonymous_2)","decl":{"start":{"line":43,"column":37},"end":{"line":43,"column":43}},"loc":{"start":{"line":43,"column":43},"end":{"line":47,"column":null}}}},"branchMap":{},"s":{"0":0,"1":0,"2":0,"3":0,"4":0,"5":0,"6":0,"7":0,"8":0,"9":0,"10":0,"11":0},"f":{"0":0,"1":0,"2":0},"b":{}}
,"/Users/ferdi/Desktop/Development/loket-admin/src/components/commons/Table/components/TableHead.vue": {"path":"/Users/ferdi/Desktop/Development/loket-admin/src/components/commons/Table/components/TableHead.vue","statementMap":{"0":{"start":{"line":32,"column":0},"end":{"line":32,"column":null}},"1":{"start":{"line":34,"column":15},"end":{"line":34,"column":null}},"2":{"start":{"line":46,"column":32},"end":{"line":46,"column":null}},"3":{"start":{"line":47,"column":29},"end":{"line":47,"column":35}},"4":{"start":{"line":48,"column":22},"end":{"line":48,"column":null}},"5":{"start":{"line":50,"column":4},"end":{"line":50,"column":null}},"6":{"start":{"line":51,"column":12},"end":{"line":51,"column":null}},"7":{"start":{"line":53,"column":18},"end":{"line":53,"column":24}},"8":{"start":{"line":55,"column":8},"end":{"line":56,"column":13}},"9":{"start":{"line":56,"column":10},"end":{"line":56,"column":13}},"10":{"start":{"line":61,"column":4},"end":{"line":61,"column":11}}},"fnMap":{"0":{"name":"(anonymous_0)","decl":{"start":{"line":38,"column":15},"end":{"line":38,"column":21}},"loc":{"start":{"line":38,"column":21},"end":{"line":38,"column":null}}},"1":{"name":"(anonymous_1)","decl":{"start":{"line":45,"column":2},"end":{"line":45,"column":7}},"loc":{"start":{"line":45,"column":26},"end":{"line":65,"column":null}}},"2":{"name":"(anonymous_2)","decl":{"start":{"line":51,"column":6},"end":{"line":51,"column":12}},"loc":{"start":{"line":51,"column":12},"end":{"line":51,"column":null}}},"3":{"name":"(anonymous_3)","decl":{"start":{"line":52,"column":6},"end":{"line":52,"column":12}},"loc":{"start":{"line":52,"column":12},"end":{"line":58,"column":null}}}},"branchMap":{"0":{"loc":{"start":{"line":55,"column":8},"end":{"line":56,"column":13}},"type":"if","locations":[{"start":{"line":55,"column":8},"end":{"line":56,"column":13}},{"start":{"line":55,"column":8},"end":{"line":56,"column":13}}]},"1":{"loc":{"start":{"line":55,"column":12},"end":{"line":55,"column":55}},"type":"binary-expr","locations":[{"start":{"line":55,"column":12},"end":{"line":55,"column":55}},{"start":{"line":55,"column":55},"end":{"line":55,"column":null}}]}},"s":{"0":0,"1":0,"2":0,"3":0,"4":0,"5":0,"6":0,"7":0,"8":0,"9":0,"10":0},"f":{"0":0,"1":0,"2":0,"3":0},"b":{"0":[0,0],"1":[0,0]}}
,"/Users/ferdi/Desktop/Development/loket-admin/src/components/commons/Table/components/TableSkeleton.vue": {"path":"/Users/ferdi/Desktop/Development/loket-admin/src/components/commons/Table/components/TableSkeleton.vue","statementMap":{"0":{"start":{"line":13,"column":0},"end":{"line":13,"column":null}},"1":{"start":{"line":15,"column":15},"end":{"line":15,"column":null}}},"fnMap":{},"branchMap":{},"s":{"0":0,"1":0},"f":{},"b":{}}
,"/Users/ferdi/Desktop/Development/loket-admin/src/components/commons/Table/hooks/usePagination.js": {"path":"/Users/ferdi/Desktop/Development/loket-admin/src/components/commons/Table/hooks/usePagination.js","statementMap":{"0":{"start":{"line":5,"column":27},"end":{"line":10,"column":1}},"1":{"start":{"line":12,"column":25},"end":{"line":42,"column":1}},"2":{"start":{"line":13,"column":31},"end":{"line":13,"column":35}},"3":{"start":{"line":14,"column":20},"end":{"line":14,"column":21}},"4":{"start":{"line":15,"column":20},"end":{"line":15,"column":25}},"5":{"start":{"line":16,"column":20},"end":{"line":16,"column":21}},"6":{"start":{"line":17,"column":20},"end":{"line":17,"column":31}},"7":{"start":{"line":18,"column":20},"end":{"line":18,"column":21}},"8":{"start":{"line":21,"column":2},"end":{"line":29,"column":3}},"9":{"start":{"line":22,"column":6},"end":{"line":22,"column":16}},"10":{"start":{"line":25,"column":9},"end":{"line":29,"column":3}},"11":{"start":{"line":26,"column":6},"end":{"line":26,"column":49}},"12":{"start":{"line":28,"column":6},"end":{"line":28,"column":52}},"13":{"start":{"line":30,"column":2},"end":{"line":33,"column":38}},"14":{"start":{"line":31,"column":4},"end":{"line":31,"column":27}},"15":{"start":{"line":33,"column":4},"end":{"line":33,"column":38}},"16":{"start":{"line":34,"column":2},"end":{"line":40,"column":3}},"17":{"start":{"line":34,"column":15},"end":{"line":34,"column":20}},"18":{"start":{"line":35,"column":6},"end":{"line":39,"column":7}},"19":{"start":{"line":36,"column":10},"end":{"line":36,"column":25}},"20":{"start":{"line":38,"column":10},"end":{"line":38,"column":25}},"21":{"start":{"line":41,"column":2},"end":{"line":41,"column":16}},"22":{"start":{"line":44,"column":22},"end":{"line":59,"column":1}},"23":{"start":{"line":45,"column":24},"end":{"line":54,"column":4}},"24":{"start":{"line":46,"column":27},"end":{"line":46,"column":39}},"25":{"start":{"line":48,"column":4},"end":{"line":53,"column":5}},"26":{"start":{"line":56,"column":2},"end":{"line":58,"column":3}}},"fnMap":{"0":{"name":"(anonymous_0)","decl":{"start":{"line":12,"column":25},"end":{"line":12,"column":26}},"loc":{"start":{"line":12,"column":33},"end":{"line":42,"column":1}},"line":12},"1":{"name":"(anonymous_1)","decl":{"start":{"line":44,"column":22},"end":{"line":44,"column":23}},"loc":{"start":{"line":44,"column":31},"end":{"line":59,"column":1}},"line":44},"2":{"name":"(anonymous_2)","decl":{"start":{"line":45,"column":33},"end":{"line":45,"column":34}},"loc":{"start":{"line":45,"column":39},"end":{"line":54,"column":3}},"line":45}},"branchMap":{"0":{"loc":{"start":{"line":21,"column":2},"end":{"line":29,"column":3}},"type":"if","locations":[{"start":{"line":21,"column":2},"end":{"line":29,"column":3}},{"start":{"line":21,"column":2},"end":{"line":29,"column":3}}],"line":21},"1":{"loc":{"start":{"line":25,"column":9},"end":{"line":29,"column":3}},"type":"if","locations":[{"start":{"line":25,"column":9},"end":{"line":29,"column":3}},{"start":{"line":25,"column":9},"end":{"line":29,"column":3}}],"line":25},"2":{"loc":{"start":{"line":30,"column":2},"end":{"line":33,"column":38}},"type":"if","locations":[{"start":{"line":30,"column":2},"end":{"line":33,"column":38}},{"start":{"line":30,"column":2},"end":{"line":33,"column":38}}],"line":30},"3":{"loc":{"start":{"line":35,"column":6},"end":{"line":39,"column":7}},"type":"if","locations":[{"start":{"line":35,"column":6},"end":{"line":39,"column":7}},{"start":{"line":35,"column":6},"end":{"line":39,"column":7}}],"line":35}},"s":{"0":0,"1":0,"2":0,"3":0,"4":0,"5":0,"6":0,"7":0,"8":0,"9":0,"10":0,"11":0,"12":0,"13":0,"14":0,"15":0,"16":0,"17":0,"18":0,"19":0,"20":0,"21":0,"22":0,"23":0,"24":0,"25":0,"26":0},"f":{"0":0,"1":0,"2":0},"b":{"0":[0,0],"1":[0,0],"2":[0,0],"3":[0,0]},"hash":"5f27f5bbb9a077a81b1342cb03bf4a2c67f8e702"}
,"/Users/ferdi/Desktop/Development/loket-admin/src/components/commons/TextField/TextField.vue": {"path":"/Users/ferdi/Desktop/Development/loket-admin/src/components/commons/TextField/TextField.vue","statementMap":{"0":{"start":{"line":5,"column":15},"end":{"line":5,"column":null}},"1":{"start":{"line":26,"column":22},"end":{"line":26,"column":23}},"2":{"start":{"line":28,"column":6},"end":{"line":29,"column":47}},"3":{"start":{"line":28,"column":33},"end":{"line":28,"column":42}},"4":{"start":{"line":29,"column":11},"end":{"line":29,"column":47}},"5":{"start":{"line":29,"column":38},"end":{"line":29,"column":47}},"6":{"start":{"line":31,"column":6},"end":{"line":31,"column":13}}},"fnMap":{"0":{"name":"(anonymous_0)","decl":{"start":{"line":25,"column":4},"end":{"line":25,"column":13}},"loc":{"start":{"line":25,"column":16},"end":{"line":32,"column":null}}}},"branchMap":{"0":{"loc":{"start":{"line":28,"column":6},"end":{"line":29,"column":47}},"type":"if","locations":[{"start":{"line":28,"column":6},"end":{"line":29,"column":47}},{"start":{"line":28,"column":6},"end":{"line":29,"column":47}}]},"1":{"loc":{"start":{"line":29,"column":11},"end":{"line":29,"column":47}},"type":"if","locations":[{"start":{"line":29,"column":11},"end":{"line":29,"column":47}},{"start":{"line":29,"column":11},"end":{"line":29,"column":47}}]}},"s":{"0":0,"1":0,"2":0,"3":0,"4":0,"5":0,"6":0},"f":{"0":0},"b":{"0":[0,0],"1":[0,0]}}
,"/Users/ferdi/Desktop/Development/loket-admin/src/components/commons/TextField/index.js": {"path":"/Users/ferdi/Desktop/Development/loket-admin/src/components/commons/TextField/index.js","statementMap":{},"fnMap":{},"branchMap":{},"s":{},"f":{},"b":{},"hash":"c507bc5f9342bb4cac360f451be87d4cf5a52394"}
,"/Users/ferdi/Desktop/Development/loket-admin/src/components/fragments/@Base/Content/Content.vue": {"path":"/Users/ferdi/Desktop/Development/loket-admin/src/components/fragments/@Base/Content/Content.vue","statementMap":{"0":{"start":{"line":21,"column":0},"end":{"line":21,"column":null}},"1":{"start":{"line":22,"column":0},"end":{"line":22,"column":null}},"2":{"start":{"line":23,"column":0},"end":{"line":23,"column":null}},"3":{"start":{"line":24,"column":0},"end":{"line":24,"column":null}},"4":{"start":{"line":25,"column":0},"end":{"line":25,"column":null}},"5":{"start":{"line":27,"column":15},"end":{"line":27,"column":null}},"6":{"start":{"line":34,"column":18},"end":{"line":34,"column":null}},"7":{"start":{"line":35,"column":22},"end":{"line":35,"column":31}},"8":{"start":{"line":37,"column":25},"end":{"line":37,"column":34}},"9":{"start":{"line":38,"column":6},"end":{"line":38,"column":13}},"10":{"start":{"line":41,"column":27},"end":{"line":41,"column":36}},"11":{"start":{"line":42,"column":6},"end":{"line":42,"column":13}},"12":{"start":{"line":45,"column":24},"end":{"line":45,"column":33}},"13":{"start":{"line":46,"column":6},"end":{"line":46,"column":13}},"14":{"start":{"line":49,"column":4},"end":{"line":49,"column":11}}},"fnMap":{"0":{"name":"(anonymous_0)","decl":{"start":{"line":33,"column":2},"end":{"line":33,"column":7}},"loc":{"start":{"line":33,"column":10},"end":{"line":55,"column":null}}},"1":{"name":"(anonymous_1)","decl":{"start":{"line":37,"column":34},"end":{"line":37,"column":40}},"loc":{"start":{"line":37,"column":40},"end":{"line":39,"column":null}}},"2":{"name":"(anonymous_2)","decl":{"start":{"line":41,"column":36},"end":{"line":41,"column":42}},"loc":{"start":{"line":41,"column":42},"end":{"line":43,"column":null}}},"3":{"name":"(anonymous_3)","decl":{"start":{"line":45,"column":33},"end":{"line":45,"column":39}},"loc":{"start":{"line":45,"column":39},"end":{"line":47,"column":null}}}},"branchMap":{},"s":{"0":0,"1":0,"2":0,"3":0,"4":0,"5":0,"6":0,"7":0,"8":0,"9":0,"10":0,"11":0,"12":0,"13":0,"14":0},"f":{"0":0,"1":0,"2":0,"3":0},"b":{}}
,"/Users/ferdi/Desktop/Development/loket-admin/src/components/fragments/@Base/Content/index.js": {"path":"/Users/ferdi/Desktop/Development/loket-admin/src/components/fragments/@Base/Content/index.js","statementMap":{},"fnMap":{},"branchMap":{},"s":{},"f":{},"b":{},"hash":"3b44e3df003a1691ab12f4a4bb54f9e55dd6f42a"}
,"/Users/ferdi/Desktop/Development/loket-admin/src/components/fragments/@Base/Header/Header.vue": {"path":"/Users/ferdi/Desktop/Development/loket-admin/src/components/fragments/@Base/Header/Header.vue","statementMap":{"0":{"start":{"line":11,"column":0},"end":{"line":11,"column":null}},"1":{"start":{"line":12,"column":0},"end":{"line":12,"column":null}},"2":{"start":{"line":14,"column":15},"end":{"line":14,"column":null}}},"fnMap":{},"branchMap":{},"s":{"0":0,"1":0,"2":0},"f":{},"b":{}}
,"/Users/ferdi/Desktop/Development/loket-admin/src/components/fragments/@Base/Header/SearchForm.vue": {"path":"/Users/ferdi/Desktop/Development/loket-admin/src/components/fragments/@Base/Header/SearchForm.vue","statementMap":{"0":{"start":{"line":11,"column":0},"end":{"line":11,"column":null}},"1":{"start":{"line":13,"column":15},"end":{"line":13,"column":null}}},"fnMap":{},"branchMap":{},"s":{"0":0,"1":0},"f":{},"b":{}}
,"/Users/ferdi/Desktop/Development/loket-admin/src/components/fragments/@Base/Header/index.js": {"path":"/Users/ferdi/Desktop/Development/loket-admin/src/components/fragments/@Base/Header/index.js","statementMap":{},"fnMap":{},"branchMap":{},"s":{},"f":{},"b":{},"hash":"998516d2ee79133366ae60c76b9c0c24b1d4f668"}
,"/Users/ferdi/Desktop/Development/loket-admin/src/components/fragments/@Base/Sidebar/MenuItem.vue": {"path":"/Users/ferdi/Desktop/Development/loket-admin/src/components/fragments/@Base/Sidebar/MenuItem.vue","statementMap":{"0":{"start":{"line":15,"column":0},"end":{"line":15,"column":null}},"1":{"start":{"line":16,"column":0},"end":{"line":16,"column":null}},"2":{"start":{"line":17,"column":0},"end":{"line":17,"column":null}},"3":{"start":{"line":19,"column":15},"end":{"line":19,"column":null}},"4":{"start":{"line":32,"column":19},"end":{"line":32,"column":null}},"5":{"start":{"line":33,"column":21},"end":{"line":33,"column":25}},"6":{"start":{"line":35,"column":23},"end":{"line":35,"column":32}},"7":{"start":{"line":36,"column":6},"end":{"line":36,"column":13}},"8":{"start":{"line":39,"column":28},"end":{"line":39,"column":37}},"9":{"start":{"line":40,"column":6},"end":{"line":40,"column":13}},"10":{"start":{"line":43,"column":4},"end":{"line":43,"column":14}},"11":{"start":{"line":47,"column":4},"end":{"line":47,"column":11}}},"fnMap":{"0":{"name":"(anonymous_0)","decl":{"start":{"line":31,"column":2},"end":{"line":31,"column":7}},"loc":{"start":{"line":31,"column":15},"end":{"line":52,"column":null}}},"1":{"name":"(anonymous_1)","decl":{"start":{"line":35,"column":32},"end":{"line":35,"column":38}},"loc":{"start":{"line":35,"column":38},"end":{"line":37,"column":null}}},"2":{"name":"(anonymous_2)","decl":{"start":{"line":39,"column":37},"end":{"line":39,"column":43}},"loc":{"start":{"line":39,"column":43},"end":{"line":41,"column":null}}},"3":{"name":"(anonymous_3)","decl":{"start":{"line":43,"column":14},"end":{"line":43,"column":20}},"loc":{"start":{"line":43,"column":20},"end":{"line":45,"column":null}}}},"branchMap":{},"s":{"0":0,"1":0,"2":0,"3":0,"4":0,"5":0,"6":0,"7":0,"8":0,"9":0,"10":0,"11":0},"f":{"0":0,"1":0,"2":0,"3":0},"b":{}}
,"/Users/ferdi/Desktop/Development/loket-admin/src/components/fragments/@Base/Sidebar/MenuList.vue": {"path":"/Users/ferdi/Desktop/Development/loket-admin/src/components/fragments/@Base/Sidebar/MenuList.vue","statementMap":{"0":{"start":{"line":12,"column":0},"end":{"line":12,"column":null}},"1":{"start":{"line":13,"column":0},"end":{"line":13,"column":null}},"2":{"start":{"line":14,"column":0},"end":{"line":14,"column":null}},"3":{"start":{"line":16,"column":15},"end":{"line":16,"column":null}},"4":{"start":{"line":23,"column":21},"end":{"line":23,"column":null}},"5":{"start":{"line":27,"column":19},"end":{"line":27,"column":null}},"6":{"start":{"line":28,"column":26},"end":{"line":28,"column":30}},"7":{"start":{"line":29,"column":26},"end":{"line":29,"column":30}},"8":{"start":{"line":31,"column":23},"end":{"line":31,"column":32}},"9":{"start":{"line":32,"column":6},"end":{"line":32,"column":13}},"10":{"start":{"line":35,"column":25},"end":{"line":35,"column":34}},"11":{"start":{"line":36,"column":6},"end":{"line":36,"column":13}},"12":{"start":{"line":37,"column":8},"end":{"line":37,"column":15}},"13":{"start":{"line":37,"column":39},"end":{"line":37,"column":41}},"14":{"start":{"line":41,"column":32},"end":{"line":43,"column":null}},"15":{"start":{"line":42,"column":6},"end":{"line":42,"column":19}},"16":{"start":{"line":45,"column":32},"end":{"line":49,"column":null}},"17":{"start":{"line":46,"column":6},"end":{"line":46,"column":19}},"18":{"start":{"line":51,"column":4},"end":{"line":51,"column":11}}},"fnMap":{"0":{"name":"(anonymous_0)","decl":{"start":{"line":23,"column":15},"end":{"line":23,"column":21}},"loc":{"start":{"line":23,"column":21},"end":{"line":23,"column":null}}},"1":{"name":"(anonymous_1)","decl":{"start":{"line":26,"column":2},"end":{"line":26,"column":7}},"loc":{"start":{"line":26,"column":15},"end":{"line":59,"column":null}}},"2":{"name":"(anonymous_2)","decl":{"start":{"line":31,"column":32},"end":{"line":31,"column":38}},"loc":{"start":{"line":31,"column":38},"end":{"line":33,"column":null}}},"3":{"name":"(anonymous_3)","decl":{"start":{"line":35,"column":34},"end":{"line":35,"column":40}},"loc":{"start":{"line":35,"column":40},"end":{"line":39,"column":null}}},"4":{"name":"(anonymous_4)","decl":{"start":{"line":36,"column":28},"end":{"line":36,"column":32}},"loc":{"start":{"line":36,"column":36},"end":{"line":38,"column":null}}},"5":{"name":"(anonymous_5)","decl":{"start":{"line":37,"column":30},"end":{"line":37,"column":34}},"loc":{"start":{"line":37,"column":39},"end":{"line":37,"column":41}}},"6":{"name":"(anonymous_6)","decl":{"start":{"line":41,"column":32},"end":{"line":41,"column":34}},"loc":{"start":{"line":41,"column":38},"end":{"line":43,"column":null}}},"7":{"name":"(anonymous_7)","decl":{"start":{"line":45,"column":32},"end":{"line":45,"column":44}},"loc":{"start":{"line":45,"column":44},"end":{"line":49,"column":null}}}},"branchMap":{},"s":{"0":0,"1":0,"2":0,"3":0,"4":0,"5":0,"6":0,"7":0,"8":0,"9":0,"10":0,"11":0,"12":0,"13":0,"14":0,"15":0,"16":0,"17":0,"18":0},"f":{"0":0,"1":0,"2":0,"3":0,"4":0,"5":0,"6":0,"7":0},"b":{}}
,"/Users/ferdi/Desktop/Development/loket-admin/src/components/fragments/@Base/Sidebar/Sidebar.vue": {"path":"/Users/ferdi/Desktop/Development/loket-admin/src/components/fragments/@Base/Sidebar/Sidebar.vue","statementMap":{"0":{"start":{"line":11,"column":0},"end":{"line":11,"column":null}},"1":{"start":{"line":12,"column":0},"end":{"line":12,"column":null}},"2":{"start":{"line":13,"column":0},"end":{"line":13,"column":null}},"3":{"start":{"line":14,"column":0},"end":{"line":14,"column":null}},"4":{"start":{"line":15,"column":0},"end":{"line":15,"column":null}},"5":{"start":{"line":17,"column":15},"end":{"line":17,"column":null}},"6":{"start":{"line":24,"column":16},"end":{"line":24,"column":20}},"7":{"start":{"line":26,"column":4},"end":{"line":26,"column":11}}},"fnMap":{"0":{"name":"(anonymous_0)","decl":{"start":{"line":23,"column":2},"end":{"line":23,"column":7}},"loc":{"start":{"line":23,"column":10},"end":{"line":29,"column":null}}}},"branchMap":{},"s":{"0":0,"1":0,"2":0,"3":0,"4":0,"5":0,"6":0,"7":0},"f":{"0":0},"b":{}}
,"/Users/ferdi/Desktop/Development/loket-admin/src/components/fragments/@Base/Sidebar/SubMenu.vue": {"path":"/Users/ferdi/Desktop/Development/loket-admin/src/components/fragments/@Base/Sidebar/SubMenu.vue","statementMap":{"0":{"start":{"line":22,"column":0},"end":{"line":22,"column":null}},"1":{"start":{"line":23,"column":0},"end":{"line":23,"column":null}},"2":{"start":{"line":25,"column":15},"end":{"line":25,"column":null}},"3":{"start":{"line":32,"column":19},"end":{"line":32,"column":null}},"4":{"start":{"line":33,"column":23},"end":{"line":33,"column":null}},"5":{"start":{"line":35,"column":23},"end":{"line":35,"column":32}},"6":{"start":{"line":36,"column":6},"end":{"line":36,"column":13}},"7":{"start":{"line":39,"column":26},"end":{"line":39,"column":35}},"8":{"start":{"line":40,"column":6},"end":{"line":40,"column":13}},"9":{"start":{"line":43,"column":27},"end":{"line":45,"column":null}},"10":{"start":{"line":44,"column":6},"end":{"line":44,"column":12}},"11":{"start":{"line":47,"column":4},"end":{"line":47,"column":14}},"12":{"start":{"line":48,"column":6},"end":{"line":48,"column":12}},"13":{"start":{"line":51,"column":4},"end":{"line":51,"column":11}}},"fnMap":{"0":{"name":"(anonymous_0)","decl":{"start":{"line":31,"column":2},"end":{"line":31,"column":7}},"loc":{"start":{"line":31,"column":15},"end":{"line":56,"column":null}}},"1":{"name":"(anonymous_1)","decl":{"start":{"line":35,"column":32},"end":{"line":35,"column":38}},"loc":{"start":{"line":35,"column":38},"end":{"line":37,"column":null}}},"2":{"name":"(anonymous_2)","decl":{"start":{"line":39,"column":35},"end":{"line":39,"column":41}},"loc":{"start":{"line":39,"column":41},"end":{"line":41,"column":null}}},"3":{"name":"(anonymous_3)","decl":{"start":{"line":43,"column":27},"end":{"line":43,"column":33}},"loc":{"start":{"line":43,"column":33},"end":{"line":45,"column":null}}},"4":{"name":"(anonymous_4)","decl":{"start":{"line":47,"column":14},"end":{"line":47,"column":20}},"loc":{"start":{"line":47,"column":20},"end":{"line":49,"column":null}}}},"branchMap":{},"s":{"0":0,"1":0,"2":0,"3":0,"4":0,"5":0,"6":0,"7":0,"8":0,"9":0,"10":0,"11":0,"12":0,"13":0},"f":{"0":0,"1":0,"2":0,"3":0,"4":0},"b":{}}
,"/Users/ferdi/Desktop/Development/loket-admin/src/components/fragments/@Base/Sidebar/index.js": {"path":"/Users/ferdi/Desktop/Development/loket-admin/src/components/fragments/@Base/Sidebar/index.js","statementMap":{},"fnMap":{},"branchMap":{},"s":{},"f":{},"b":{},"hash":"63006abee6951915d8608b2b16f5ae29a84fe815"}
,"/Users/ferdi/Desktop/Development/loket-admin/src/components/fragments/Announcement/ActionButton.vue": {"path":"/Users/ferdi/Desktop/Development/loket-admin/src/components/fragments/Announcement/ActionButton.vue","statementMap":{"0":{"start":{"line":26,"column":0},"end":{"line":26,"column":null}},"1":{"start":{"line":28,"column":15},"end":{"line":28,"column":null}},"2":{"start":{"line":39,"column":24},"end":{"line":41,"column":null}},"3":{"start":{"line":40,"column":6},"end":{"line":40,"column":13}},"4":{"start":{"line":43,"column":4},"end":{"line":43,"column":11}}},"fnMap":{"0":{"name":"(anonymous_0)","decl":{"start":{"line":35,"column":15},"end":{"line":35,"column":21}},"loc":{"start":{"line":35,"column":21},"end":{"line":35,"column":null}}},"1":{"name":"(anonymous_1)","decl":{"start":{"line":38,"column":2},"end":{"line":38,"column":7}},"loc":{"start":{"line":38,"column":10},"end":{"line":46,"column":null}}},"2":{"name":"(anonymous_2)","decl":{"start":{"line":39,"column":24},"end":{"line":39,"column":28}},"loc":{"start":{"line":39,"column":32},"end":{"line":41,"column":null}}}},"branchMap":{},"s":{"0":0,"1":0,"2":0,"3":0,"4":0},"f":{"0":0,"1":0,"2":0},"b":{}}
,"/Users/ferdi/Desktop/Development/loket-admin/src/components/fragments/Announcement/Header.vue": {"path":"/Users/ferdi/Desktop/Development/loket-admin/src/components/fragments/Announcement/Header.vue","statementMap":{"0":{"start":{"line":17,"column":0},"end":{"line":17,"column":null}},"1":{"start":{"line":18,"column":0},"end":{"line":18,"column":null}},"2":{"start":{"line":20,"column":15},"end":{"line":20,"column":null}},"3":{"start":{"line":25,"column":19},"end":{"line":25,"column":null}},"4":{"start":{"line":27,"column":31},"end":{"line":29,"column":null}},"5":{"start":{"line":28,"column":6},"end":{"line":28,"column":12}},"6":{"start":{"line":31,"column":4},"end":{"line":31,"column":11}}},"fnMap":{"0":{"name":"(anonymous_0)","decl":{"start":{"line":24,"column":2},"end":{"line":24,"column":7}},"loc":{"start":{"line":24,"column":10},"end":{"line":34,"column":null}}},"1":{"name":"(anonymous_1)","decl":{"start":{"line":27,"column":31},"end":{"line":27,"column":37}},"loc":{"start":{"line":27,"column":37},"end":{"line":29,"column":null}}}},"branchMap":{},"s":{"0":0,"1":0,"2":0,"3":0,"4":0,"5":0,"6":0},"f":{"0":0,"1":0},"b":{}}
,"/Users/ferdi/Desktop/Development/loket-admin/src/components/fragments/Announcement/List.vue": {"path":"/Users/ferdi/Desktop/Development/loket-admin/src/components/fragments/Announcement/List.vue","statementMap":{"0":{"start":{"line":31,"column":0},"end":{"line":31,"column":null}},"1":{"start":{"line":32,"column":0},"end":{"line":32,"column":null}},"2":{"start":{"line":33,"column":0},"end":{"line":33,"column":null}},"3":{"start":{"line":34,"column":0},"end":{"line":34,"column":null}},"4":{"start":{"line":35,"column":0},"end":{"line":35,"column":null}},"5":{"start":{"line":37,"column":15},"end":{"line":37,"column":null}},"6":{"start":{"line":44,"column":18},"end":{"line":44,"column":null}},"7":{"start":{"line":46,"column":19},"end":{"line":46,"column":23}},"8":{"start":{"line":64,"column":28},"end":{"line":66,"column":null}},"9":{"start":{"line":65,"column":6},"end":{"line":65,"column":11}},"10":{"start":{"line":68,"column":25},"end":{"line":68,"column":34}},"11":{"start":{"line":69,"column":6},"end":{"line":69,"column":11}},"12":{"start":{"line":72,"column":27},"end":{"line":72,"column":36}},"13":{"start":{"line":73,"column":6},"end":{"line":73,"column":11}},"14":{"start":{"line":76,"column":23},"end":{"line":76,"column":32}},"15":{"start":{"line":77,"column":6},"end":{"line":77,"column":11}},"16":{"start":{"line":80,"column":25},"end":{"line":82,"column":null}},"17":{"start":{"line":81,"column":6},"end":{"line":81,"column":13}},"18":{"start":{"line":84,"column":28},"end":{"line":86,"column":null}},"19":{"start":{"line":88,"column":4},"end":{"line":88,"column":14}},"20":{"start":{"line":89,"column":6},"end":{"line":89,"column":null}},"21":{"start":{"line":92,"column":4},"end":{"line":92,"column":11}}},"fnMap":{"0":{"name":"(anonymous_0)","decl":{"start":{"line":43,"column":2},"end":{"line":43,"column":7}},"loc":{"start":{"line":43,"column":10},"end":{"line":100,"column":null}}},"1":{"name":"(anonymous_1)","decl":{"start":{"line":64,"column":28},"end":{"line":64,"column":34}},"loc":{"start":{"line":64,"column":34},"end":{"line":66,"column":null}}},"2":{"name":"(anonymous_2)","decl":{"start":{"line":68,"column":34},"end":{"line":68,"column":null}},"loc":{"start":{"line":69,"column":6},"end":{"line":69,"column":11}}},"3":{"name":"(anonymous_3)","decl":{"start":{"line":72,"column":36},"end":{"line":72,"column":null}},"loc":{"start":{"line":73,"column":6},"end":{"line":73,"column":11}}},"4":{"name":"(anonymous_4)","decl":{"start":{"line":76,"column":32},"end":{"line":76,"column":null}},"loc":{"start":{"line":77,"column":6},"end":{"line":77,"column":11}}},"5":{"name":"(anonymous_5)","decl":{"start":{"line":80,"column":25},"end":{"line":80,"column":29}},"loc":{"start":{"line":80,"column":33},"end":{"line":82,"column":null}}},"6":{"name":"(anonymous_6)","decl":{"start":{"line":84,"column":28},"end":{"line":84,"column":34}},"loc":{"start":{"line":84,"column":34},"end":{"line":86,"column":null}}},"7":{"name":"(anonymous_7)","decl":{"start":{"line":88,"column":14},"end":{"line":88,"column":20}},"loc":{"start":{"line":88,"column":20},"end":{"line":90,"column":null}}}},"branchMap":{},"s":{"0":0,"1":0,"2":0,"3":0,"4":0,"5":0,"6":0,"7":0,"8":0,"9":0,"10":0,"11":0,"12":0,"13":0,"14":0,"15":0,"16":0,"17":0,"18":0,"19":0,"20":0,"21":0},"f":{"0":0,"1":0,"2":0,"3":0,"4":0,"5":0,"6":0,"7":0},"b":{}}
,"/Users/ferdi/Desktop/Development/loket-admin/src/components/fragments/Announcement/Status.vue": {"path":"/Users/ferdi/Desktop/Development/loket-admin/src/components/fragments/Announcement/Status.vue","statementMap":{"0":{"start":{"line":29,"column":0},"end":{"line":29,"column":null}},"1":{"start":{"line":31,"column":15},"end":{"line":31,"column":null}}},"fnMap":{"0":{"name":"(anonymous_0)","decl":{"start":{"line":38,"column":15},"end":{"line":38,"column":21}},"loc":{"start":{"line":38,"column":21},"end":{"line":38,"column":null}}}},"branchMap":{},"s":{"0":0,"1":0},"f":{"0":0},"b":{}}
,"/Users/ferdi/Desktop/Development/loket-admin/src/components/fragments/BlacklistEvent/Header.vue": {"path":"/Users/ferdi/Desktop/Development/loket-admin/src/components/fragments/BlacklistEvent/Header.vue","statementMap":{"0":{"start":{"line":11,"column":15},"end":{"line":11,"column":null}}},"fnMap":{},"branchMap":{},"s":{"0":0},"f":{},"b":{}}
,"/Users/ferdi/Desktop/Development/loket-admin/src/components/fragments/BlacklistEvent/List.vue": {"path":"/Users/ferdi/Desktop/Development/loket-admin/src/components/fragments/BlacklistEvent/List.vue","statementMap":{"0":{"start":{"line":33,"column":0},"end":{"line":33,"column":null}},"1":{"start":{"line":34,"column":0},"end":{"line":34,"column":null}},"2":{"start":{"line":35,"column":0},"end":{"line":35,"column":null}},"3":{"start":{"line":36,"column":0},"end":{"line":36,"column":null}},"4":{"start":{"line":37,"column":0},"end":{"line":37,"column":null}},"5":{"start":{"line":39,"column":15},"end":{"line":39,"column":null}},"6":{"start":{"line":45,"column":18},"end":{"line":45,"column":null}},"7":{"start":{"line":47,"column":19},"end":{"line":47,"column":23}},"8":{"start":{"line":69,"column":25},"end":{"line":69,"column":34}},"9":{"start":{"line":70,"column":6},"end":{"line":70,"column":13}},"10":{"start":{"line":73,"column":23},"end":{"line":73,"column":32}},"11":{"start":{"line":74,"column":6},"end":{"line":74,"column":13}},"12":{"start":{"line":77,"column":4},"end":{"line":77,"column":11}}},"fnMap":{"0":{"name":"(anonymous_0)","decl":{"start":{"line":44,"column":2},"end":{"line":44,"column":7}},"loc":{"start":{"line":44,"column":10},"end":{"line":82,"column":null}}},"1":{"name":"(anonymous_1)","decl":{"start":{"line":69,"column":34},"end":{"line":69,"column":40}},"loc":{"start":{"line":69,"column":40},"end":{"line":71,"column":null}}},"2":{"name":"(anonymous_2)","decl":{"start":{"line":73,"column":32},"end":{"line":73,"column":38}},"loc":{"start":{"line":73,"column":38},"end":{"line":75,"column":null}}}},"branchMap":{},"s":{"0":0,"1":0,"2":0,"3":0,"4":0,"5":0,"6":0,"7":0,"8":0,"9":0,"10":0,"11":0,"12":0},"f":{"0":0,"1":0,"2":0},"b":{}}
,"/Users/ferdi/Desktop/Development/loket-admin/src/components/fragments/BlacklistWord/Header.vue": {"path":"/Users/ferdi/Desktop/Development/loket-admin/src/components/fragments/BlacklistWord/Header.vue","statementMap":{"0":{"start":{"line":17,"column":0},"end":{"line":17,"column":null}},"1":{"start":{"line":18,"column":0},"end":{"line":18,"column":null}},"2":{"start":{"line":20,"column":15},"end":{"line":20,"column":null}},"3":{"start":{"line":25,"column":19},"end":{"line":25,"column":null}},"4":{"start":{"line":27,"column":29},"end":{"line":29,"column":null}},"5":{"start":{"line":28,"column":6},"end":{"line":28,"column":12}},"6":{"start":{"line":31,"column":4},"end":{"line":31,"column":11}}},"fnMap":{"0":{"name":"(anonymous_0)","decl":{"start":{"line":24,"column":2},"end":{"line":24,"column":7}},"loc":{"start":{"line":24,"column":10},"end":{"line":34,"column":null}}},"1":{"name":"(anonymous_1)","decl":{"start":{"line":27,"column":29},"end":{"line":27,"column":35}},"loc":{"start":{"line":27,"column":35},"end":{"line":29,"column":null}}}},"branchMap":{},"s":{"0":0,"1":0,"2":0,"3":0,"4":0,"5":0,"6":0},"f":{"0":0,"1":0},"b":{}}
,"/Users/ferdi/Desktop/Development/loket-admin/src/components/fragments/BlacklistWord/List.vue": {"path":"/Users/ferdi/Desktop/Development/loket-admin/src/components/fragments/BlacklistWord/List.vue","statementMap":{"0":{"start":{"line":32,"column":0},"end":{"line":32,"column":null}},"1":{"start":{"line":33,"column":0},"end":{"line":33,"column":null}},"2":{"start":{"line":34,"column":0},"end":{"line":34,"column":null}},"3":{"start":{"line":35,"column":0},"end":{"line":35,"column":null}},"4":{"start":{"line":36,"column":0},"end":{"line":36,"column":null}},"5":{"start":{"line":37,"column":0},"end":{"line":37,"column":null}},"6":{"start":{"line":39,"column":15},"end":{"line":39,"column":null}},"7":{"start":{"line":46,"column":18},"end":{"line":46,"column":null}},"8":{"start":{"line":48,"column":19},"end":{"line":48,"column":23}},"9":{"start":{"line":71,"column":25},"end":{"line":71,"column":34}},"10":{"start":{"line":72,"column":6},"end":{"line":72,"column":13}},"11":{"start":{"line":75,"column":23},"end":{"line":75,"column":32}},"12":{"start":{"line":76,"column":6},"end":{"line":76,"column":13}},"13":{"start":{"line":79,"column":4},"end":{"line":79,"column":11}}},"fnMap":{"0":{"name":"(anonymous_0)","decl":{"start":{"line":45,"column":2},"end":{"line":45,"column":7}},"loc":{"start":{"line":45,"column":10},"end":{"line":84,"column":null}}},"1":{"name":"(anonymous_1)","decl":{"start":{"line":71,"column":34},"end":{"line":71,"column":40}},"loc":{"start":{"line":71,"column":40},"end":{"line":73,"column":null}}},"2":{"name":"(anonymous_2)","decl":{"start":{"line":75,"column":32},"end":{"line":75,"column":38}},"loc":{"start":{"line":75,"column":38},"end":{"line":77,"column":null}}}},"branchMap":{},"s":{"0":0,"1":0,"2":0,"3":0,"4":0,"5":0,"6":0,"7":0,"8":0,"9":0,"10":0,"11":0,"12":0,"13":0},"f":{"0":0,"1":0,"2":0},"b":{}}
,"/Users/ferdi/Desktop/Development/loket-admin/src/components/fragments/Discount/ActionButton.vue": {"path":"/Users/ferdi/Desktop/Development/loket-admin/src/components/fragments/Discount/ActionButton.vue","statementMap":{"0":{"start":{"line":16,"column":0},"end":{"line":16,"column":null}},"1":{"start":{"line":18,"column":15},"end":{"line":18,"column":null}},"2":{"start":{"line":29,"column":24},"end":{"line":31,"column":null}},"3":{"start":{"line":30,"column":6},"end":{"line":30,"column":13}},"4":{"start":{"line":33,"column":4},"end":{"line":33,"column":11}}},"fnMap":{"0":{"name":"(anonymous_0)","decl":{"start":{"line":25,"column":15},"end":{"line":25,"column":21}},"loc":{"start":{"line":25,"column":21},"end":{"line":25,"column":null}}},"1":{"name":"(anonymous_1)","decl":{"start":{"line":28,"column":2},"end":{"line":28,"column":7}},"loc":{"start":{"line":28,"column":10},"end":{"line":36,"column":null}}},"2":{"name":"(anonymous_2)","decl":{"start":{"line":29,"column":24},"end":{"line":29,"column":28}},"loc":{"start":{"line":29,"column":32},"end":{"line":31,"column":null}}}},"branchMap":{},"s":{"0":0,"1":0,"2":0,"3":0,"4":0},"f":{"0":0,"1":0,"2":0},"b":{}}
,"/Users/ferdi/Desktop/Development/loket-admin/src/components/fragments/Discount/Header.vue": {"path":"/Users/ferdi/Desktop/Development/loket-admin/src/components/fragments/Discount/Header.vue","statementMap":{"0":{"start":{"line":17,"column":0},"end":{"line":17,"column":null}},"1":{"start":{"line":18,"column":0},"end":{"line":18,"column":null}},"2":{"start":{"line":20,"column":15},"end":{"line":20,"column":null}},"3":{"start":{"line":25,"column":19},"end":{"line":25,"column":null}},"4":{"start":{"line":27,"column":24},"end":{"line":29,"column":null}},"5":{"start":{"line":28,"column":6},"end":{"line":28,"column":12}},"6":{"start":{"line":31,"column":4},"end":{"line":31,"column":11}}},"fnMap":{"0":{"name":"(anonymous_0)","decl":{"start":{"line":24,"column":2},"end":{"line":24,"column":7}},"loc":{"start":{"line":24,"column":10},"end":{"line":34,"column":null}}},"1":{"name":"(anonymous_1)","decl":{"start":{"line":27,"column":24},"end":{"line":27,"column":30}},"loc":{"start":{"line":27,"column":30},"end":{"line":29,"column":null}}}},"branchMap":{},"s":{"0":0,"1":0,"2":0,"3":0,"4":0,"5":0,"6":0},"f":{"0":0,"1":0},"b":{}}
,"/Users/ferdi/Desktop/Development/loket-admin/src/components/fragments/Discount/List.vue": {"path":"/Users/ferdi/Desktop/Development/loket-admin/src/components/fragments/Discount/List.vue","statementMap":{"0":{"start":{"line":45,"column":0},"end":{"line":45,"column":null}},"1":{"start":{"line":46,"column":0},"end":{"line":46,"column":null}},"2":{"start":{"line":47,"column":0},"end":{"line":47,"column":null}},"3":{"start":{"line":48,"column":0},"end":{"line":48,"column":null}},"4":{"start":{"line":49,"column":0},"end":{"line":49,"column":null}},"5":{"start":{"line":51,"column":15},"end":{"line":51,"column":null}},"6":{"start":{"line":57,"column":18},"end":{"line":57,"column":null}},"7":{"start":{"line":59,"column":19},"end":{"line":59,"column":23}},"8":{"start":{"line":89,"column":25},"end":{"line":89,"column":34}},"9":{"start":{"line":90,"column":6},"end":{"line":90,"column":13}},"10":{"start":{"line":93,"column":23},"end":{"line":93,"column":32}},"11":{"start":{"line":94,"column":6},"end":{"line":94,"column":13}},"12":{"start":{"line":97,"column":4},"end":{"line":97,"column":11}}},"fnMap":{"0":{"name":"(anonymous_0)","decl":{"start":{"line":56,"column":2},"end":{"line":56,"column":7}},"loc":{"start":{"line":56,"column":10},"end":{"line":102,"column":null}}},"1":{"name":"(anonymous_1)","decl":{"start":{"line":89,"column":34},"end":{"line":89,"column":40}},"loc":{"start":{"line":89,"column":40},"end":{"line":91,"column":null}}},"2":{"name":"(anonymous_2)","decl":{"start":{"line":93,"column":32},"end":{"line":93,"column":38}},"loc":{"start":{"line":93,"column":38},"end":{"line":95,"column":null}}}},"branchMap":{},"s":{"0":0,"1":0,"2":0,"3":0,"4":0,"5":0,"6":0,"7":0,"8":0,"9":0,"10":0,"11":0,"12":0},"f":{"0":0,"1":0,"2":0},"b":{}}
,"/Users/ferdi/Desktop/Development/loket-admin/src/components/fragments/Event/ActionButton.vue": {"path":"/Users/ferdi/Desktop/Development/loket-admin/src/components/fragments/Event/ActionButton.vue","statementMap":{"0":{"start":{"line":21,"column":0},"end":{"line":21,"column":null}},"1":{"start":{"line":23,"column":15},"end":{"line":23,"column":null}},"2":{"start":{"line":34,"column":24},"end":{"line":36,"column":null}},"3":{"start":{"line":35,"column":6},"end":{"line":35,"column":13}},"4":{"start":{"line":38,"column":4},"end":{"line":38,"column":11}}},"fnMap":{"0":{"name":"(anonymous_0)","decl":{"start":{"line":30,"column":15},"end":{"line":30,"column":21}},"loc":{"start":{"line":30,"column":21},"end":{"line":30,"column":null}}},"1":{"name":"(anonymous_1)","decl":{"start":{"line":33,"column":2},"end":{"line":33,"column":7}},"loc":{"start":{"line":33,"column":10},"end":{"line":41,"column":null}}},"2":{"name":"(anonymous_2)","decl":{"start":{"line":34,"column":24},"end":{"line":34,"column":28}},"loc":{"start":{"line":34,"column":32},"end":{"line":36,"column":null}}}},"branchMap":{},"s":{"0":0,"1":0,"2":0,"3":0,"4":0},"f":{"0":0,"1":0,"2":0},"b":{}}
,"/Users/ferdi/Desktop/Development/loket-admin/src/components/fragments/Event/Header.vue": {"path":"/Users/ferdi/Desktop/Development/loket-admin/src/components/fragments/Event/Header.vue","statementMap":{"0":{"start":{"line":19,"column":0},"end":{"line":19,"column":null}},"1":{"start":{"line":20,"column":0},"end":{"line":20,"column":null}},"2":{"start":{"line":22,"column":15},"end":{"line":22,"column":null}}},"fnMap":{},"branchMap":{},"s":{"0":0,"1":0,"2":0},"f":{},"b":{}}
,"/Users/ferdi/Desktop/Development/loket-admin/src/components/fragments/Event/List.vue": {"path":"/Users/ferdi/Desktop/Development/loket-admin/src/components/fragments/Event/List.vue","statementMap":{"0":{"start":{"line":64,"column":0},"end":{"line":64,"column":null}},"1":{"start":{"line":65,"column":0},"end":{"line":65,"column":null}},"2":{"start":{"line":66,"column":0},"end":{"line":66,"column":null}},"3":{"start":{"line":67,"column":0},"end":{"line":67,"column":null}},"4":{"start":{"line":68,"column":0},"end":{"line":68,"column":null}},"5":{"start":{"line":69,"column":0},"end":{"line":69,"column":null}},"6":{"start":{"line":70,"column":0},"end":{"line":70,"column":null}},"7":{"start":{"line":72,"column":15},"end":{"line":72,"column":null}},"8":{"start":{"line":79,"column":18},"end":{"line":79,"column":null}},"9":{"start":{"line":81,"column":19},"end":{"line":81,"column":23}},"10":{"start":{"line":107,"column":25},"end":{"line":107,"column":34}},"11":{"start":{"line":108,"column":6},"end":{"line":108,"column":13}},"12":{"start":{"line":111,"column":23},"end":{"line":111,"column":32}},"13":{"start":{"line":112,"column":6},"end":{"line":112,"column":13}},"14":{"start":{"line":115,"column":31},"end":{"line":115,"column":40}},"15":{"start":{"line":115,"column":46},"end":{"line":115,"column":null}},"16":{"start":{"line":117,"column":4},"end":{"line":117,"column":11}}},"fnMap":{"0":{"name":"(anonymous_0)","decl":{"start":{"line":78,"column":2},"end":{"line":78,"column":7}},"loc":{"start":{"line":78,"column":10},"end":{"line":123,"column":null}}},"1":{"name":"(anonymous_1)","decl":{"start":{"line":107,"column":34},"end":{"line":107,"column":40}},"loc":{"start":{"line":107,"column":40},"end":{"line":109,"column":null}}},"2":{"name":"(anonymous_2)","decl":{"start":{"line":111,"column":32},"end":{"line":111,"column":38}},"loc":{"start":{"line":111,"column":38},"end":{"line":113,"column":null}}},"3":{"name":"(anonymous_3)","decl":{"start":{"line":115,"column":40},"end":{"line":115,"column":46}},"loc":{"start":{"line":115,"column":46},"end":{"line":115,"column":null}}}},"branchMap":{},"s":{"0":0,"1":0,"2":0,"3":0,"4":0,"5":0,"6":0,"7":0,"8":0,"9":0,"10":0,"11":0,"12":0,"13":0,"14":0,"15":0,"16":0},"f":{"0":0,"1":0,"2":0,"3":0},"b":{}}
,"/Users/ferdi/Desktop/Development/loket-admin/src/components/fragments/Event/OrderButton.vue": {"path":"/Users/ferdi/Desktop/Development/loket-admin/src/components/fragments/Event/OrderButton.vue","statementMap":{"0":{"start":{"line":25,"column":0},"end":{"line":25,"column":null}},"1":{"start":{"line":27,"column":15},"end":{"line":27,"column":null}},"2":{"start":{"line":38,"column":24},"end":{"line":40,"column":null}},"3":{"start":{"line":39,"column":6},"end":{"line":39,"column":13}},"4":{"start":{"line":42,"column":4},"end":{"line":42,"column":11}}},"fnMap":{"0":{"name":"(anonymous_0)","decl":{"start":{"line":34,"column":15},"end":{"line":34,"column":21}},"loc":{"start":{"line":34,"column":21},"end":{"line":34,"column":null}}},"1":{"name":"(anonymous_1)","decl":{"start":{"line":37,"column":2},"end":{"line":37,"column":7}},"loc":{"start":{"line":37,"column":10},"end":{"line":45,"column":null}}},"2":{"name":"(anonymous_2)","decl":{"start":{"line":38,"column":24},"end":{"line":38,"column":28}},"loc":{"start":{"line":38,"column":32},"end":{"line":40,"column":null}}}},"branchMap":{},"s":{"0":0,"1":0,"2":0,"3":0,"4":0},"f":{"0":0,"1":0,"2":0},"b":{}}
,"/Users/ferdi/Desktop/Development/loket-admin/src/components/fragments/FailedWithdraw/Header.vue": {"path":"/Users/ferdi/Desktop/Development/loket-admin/src/components/fragments/FailedWithdraw/Header.vue","statementMap":{"0":{"start":{"line":11,"column":15},"end":{"line":11,"column":null}}},"fnMap":{},"branchMap":{},"s":{"0":0},"f":{},"b":{}}
,"/Users/ferdi/Desktop/Development/loket-admin/src/components/fragments/FailedWithdraw/List.vue": {"path":"/Users/ferdi/Desktop/Development/loket-admin/src/components/fragments/FailedWithdraw/List.vue","statementMap":{"0":{"start":{"line":67,"column":0},"end":{"line":67,"column":null}},"1":{"start":{"line":68,"column":0},"end":{"line":68,"column":null}},"2":{"start":{"line":69,"column":0},"end":{"line":69,"column":null}},"3":{"start":{"line":70,"column":0},"end":{"line":70,"column":null}},"4":{"start":{"line":71,"column":0},"end":{"line":71,"column":null}},"5":{"start":{"line":73,"column":15},"end":{"line":73,"column":null}},"6":{"start":{"line":79,"column":18},"end":{"line":79,"column":null}},"7":{"start":{"line":81,"column":19},"end":{"line":81,"column":23}},"8":{"start":{"line":99,"column":25},"end":{"line":99,"column":34}},"9":{"start":{"line":100,"column":6},"end":{"line":100,"column":13}},"10":{"start":{"line":103,"column":23},"end":{"line":103,"column":32}},"11":{"start":{"line":104,"column":6},"end":{"line":104,"column":13}},"12":{"start":{"line":107,"column":4},"end":{"line":107,"column":11}}},"fnMap":{"0":{"name":"(anonymous_0)","decl":{"start":{"line":78,"column":2},"end":{"line":78,"column":7}},"loc":{"start":{"line":78,"column":10},"end":{"line":112,"column":null}}},"1":{"name":"(anonymous_1)","decl":{"start":{"line":99,"column":34},"end":{"line":99,"column":40}},"loc":{"start":{"line":99,"column":40},"end":{"line":101,"column":null}}},"2":{"name":"(anonymous_2)","decl":{"start":{"line":103,"column":32},"end":{"line":103,"column":38}},"loc":{"start":{"line":103,"column":38},"end":{"line":105,"column":null}}}},"branchMap":{},"s":{"0":0,"1":0,"2":0,"3":0,"4":0,"5":0,"6":0,"7":0,"8":0,"9":0,"10":0,"11":0,"12":0},"f":{"0":0,"1":0,"2":0},"b":{}}
,"/Users/ferdi/Desktop/Development/loket-admin/src/components/fragments/Feedback/ActionButton.vue": {"path":"/Users/ferdi/Desktop/Development/loket-admin/src/components/fragments/Feedback/ActionButton.vue","statementMap":{"0":{"start":{"line":16,"column":0},"end":{"line":16,"column":null}},"1":{"start":{"line":18,"column":15},"end":{"line":18,"column":null}},"2":{"start":{"line":29,"column":24},"end":{"line":31,"column":null}},"3":{"start":{"line":30,"column":6},"end":{"line":30,"column":13}},"4":{"start":{"line":33,"column":4},"end":{"line":33,"column":11}}},"fnMap":{"0":{"name":"(anonymous_0)","decl":{"start":{"line":25,"column":15},"end":{"line":25,"column":21}},"loc":{"start":{"line":25,"column":21},"end":{"line":25,"column":null}}},"1":{"name":"(anonymous_1)","decl":{"start":{"line":28,"column":2},"end":{"line":28,"column":7}},"loc":{"start":{"line":28,"column":10},"end":{"line":36,"column":null}}},"2":{"name":"(anonymous_2)","decl":{"start":{"line":29,"column":24},"end":{"line":29,"column":28}},"loc":{"start":{"line":29,"column":32},"end":{"line":31,"column":null}}}},"branchMap":{},"s":{"0":0,"1":0,"2":0,"3":0,"4":0},"f":{"0":0,"1":0,"2":0},"b":{}}
,"/Users/ferdi/Desktop/Development/loket-admin/src/components/fragments/Feedback/Header.vue": {"path":"/Users/ferdi/Desktop/Development/loket-admin/src/components/fragments/Feedback/Header.vue","statementMap":{"0":{"start":{"line":11,"column":15},"end":{"line":11,"column":null}}},"fnMap":{},"branchMap":{},"s":{"0":0},"f":{},"b":{}}
,"/Users/ferdi/Desktop/Development/loket-admin/src/components/fragments/Feedback/List.vue": {"path":"/Users/ferdi/Desktop/Development/loket-admin/src/components/fragments/Feedback/List.vue","statementMap":{"0":{"start":{"line":45,"column":0},"end":{"line":45,"column":null}},"1":{"start":{"line":46,"column":0},"end":{"line":46,"column":null}},"2":{"start":{"line":47,"column":0},"end":{"line":47,"column":null}},"3":{"start":{"line":48,"column":0},"end":{"line":48,"column":null}},"4":{"start":{"line":49,"column":0},"end":{"line":49,"column":null}},"5":{"start":{"line":51,"column":15},"end":{"line":51,"column":null}},"6":{"start":{"line":57,"column":18},"end":{"line":57,"column":null}},"7":{"start":{"line":59,"column":19},"end":{"line":59,"column":23}},"8":{"start":{"line":78,"column":25},"end":{"line":78,"column":34}},"9":{"start":{"line":79,"column":6},"end":{"line":79,"column":13}},"10":{"start":{"line":82,"column":23},"end":{"line":82,"column":32}},"11":{"start":{"line":83,"column":6},"end":{"line":83,"column":13}},"12":{"start":{"line":86,"column":4},"end":{"line":86,"column":11}}},"fnMap":{"0":{"name":"(anonymous_0)","decl":{"start":{"line":56,"column":2},"end":{"line":56,"column":7}},"loc":{"start":{"line":56,"column":10},"end":{"line":91,"column":null}}},"1":{"name":"(anonymous_1)","decl":{"start":{"line":78,"column":34},"end":{"line":78,"column":40}},"loc":{"start":{"line":78,"column":40},"end":{"line":80,"column":null}}},"2":{"name":"(anonymous_2)","decl":{"start":{"line":82,"column":32},"end":{"line":82,"column":38}},"loc":{"start":{"line":82,"column":38},"end":{"line":84,"column":null}}}},"branchMap":{},"s":{"0":0,"1":0,"2":0,"3":0,"4":0,"5":0,"6":0,"7":0,"8":0,"9":0,"10":0,"11":0,"12":0},"f":{"0":0,"1":0,"2":0},"b":{}}
,"/Users/ferdi/Desktop/Development/loket-admin/src/components/fragments/Hero/ActionButton.vue": {"path":"/Users/ferdi/Desktop/Development/loket-admin/src/components/fragments/Hero/ActionButton.vue","statementMap":{"0":{"start":{"line":22,"column":0},"end":{"line":22,"column":null}},"1":{"start":{"line":24,"column":15},"end":{"line":24,"column":null}},"2":{"start":{"line":35,"column":24},"end":{"line":37,"column":null}},"3":{"start":{"line":36,"column":6},"end":{"line":36,"column":13}},"4":{"start":{"line":39,"column":4},"end":{"line":39,"column":11}}},"fnMap":{"0":{"name":"(anonymous_0)","decl":{"start":{"line":31,"column":15},"end":{"line":31,"column":21}},"loc":{"start":{"line":31,"column":21},"end":{"line":31,"column":null}}},"1":{"name":"(anonymous_1)","decl":{"start":{"line":34,"column":2},"end":{"line":34,"column":7}},"loc":{"start":{"line":34,"column":10},"end":{"line":42,"column":null}}},"2":{"name":"(anonymous_2)","decl":{"start":{"line":35,"column":24},"end":{"line":35,"column":28}},"loc":{"start":{"line":35,"column":32},"end":{"line":37,"column":null}}}},"branchMap":{},"s":{"0":0,"1":0,"2":0,"3":0,"4":0},"f":{"0":0,"1":0,"2":0},"b":{}}
,"/Users/ferdi/Desktop/Development/loket-admin/src/components/fragments/Hero/Filter.vue": {"path":"/Users/ferdi/Desktop/Development/loket-admin/src/components/fragments/Hero/Filter.vue","statementMap":{"0":{"start":{"line":25,"column":0},"end":{"line":25,"column":null}},"1":{"start":{"line":26,"column":0},"end":{"line":26,"column":null}},"2":{"start":{"line":28,"column":15},"end":{"line":28,"column":null}},"3":{"start":{"line":33,"column":19},"end":{"line":33,"column":null}},"4":{"start":{"line":35,"column":24},"end":{"line":37,"column":null}},"5":{"start":{"line":36,"column":6},"end":{"line":36,"column":12}},"6":{"start":{"line":39,"column":4},"end":{"line":39,"column":11}}},"fnMap":{"0":{"name":"(anonymous_0)","decl":{"start":{"line":32,"column":2},"end":{"line":32,"column":7}},"loc":{"start":{"line":32,"column":10},"end":{"line":42,"column":null}}},"1":{"name":"(anonymous_1)","decl":{"start":{"line":35,"column":24},"end":{"line":35,"column":30}},"loc":{"start":{"line":35,"column":30},"end":{"line":37,"column":null}}}},"branchMap":{},"s":{"0":0,"1":0,"2":0,"3":0,"4":0,"5":0,"6":0},"f":{"0":0,"1":0},"b":{}}
[...]
,"/Users/ferdi/Desktop/Development/loket-admin/src/store/modules/eventLiveStreaming/state.js": {"path":"/Users/ferdi/Desktop/Development/loket-admin/src/store/modules/eventLiveStreaming/state.js","statementMap":{},"fnMap":{},"branchMap":{},"s":{},"f":{},"b":{},"_coverageSchema":"43e27e138ebf9cfc5966b082cf9a028302ed4184","hash":"4fe6311cf4d6d46eb2b92e45bd57928ae1c97d01"}
,"/Users/ferdi/Desktop/Development/loket-admin/src/store/modules/thematicPage/actions.js": {"path":"/Users/ferdi/Desktop/Development/loket-admin/src/store/modules/thematicPage/actions.js","statementMap":{"0":{"start":{"line":3,"column":16},"end":{"line":16,"column":1}},"1":{"start":{"line":5,"column":4},"end":{"line":5,"column":24}},"2":{"start":{"line":7,"column":4},"end":{"line":14,"column":5}},"3":{"start":{"line":8,"column":23},"end":{"line":8,"column":58}},"4":{"start":{"line":9,"column":26},"end":{"line":9,"column":45}},"5":{"start":{"line":11,"column":6},"end":{"line":11,"column":41}},"6":{"start":{"line":13,"column":6},"end":{"line":13,"column":26}}},"fnMap":{"0":{"name":"(anonymous_0)","decl":{"start":{"line":4,"column":2},"end":{"line":4,"column":3}},"loc":{"start":{"line":4,"column":38},"end":{"line":15,"column":3}},"line":4}},"branchMap":{},"s":{"0":0,"1":0,"2":0,"3":0,"4":0,"5":0,"6":0},"f":{"0":0},"b":{},"hash":"81a700d6470df10a35b1023bcb3676b617519c91"}
,"/Users/ferdi/Desktop/Development/loket-admin/src/store/modules/thematicPage/getters.js": {"path":"/Users/ferdi/Desktop/Development/loket-admin/src/store/modules/thematicPage/getters.js","statementMap":{"0":{"start":{"line":1,"column":16},"end":{"line":4,"column":1}},"1":{"start":{"line":2,"column":27},"end":{"line":2,"column":43}},"2":{"start":{"line":3,"column":28},"end":{"line":3,"column":39}}},"fnMap":{"0":{"name":"(anonymous_0)","decl":{"start":{"line":2,"column":18},"end":{"line":2,"column":19}},"loc":{"start":{"line":2,"column":27},"end":{"line":2,"column":43}},"line":2},"1":{"name":"(anonymous_1)","decl":{"start":{"line":3,"column":19},"end":{"line":3,"column":20}},"loc":{"start":{"line":3,"column":28},"end":{"line":3,"column":39}},"line":3}},"branchMap":{},"s":{"0":0,"1":0,"2":0},"f":{"0":0,"1":0},"b":{},"hash":"a4d0a986cae46eb7f56cb2d644cc48c1b50eae39"}
,"/Users/ferdi/Desktop/Development/loket-admin/src/store/modules/thematicPage/index.js": {"path":"/Users/ferdi/Desktop/Development/loket-admin/src/store/modules/thematicPage/index.js","statementMap":{},"fnMap":{},"branchMap":{},"s":{},"f":{},"b":{},"hash":"b4dba6b6152ef321a254c4fb50830c60ec39a43f"}
,"/Users/ferdi/Desktop/Development/loket-admin/src/store/modules/thematicPage/mutations.js": {"path":"/Users/ferdi/Desktop/Development/loket-admin/src/store/modules/thematicPage/mutations.js","statementMap":{"0":{"start":{"line":1,"column":18},"end":{"line":15,"column":1}},"1":{"start":{"line":3,"column":4},"end":{"line":3,"column":27}},"2":{"start":{"line":4,"column":4},"end":{"line":4,"column":25}},"3":{"start":{"line":7,"column":4},"end":{"line":7,"column":28}},"4":{"start":{"line":8,"column":4},"end":{"line":8,"column":25}},"5":{"start":{"line":9,"column":4},"end":{"line":9,"column":37}},"6":{"start":{"line":12,"column":4},"end":{"line":12,"column":28}},"7":{"start":{"line":13,"column":4},"end":{"line":13,"column":24}}},"fnMap":{"0":{"name":"(anonymous_0)","decl":{"start":{"line":2,"column":2},"end":{"line":2,"column":3}},"loc":{"start":{"line":2,"column":20},"end":{"line":5,"column":3}},"line":2},"1":{"name":"(anonymous_1)","decl":{"start":{"line":6,"column":2},"end":{"line":6,"column":3}},"loc":{"start":{"line":6,"column":31},"end":{"line":10,"column":3}},"line":6},"2":{"name":"(anonymous_2)","decl":{"start":{"line":11,"column":2},"end":{"line":11,"column":3}},"loc":{"start":{"line":11,"column":21},"end":{"line":14,"column":3}},"line":11}},"branchMap":{},"s":{"0":0,"1":0,"2":0,"3":0,"4":0,"5":0,"6":0,"7":0},"f":{"0":0,"1":0,"2":0},"b":{},"hash":"9304126b8ff49d2a7234c2f232c09074597ce20b"}
,"/Users/ferdi/Desktop/Development/loket-admin/src/store/modules/thematicPage/state.js": {"path":"/Users/ferdi/Desktop/Development/loket-admin/src/store/modules/thematicPage/state.js","statementMap":{},"fnMap":{},"branchMap":{},"s":{},"f":{},"b":{},"hash":"ebc1f25f95ad3c2d151027fbb0884dfa472dd405"}
,"/Users/ferdi/Desktop/Development/loket-admin/src/stories/Button.stories.js": {"path":"/Users/ferdi/Desktop/Development/loket-admin/src/stories/Button.stories.js","statementMap":{"0":{"start":{"line":12,"column":17},"end":{"line":16,"column":2}},"1":{"start":{"line":12,"column":42},"end":{"line":16,"column":1}},"2":{"start":{"line":18,"column":23},"end":{"line":18,"column":40}},"3":{"start":{"line":19,"column":0},"end":{"line":22,"column":2}},"4":{"start":{"line":24,"column":25},"end":{"line":24,"column":42}},"5":{"start":{"line":25,"column":0},"end":{"line":27,"column":2}},"6":{"start":{"line":29,"column":21},"end":{"line":29,"column":38}},"7":{"start":{"line":30,"column":0},"end":{"line":33,"column":2}},"8":{"start":{"line":35,"column":21},"end":{"line":35,"column":38}},"9":{"start":{"line":36,"column":0},"end":{"line":39,"column":2}}},"fnMap":{"0":{"name":"(anonymous_0)","decl":{"start":{"line":12,"column":17},"end":{"line":12,"column":18}},"loc":{"start":{"line":12,"column":42},"end":{"line":16,"column":1}},"line":12}},"branchMap":{},"s":{"0":0,"1":0,"2":0,"3":0,"4":0,"5":0,"6":0,"7":0,"8":0,"9":0},"f":{"0":0},"b":{},"hash":"347bfdf22b8a7f5679a5097c1c952f492cb7bf15"}
,"/Users/ferdi/Desktop/Development/loket-admin/src/stories/Button.vue": {"path":"/Users/ferdi/Desktop/Development/loket-admin/src/stories/Button.vue","statementMap":{"0":{"start":{"line":6,"column":0},"end":{"line":6,"column":null}},"1":{"start":{"line":8,"column":15},"end":{"line":8,"column":null}},"2":{"start":{"line":24,"column":8},"end":{"line":24,"column":15}},"3":{"start":{"line":34,"column":6},"end":{"line":34,"column":13}},"4":{"start":{"line":42,"column":6},"end":{"line":42,"column":13}},"5":{"start":{"line":50,"column":6},"end":{"line":50,"column":11}}},"fnMap":{"0":{"name":"(anonymous_0)","decl":{"start":{"line":23,"column":17},"end":{"line":23,"column":27}},"loc":{"start":{"line":23,"column":34},"end":{"line":25,"column":null}}},"1":{"name":"(anonymous_1)","decl":{"start":{"line":33,"column":4},"end":{"line":33,"column":11}},"loc":{"start":{"line":33,"column":14},"end":{"line":40,"column":null}}},"2":{"name":"(anonymous_2)","decl":{"start":{"line":41,"column":4},"end":{"line":41,"column":9}},"loc":{"start":{"line":41,"column":12},"end":{"line":45,"column":null}}},"3":{"name":"(anonymous_3)","decl":{"start":{"line":49,"column":4},"end":{"line":49,"column":11}},"loc":{"start":{"line":49,"column":14},"end":{"line":51,"column":null}}}},"branchMap":{},"s":{"0":0,"1":0,"2":0,"3":0,"4":0,"5":0},"f":{"0":0,"1":0,"2":0,"3":0},"b":{}}
,"/Users/ferdi/Desktop/Development/loket-admin/src/stories/Header.stories.js": {"path":"/Users/ferdi/Desktop/Development/loket-admin/src/stories/Header.stories.js","statementMap":{"0":{"start":{"line":8,"column":17},"end":{"line":13,"column":2}},"1":{"start":{"line":8,"column":42},"end":{"line":13,"column":1}},"2":{"start":{"line":15,"column":24},"end":{"line":15,"column":41}},"3":{"start":{"line":16,"column":0},"end":{"line":18,"column":2}},"4":{"start":{"line":20,"column":25},"end":{"line":20,"column":42}},"5":{"start":{"line":21,"column":0},"end":{"line":21,"column":20}}},"fnMap":{"0":{"name":"(anonymous_0)","decl":{"start":{"line":8,"column":17},"end":{"line":8,"column":18}},"loc":{"start":{"line":8,"column":42},"end":{"line":13,"column":1}},"line":8}},"branchMap":{},"s":{"0":0,"1":0,"2":0,"3":0,"4":0,"5":0},"f":{"0":0},"b":{},"hash":"3143c4819080d7c9ff3f54cbd27e3956aa8238eb"}
,"/Users/ferdi/Desktop/Development/loket-admin/src/stories/Header.vue": {"path":"/Users/ferdi/Desktop/Development/loket-admin/src/stories/Header.vue","statementMap":{"0":{"start":{"line":33,"column":0},"end":{"line":33,"column":null}},"1":{"start":{"line":34,"column":0},"end":{"line":34,"column":null}},"2":{"start":{"line":36,"column":15},"end":{"line":36,"column":null}},"3":{"start":{"line":49,"column":6},"end":{"line":49,"column":11}},"4":{"start":{"line":52,"column":6},"end":{"line":52,"column":11}},"5":{"start":{"line":55,"column":6},"end":{"line":55,"column":11}}},"fnMap":{"0":{"name":"(anonymous_0)","decl":{"start":{"line":48,"column":4},"end":{"line":48,"column":11}},"loc":{"start":{"line":48,"column":14},"end":{"line":50,"column":null}}},"1":{"name":"(anonymous_1)","decl":{"start":{"line":51,"column":4},"end":{"line":51,"column":12}},"loc":{"start":{"line":51,"column":15},"end":{"line":53,"column":null}}},"2":{"name":"(anonymous_2)","decl":{"start":{"line":54,"column":4},"end":{"line":54,"column":19}},"loc":{"start":{"line":54,"column":22},"end":{"line":56,"column":null}}}},"branchMap":{},"s":{"0":0,"1":0,"2":0,"3":0,"4":0,"5":0},"f":{"0":0,"1":0,"2":0},"b":{}}
,"/Users/ferdi/Desktop/Development/loket-admin/src/stories/Page.stories.js": {"path":"/Users/ferdi/Desktop/Development/loket-admin/src/stories/Page.stories.js","statementMap":{"0":{"start":{"line":9,"column":17},"end":{"line":14,"column":2}},"1":{"start":{"line":9,"column":42},"end":{"line":14,"column":1}},"2":{"start":{"line":16,"column":24},"end":{"line":16,"column":41}},"3":{"start":{"line":17,"column":0},"end":{"line":19,"column":2}},"4":{"start":{"line":21,"column":25},"end":{"line":21,"column":42}},"5":{"start":{"line":22,"column":0},"end":{"line":24,"column":2}}},"fnMap":{"0":{"name":"(anonymous_0)","decl":{"start":{"line":9,"column":17},"end":{"line":9,"column":18}},"loc":{"start":{"line":9,"column":42},"end":{"line":14,"column":1}},"line":9}},"branchMap":{},"s":{"0":0,"1":0,"2":0,"3":0,"4":0,"5":0},"f":{"0":0},"b":{},"hash":"a391d7a624a985ee37fb770b5c43d303bc44e2b7"}
,"/Users/ferdi/Desktop/Development/loket-admin/src/stories/Page.vue": {"path":"/Users/ferdi/Desktop/Development/loket-admin/src/stories/Page.vue","statementMap":{"0":{"start":{"line":62,"column":0},"end":{"line":62,"column":null}},"1":{"start":{"line":63,"column":0},"end":{"line":63,"column":null}},"2":{"start":{"line":65,"column":15},"end":{"line":65,"column":null}},"3":{"start":{"line":78,"column":6},"end":{"line":78,"column":11}},"4":{"start":{"line":81,"column":6},"end":{"line":81,"column":11}},"5":{"start":{"line":84,"column":6},"end":{"line":84,"column":11}}},"fnMap":{"0":{"name":"(anonymous_0)","decl":{"start":{"line":77,"column":4},"end":{"line":77,"column":11}},"loc":{"start":{"line":77,"column":14},"end":{"line":79,"column":null}}},"1":{"name":"(anonymous_1)","decl":{"start":{"line":80,"column":4},"end":{"line":80,"column":12}},"loc":{"start":{"line":80,"column":15},"end":{"line":82,"column":null}}},"2":{"name":"(anonymous_2)","decl":{"start":{"line":83,"column":4},"end":{"line":83,"column":19}},"loc":{"start":{"line":83,"column":22},"end":{"line":85,"column":null}}}},"branchMap":{},"s":{"0":0,"1":0,"2":0,"3":0,"4":0,"5":0},"f":{"0":0,"1":0,"2":0},"b":{}}
,"/Users/ferdi/Desktop/Development/loket-admin/src/utils/collectObjectKeys.js": {"path":"/Users/ferdi/Desktop/Development/loket-admin/src/utils/collectObjectKeys.js","statementMap":{"0":{"start":{"line":2,"column":13},"end":{"line":2,"column":62}},"1":{"start":{"line":3,"column":15},"end":{"line":3,"column":24}},"2":{"start":{"line":5,"column":2},"end":{"line":5,"column":39}},"3":{"start":{"line":5,"column":30},"end":{"line":5,"column":39}},"4":{"start":{"line":8,"column":16},"end":{"line":8,"column":20}},"5":{"start":{"line":10,"column":4},"end":{"line":10,"column":47}},"6":{"start":{"line":10,"column":29},"end":{"line":10,"column":47}},"7":{"start":{"line":12,"column":4},"end":{"line":12,"column":58}},"8":{"start":{"line":12,"column":46},"end":{"line":12,"column":58}},"9":{"start":{"line":14,"column":4},"end":{"line":20,"column":6}},"10":{"start":{"line":15,"column":6},"end":{"line":16,"column":23}},"11":{"start":{"line":16,"column":8},"end":{"line":16,"column":23}},"12":{"start":{"line":18,"column":6},"end":{"line":19,"column":29}},"13":{"start":{"line":19,"column":8},"end":{"line":19,"column":29}},"14":{"start":{"line":23,"column":2},"end":{"line":23,"column":17}},"15":{"start":{"line":25,"column":2},"end":{"line":25,"column":27}}},"fnMap":{"0":{"name":"(anonymous_0)","decl":{"start":{"line":1,"column":15},"end":{"line":1,"column":16}},"loc":{"start":{"line":1,"column":29},"end":{"line":26,"column":1}},"line":1},"1":{"name":"exec","decl":{"start":{"line":7,"column":11},"end":{"line":7,"column":15}},"loc":{"start":{"line":7,"column":18},"end":{"line":21,"column":3}},"line":7},"2":{"name":"(anonymous_2)","decl":{"start":{"line":14,"column":31},"end":{"line":14,"column":32}},"loc":{"start":{"line":14,"column":38},"end":{"line":20,"column":5}},"line":14}},"branchMap":{"0":{"loc":{"start":{"line":2,"column":13},"end":{"line":2,"column":62}},"type":"cond-expr","locations":[{"start":{"line":2,"column":36},"end":{"line":2,"column":56}},{"start":{"line":2,"column":59},"end":{"line":2,"column":62}}],"line":2},"1":{"loc":{"start":{"line":5,"column":2},"end":{"line":5,"column":39}},"type":"if","locations":[{"start":{"line":5,"column":2},"end":{"line":5,"column":39}},{"start":{"line":5,"column":2},"end":{"line":5,"column":39}}],"line":5},"2":{"loc":{"start":{"line":10,"column":4},"end":{"line":10,"column":47}},"type":"if","locations":[{"start":{"line":10,"column":4},"end":{"line":10,"column":47}},{"start":{"line":10,"column":4},"end":{"line":10,"column":47}}],"line":10},"3":{"loc":{"start":{"line":12,"column":4},"end":{"line":12,"column":58}},"type":"if","locations":[{"start":{"line":12,"column":4},"end":{"line":12,"column":58}},{"start":{"line":12,"column":4},"end":{"line":12,"column":58}}],"line":12},"4":{"loc":{"start":{"line":12,"column":7},"end":{"line":12,"column":44}},"type":"binary-expr","locations":[{"start":{"line":12,"column":7},"end":{"line":12,"column":21}},{"start":{"line":12,"column":25},"end":{"line":12,"column":44}}],"line":12},"5":{"loc":{"start":{"line":15,"column":6},"end":{"line":16,"column":23}},"type":"if","locations":[{"start":{"line":15,"column":6},"end":{"line":16,"column":23}},{"start":{"line":15,"column":6},"end":{"line":16,"column":23}}],"line":15},"6":{"loc":{"start":{"line":15,"column":9},"end":{"line":15,"column":49}},"type":"binary-expr","locations":[{"start":{"line":15,"column":9},"end":{"line":15,"column":29}},{"start":{"line":15,"column":33},"end":{"line":15,"column":49}}],"line":15},"7":{"loc":{"start":{"line":18,"column":6},"end":{"line":19,"column":29}},"type":"if","locations":[{"start":{"line":18,"column":6},"end":{"line":19,"column":29}},{"start":{"line":18,"column":6},"end":{"line":19,"column":29}}],"line":18}},"s":{"0":0,"1":0,"2":0,"3":0,"4":0,"5":0,"6":0,"7":0,"8":0,"9":0,"10":0,"11":0,"12":0,"13":0,"14":0,"15":0},"f":{"0":0,"1":0,"2":0},"b":{"0":[0,0],"1":[0,0],"2":[0,0],"3":[0,0],"4":[0,0],"5":[0,0],"6":[0,0],"7":[0,0]},"hash":"cfdf5ec1d37857aacd65ea8501bcf42b4af2985d"}
,"/Users/ferdi/Desktop/Development/loket-admin/src/utils/debounce.js": {"path":"/Users/ferdi/Desktop/Development/loket-admin/src/utils/debounce.js","statementMap":{"0":{"start":{"line":4,"column":2},"end":{"line":20,"column":3}},"1":{"start":{"line":5,"column":18},"end":{"line":5,"column":22}},"2":{"start":{"line":6,"column":15},"end":{"line":6,"column":24}},"3":{"start":{"line":8,"column":16},"end":{"line":11,"column":5}},"4":{"start":{"line":9,"column":6},"end":{"line":9,"column":20}},"5":{"start":{"line":10,"column":6},"end":{"line":10,"column":47}},"6":{"start":{"line":10,"column":22},"end":{"line":10,"column":47}},"7":{"start":{"line":13,"column":18},"end":{"line":13,"column":39}},"8":{"start":{"line":15,"column":4},"end":{"line":15,"column":25}},"9":{"start":{"line":17,"column":4},"end":{"line":17,"column":37}},"10":{"start":{"line":19,"column":4},"end":{"line":19,"column":42}},"11":{"start":{"line":19,"column":17},"end":{"line":19,"column":42}}},"fnMap":{"0":{"name":"(anonymous_0)","decl":{"start":{"line":1,"column":15},"end":{"line":1,"column":16}},"loc":{"start":{"line":1,"column":42},"end":{"line":21,"column":1}},"line":1},"1":{"name":"executedFunction","decl":{"start":{"line":4,"column":18},"end":{"line":4,"column":34}},"loc":{"start":{"line":4,"column":37},"end":{"line":20,"column":3}},"line":4},"2":{"name":"(anonymous_2)","decl":{"start":{"line":8,"column":16},"end":{"line":8,"column":17}},"loc":{"start":{"line":8,"column":27},"end":{"line":11,"column":5}},"line":8}},"branchMap":{"0":{"loc":{"start":{"line":10,"column":6},"end":{"line":10,"column":47}},"type":"if","locations":[{"start":{"line":10,"column":6},"end":{"line":10,"column":47}},{"start":{"line":10,"column":6},"end":{"line":10,"column":47}}],"line":10},"1":{"loc":{"start":{"line":13,"column":18},"end":{"line":13,"column":39}},"type":"binary-expr","locations":[{"start":{"line":13,"column":18},"end":{"line":13,"column":27}},{"start":{"line":13,"column":31},"end":{"line":13,"column":39}}],"line":13},"2":{"loc":{"start":{"line":19,"column":4},"end":{"line":19,"column":42}},"type":"if","locations":[{"start":{"line":19,"column":4},"end":{"line":19,"column":42}},{"start":{"line":19,"column":4},"end":{"line":19,"column":42}}],"line":19}},"s":{"0":1,"1":2,"2":2,"3":2,"4":0,"5":0,"6":0,"7":2,"8":2,"9":2,"10":2,"11":0},"f":{"0":1,"1":2,"2":0},"b":{"0":[0,0],"1":[2,0],"2":[0,2]},"_coverageSchema":"43e27e138ebf9cfc5966b082cf9a028302ed4184","hash":"b16cedb783c0e2cb7e53343737a795e70bcca476"}
,"/Users/ferdi/Desktop/Development/loket-admin/src/utils/textFormat.js": {"path":"/Users/ferdi/Desktop/Development/loket-admin/src/utils/textFormat.js","statementMap":{"0":{"start":{"line":1,"column":28},"end":{"line":3,"column":1}},"1":{"start":{"line":2,"column":2},"end":{"line":2,"column":34}},"2":{"start":{"line":5,"column":28},"end":{"line":7,"column":1}},"3":{"start":{"line":6,"column":2},"end":{"line":6,"column":63}}},"fnMap":{"0":{"name":"(anonymous_0)","decl":{"start":{"line":1,"column":28},"end":{"line":1,"column":29}},"loc":{"start":{"line":1,"column":36},"end":{"line":3,"column":1}},"line":1},"1":{"name":"(anonymous_1)","decl":{"start":{"line":5,"column":28},"end":{"line":5,"column":29}},"loc":{"start":{"line":5,"column":36},"end":{"line":7,"column":1}},"line":5}},"branchMap":{},"s":{"0":1,"1":2,"2":1,"3":2},"f":{"0":2,"1":2},"b":{},"_coverageSchema":"43e27e138ebf9cfc5966b082cf9a028302ed4184","hash":"ba5900b62c2f5c8bed958ac36acf47b44ca12607"}
,"/Users/ferdi/Desktop/Development/loket-admin/src/utils/auth/index.js": {"path":"/Users/ferdi/Desktop/Development/loket-admin/src/utils/auth/index.js","statementMap":{"0":{"start":{"line":3,"column":22},"end":{"line":3,"column":58}},"1":{"start":{"line":5,"column":4},"end":{"line":6,"column":24}},"2":{"start":{"line":6,"column":6},"end":{"line":6,"column":24}}},"fnMap":{"0":{"name":"(anonymous_0)","decl":{"start":{"line":2,"column":12},"end":{"line":2,"column":13}},"loc":{"start":{"line":2,"column":18},"end":{"line":7,"column":3}},"line":2}},"branchMap":{"0":{"loc":{"start":{"line":5,"column":4},"end":{"line":6,"column":24}},"type":"if","locations":[{"start":{"line":5,"column":4},"end":{"line":6,"column":24}},{"start":{"line":5,"column":4},"end":{"line":6,"column":24}}],"line":5}},"s":{"0":0,"1":0,"2":0},"f":{"0":0},"b":{"0":[0,0]},"hash":"7eb3d37f341d01a5e1e322ca2d178d4e35917b97"}
}
