TN:
SF:/Users/ferdi/Desktop/Development/loket-admin/src/App.vue
FNF:0
FNH:0
DA:5,0
LF:1
LH:0
BRF:0
BRH:0
end_of_record
TN:
SF:/Users/ferdi/Desktop/Development/loket-admin/src/components/commons/Badge/Badge.vue
FN:35,(anonymous_0)
FN:36,(anonymous_1)
FNF:2
FNH:0
FNDA:0,(anonymous_0)
FNDA:0,(anonymous_1)
DA:7,0
DA:8,0
DA:36,0
DA:37,0
DA:38,0
DA:40,0
DA:42,0
DA:44,0
DA:46,0
DA:48,0
DA:50,0
DA:52,0
LF:12
LH:0
BRDA:42,0,0,0
BRDA:42,0,1,0
BRDA:44,1,0,0
BRDA:44,1,1,0
BRDA:46,2,0,0
BRDA:46,2,1,0
BRDA:48,3,0,0
BRDA:48,3,1,0
BRF:8
BRH:0
end_of_record
TN:
SF:/Users/ferdi/Desktop/Development/loket-admin/src/components/commons/Badge/index.js
FNF:0
FNH:0
LF:0
LH:0
BRF:0
BRH:0
end_of_record
TN:
SF:/Users/ferdi/Desktop/Development/loket-admin/src/components/commons/Breadcrumb/Breadcrumb.vue
FN:26,(anonymous_0)
FN:33,(anonymous_1)
FN:36,(anonymous_2)
FNF:3
FNH:0
FNDA:0,(anonymous_0)
FNDA:0,(anonymous_1)
FNDA:0,(anonymous_2)
DA:20,0
DA:22,0
DA:26,0
DA:34,0
DA:36,0
DA:37,0
DA:38,0
DA:41,0
LF:8
LH:0
BRF:0
BRH:0
end_of_record
TN:
SF:/Users/ferdi/Desktop/Development/loket-admin/src/components/commons/Breadcrumb/index.js
FNF:0
FNH:0
LF:0
LH:0
BRF:0
BRH:0
end_of_record
TN:
SF:/Users/ferdi/Desktop/Development/loket-admin/src/components/commons/Button/Button.vue
FN:46,(anonymous_0)
FN:47,(anonymous_1)
FN:64,(anonymous_2)
FNF:3
FNH:2
FNDA:7,(anonymous_0)
FNDA:18,(anonymous_1)
FNDA:0,(anonymous_2)
DA:13,1
DA:15,1
DA:47,7
DA:48,18
DA:49,18
DA:51,18
DA:53,18
DA:55,18
DA:57,18
DA:59,18
DA:61,18
DA:64,7
DA:65,0
DA:68,7
LF:14
LH:13
BRDA:53,0,0,6
BRDA:53,0,1,12
BRDA:55,1,0,1
BRDA:55,1,1,17
BRDA:57,2,0,1
BRDA:57,2,1,17
BRDA:59,3,0,1
BRDA:59,3,1,17
BRF:8
BRH:8
end_of_record
TN:
SF:/Users/ferdi/Desktop/Development/loket-admin/src/components/commons/Button/index.js
FNF:0
FNH:0
LF:0
LH:0
BRF:0
BRH:0
end_of_record
TN:
SF:/Users/ferdi/Desktop/Development/loket-admin/src/components/commons/Card/index.js
FNF:0
FNH:0
LF:0
LH:0
BRF:0
BRH:0
end_of_record
TN:
SF:/Users/ferdi/Desktop/Development/loket-admin/src/components/commons/Modal/Modal.vue
FN:65,(anonymous_0)
FN:69,(anonymous_1)
FN:76,(anonymous_2)
FN:77,(anonymous_3)
FNF:4
FNH:0
FNDA:0,(anonymous_0)
FNDA:0,(anonymous_1)
FNDA:0,(anonymous_2)
FNDA:0,(anonymous_3)
DA:57,0
DA:77,0
DA:78,0
DA:81,0
LF:4
LH:0
BRF:0
BRH:0
end_of_record
TN:
SF:/Users/ferdi/Desktop/Development/loket-admin/src/components/commons/Modal/index.js
FNF:0
FNH:0
LF:0
LH:0
BRF:0
BRH:0
end_of_record
TN:
SF:/Users/ferdi/Desktop/Development/loket-admin/src/components/commons/Pagination/Pagination.vue
FN:37,(anonymous_0)
FN:40,(anonymous_1)
FN:41,(anonymous_2)
FN:47,(anonymous_3)
FNF:4
FNH:0
FNDA:0,(anonymous_0)
FNDA:0,(anonymous_1)
FNDA:0,(anonymous_2)
FNDA:0,(anonymous_3)
DA:31,0
DA:33,0
DA:41,0
DA:42,0
DA:44,0
DA:47,0
DA:48,0
DA:50,0
DA:56,0
LF:9
LH:0
BRF:0
BRH:0
end_of_record
TN:
SF:/Users/ferdi/Desktop/Development/loket-admin/src/components/commons/Pagination/index.js
FNF:0
FNH:0
LF:0
LH:0
BRF:0
BRH:0
end_of_record
TN:
SF:/Users/ferdi/Desktop/Development/loket-admin/src/components/commons/Skeleton/Rect.vue
FN:22,(anonymous_0)
FN:23,(anonymous_1)
FNF:2
FNH:0
FNDA:0,(anonymous_0)
FNDA:0,(anonymous_1)
DA:5,0
DA:7,0
DA:23,0
DA:24,0
DA:25,0
DA:27,0
DA:29,0
DA:31,0
DA:33,0
DA:36,0
LF:10
LH:0
BRDA:27,0,0,0
BRDA:27,0,1,0
BRDA:29,1,0,0
BRDA:29,1,1,0
BRDA:31,2,0,0
BRDA:31,2,1,0
BRF:6
BRH:0
end_of_record
TN:
SF:/Users/ferdi/Desktop/Development/loket-admin/src/components/commons/Skeleton/index.js
FNF:0
FNH:0
LF:0
LH:0
BRF:0
BRH:0
end_of_record
TN:
SF:/Users/ferdi/Desktop/Development/loket-admin/src/components/commons/Table/Table.vue
FN:45,(anonymous_0)
FN:46,(anonymous_1)
FN:54,(anonymous_2)
FN:60,(anonymous_3)
FN:69,(anonymous_4)
FN:74,(anonymous_5)
FN:81,(anonymous_6)
FN:82,(anonymous_7)
FN:83,(anonymous_8)
FNF:9
FNH:0
FNDA:0,(anonymous_0)
FNDA:0,(anonymous_1)
FNDA:0,(anonymous_2)
FNDA:0,(anonymous_3)
FNDA:0,(anonymous_4)
FNDA:0,(anonymous_5)
FNDA:0,(anonymous_6)
FNDA:0,(anonymous_7)
FNDA:0,(anonymous_8)
DA:24,0
DA:25,0
DA:26,0
DA:27,0
DA:28,0
DA:29,0
DA:30,0
DA:31,0
DA:33,0
DA:46,0
DA:47,0
DA:52,0
DA:54,0
DA:55,0
DA:57,0
DA:60,0
DA:61,0
DA:63,0
DA:64,0
DA:66,0
DA:69,0
DA:70,0
DA:74,0
DA:75,0
DA:77,0
DA:80,0
DA:81,0
DA:83,0
DA:84,0
DA:87,0
DA:91,0
LF:31
LH:0
BRDA:57,0,0,0
BRDA:57,0,1,0
BRDA:57,0,2,0
BRDA:63,1,0,0
BRDA:63,1,1,0
BRDA:77,2,0,0
BRDA:77,2,1,0
BRF:7
BRH:0
end_of_record
TN:
SF:/Users/ferdi/Desktop/Development/loket-admin/src/components/commons/Table/index.js
FNF:0
FNH:0
LF:0
LH:0
BRF:0
BRH:0
end_of_record
TN:
SF:/Users/ferdi/Desktop/Development/loket-admin/src/components/commons/Table/props.js
FN:4,(anonymous_0)
FN:8,(anonymous_1)
FN:28,(anonymous_2)
FN:40,(anonymous_3)
FN:52,(anonymous_4)
FNF:5
FNH:0
FNDA:0,(anonymous_0)
FNDA:0,(anonymous_1)
FNDA:0,(anonymous_2)
FNDA:0,(anonymous_3)
FNDA:0,(anonymous_4)
DA:4,0
DA:8,0
DA:40,0
DA:52,0
LF:4
LH:0
BRF:0
BRH:0
end_of_record
TN:
SF:/Users/ferdi/Desktop/Development/loket-admin/src/components/commons/Table/components/TableBody.vue
FN:31,(anonymous_0)
FN:35,(anonymous_1)
FN:39,(anonymous_2)
FN:46,(anonymous_3)
FN:47,(anonymous_4)
FN:49,(anonymous_5)
FNF:6
FNH:0
FNDA:0,(anonymous_0)
FNDA:0,(anonymous_1)
FNDA:0,(anonymous_2)
FNDA:0,(anonymous_3)
FNDA:0,(anonymous_4)
FNDA:0,(anonymous_5)
DA:19,0
DA:20,0
DA:21,0
DA:23,0
DA:47,0
DA:49,0
DA:50,0
DA:52,0
DA:55,0
LF:9
LH:0
BRDA:47,0,0,0
BRDA:47,0,1,0
BRDA:52,1,0,0
BRDA:52,1,1,0
BRF:4
BRH:0
end_of_record
TN:
SF:/Users/ferdi/Desktop/Development/loket-admin/src/components/commons/Table/components/TableContent.vue
FN:46,(anonymous_0)
FN:50,(anonymous_1)
FN:53,(anonymous_2)
FN:56,(anonymous_3)
FN:62,(anonymous_4)
FN:68,(anonymous_5)
FN:75,(anonymous_6)
FN:79,(anonymous_7)
FN:86,(anonymous_8)
FN:90,(anonymous_9)
FNF:10
FNH:0
FNDA:0,(anonymous_0)
FNDA:0,(anonymous_1)
FNDA:0,(anonymous_2)
FNDA:0,(anonymous_3)
FNDA:0,(anonymous_4)
FNDA:0,(anonymous_5)
FNDA:0,(anonymous_6)
FNDA:0,(anonymous_7)
FNDA:0,(anonymous_8)
FNDA:0,(anonymous_9)
DA:40,0
DA:42,0
DA:54,0
DA:56,0
DA:57,0
DA:59,0
DA:62,0
DA:63,0
DA:65,0
DA:68,0
DA:69,0
DA:75,0
DA:76,0
DA:79,0
DA:86,0
DA:87,0
DA:90,0
DA:91,0
DA:94,0
LF:19
LH:0
BRDA:65,0,0,0
BRDA:65,0,1,0
BRDA:76,1,0,0
BRDA:76,1,1,0
BRF:4
BRH:0
end_of_record
TN:
SF:/Users/ferdi/Desktop/Development/loket-admin/src/components/commons/Table/components/TableFilter.vue
FN:31,(anonymous_0)
FN:36,(anonymous_1)
FN:43,(anonymous_2)
FNF:3
FNH:0
FNDA:0,(anonymous_0)
FNDA:0,(anonymous_1)
FNDA:0,(anonymous_2)
DA:19,0
DA:20,0
DA:22,0
DA:32,0
DA:33,0
DA:34,0
DA:36,0
DA:37,0
DA:43,0
DA:44,0
DA:46,0
DA:49,0
LF:12
LH:0
BRF:0
BRH:0
end_of_record
TN:
SF:/Users/ferdi/Desktop/Development/loket-admin/src/components/commons/Table/components/TableHead.vue
FN:38,(anonymous_0)
FN:45,(anonymous_1)
FN:51,(anonymous_2)
FN:52,(anonymous_3)
FNF:4
FNH:0
FNDA:0,(anonymous_0)
FNDA:0,(anonymous_1)
FNDA:0,(anonymous_2)
FNDA:0,(anonymous_3)
DA:32,0
DA:34,0
DA:46,0
DA:47,0
DA:48,0
DA:50,0
DA:51,0
DA:53,0
DA:55,0
DA:56,0
DA:61,0
LF:11
LH:0
BRDA:55,0,0,0
BRDA:55,0,1,0
BRDA:55,1,0,0
BRDA:55,1,1,0
BRF:4
BRH:0
end_of_record
TN:
SF:/Users/ferdi/Desktop/Development/loket-admin/src/components/commons/Table/components/TableSkeleton.vue
FNF:0
FNH:0
DA:13,0
DA:15,0
LF:2
LH:0
BRF:0
BRH:0
end_of_record
TN:
SF:/Users/ferdi/Desktop/Development/loket-admin/src/components/commons/Table/hooks/usePagination.js
FN:12,(anonymous_0)
FN:44,(anonymous_1)
FN:45,(anonymous_2)
FNF:3
FNH:0
FNDA:0,(anonymous_0)
FNDA:0,(anonymous_1)
FNDA:0,(anonymous_2)
DA:5,0
DA:12,0
DA:13,0
DA:14,0
DA:15,0
DA:16,0
DA:17,0
DA:18,0
DA:21,0
DA:22,0
DA:25,0
DA:26,0
DA:28,0
DA:30,0
DA:31,0
DA:33,0
DA:34,0
DA:35,0
DA:36,0
DA:38,0
DA:41,0
DA:44,0
DA:45,0
DA:46,0
DA:48,0
DA:56,0
LF:26
LH:0
BRDA:21,0,0,0
BRDA:21,0,1,0
BRDA:25,1,0,0
BRDA:25,1,1,0
BRDA:30,2,0,0
BRDA:30,2,1,0
BRDA:35,3,0,0
BRDA:35,3,1,0
BRF:8
BRH:0
end_of_record
TN:
SF:/Users/ferdi/Desktop/Development/loket-admin/src/components/commons/TextField/TextField.vue
FN:25,(anonymous_0)
FNF:1
FNH:0
FNDA:0,(anonymous_0)
DA:5,0
DA:26,0
DA:28,0
DA:29,0
DA:31,0
LF:5
LH:0
BRDA:28,0,0,0
BRDA:28,0,1,0
BRDA:29,1,0,0
BRDA:29,1,1,0
BRF:4
BRH:0
end_of_record
TN:
SF:/Users/ferdi/Desktop/Development/loket-admin/src/components/commons/TextField/index.js
FNF:0
FNH:0
LF:0
LH:0
BRF:0
BRH:0
end_of_record
TN:
SF:/Users/ferdi/Desktop/Development/loket-admin/src/components/fragments/@Base/Content/Content.vue
FN:33,(anonymous_0)
FN:37,(anonymous_1)
FN:41,(anonymous_2)
FN:45,(anonymous_3)
FNF:4
FNH:0
FNDA:0,(anonymous_0)
FNDA:0,(anonymous_1)
FNDA:0,(anonymous_2)
FNDA:0,(anonymous_3)
DA:21,0
DA:22,0
DA:23,0
DA:24,0
DA:25,0
DA:27,0
DA:34,0
DA:35,0
DA:37,0
DA:38,0
DA:41,0
DA:42,0
DA:45,0
DA:46,0
DA:49,0
LF:15
LH:0
BRF:0
BRH:0
end_of_record
TN:
SF:/Users/ferdi/Desktop/Development/loket-admin/src/components/fragments/@Base/Content/index.js
FNF:0
FNH:0
LF:0
LH:0
BRF:0
BRH:0
end_of_record
TN:
SF:/Users/ferdi/Desktop/Development/loket-admin/src/components/fragments/@Base/Header/Header.vue
FNF:0
FNH:0
DA:11,0
DA:12,0
DA:14,0
LF:3
LH:0
BRF:0
BRH:0
end_of_record
TN:
SF:/Users/ferdi/Desktop/Development/loket-admin/src/components/fragments/@Base/Header/SearchForm.vue
FNF:0
FNH:0
DA:11,0
DA:13,0
LF:2
LH:0
BRF:0
BRH:0
end_of_record
TN:
SF:/Users/ferdi/Desktop/Development/loket-admin/src/components/fragments/@Base/Header/index.js
FNF:0
FNH:0
LF:0
LH:0
BRF:0
BRH:0
end_of_record
TN:
SF:/Users/ferdi/Desktop/Development/loket-admin/src/components/fragments/@Base/Sidebar/MenuItem.vue
FN:31,(anonymous_0)
FN:35,(anonymous_1)
FN:39,(anonymous_2)
FN:43,(anonymous_3)
FNF:4
FNH:0
FNDA:0,(anonymous_0)
FNDA:0,(anonymous_1)
FNDA:0,(anonymous_2)
FNDA:0,(anonymous_3)
DA:15,0
DA:16,0
DA:17,0
DA:19,0
DA:32,0
DA:33,0
DA:35,0
DA:36,0
DA:39,0
DA:40,0
DA:43,0
DA:47,0
LF:12
LH:0
BRF:0
BRH:0
end_of_record
TN:
SF:/Users/ferdi/Desktop/Development/loket-admin/src/components/fragments/@Base/Sidebar/MenuList.vue
FN:23,(anonymous_0)
FN:26,(anonymous_1)
FN:31,(anonymous_2)
FN:35,(anonymous_3)
FN:36,(anonymous_4)
FN:37,(anonymous_5)
FN:41,(anonymous_6)
FN:45,(anonymous_7)
FNF:8
FNH:0
FNDA:0,(anonymous_0)
FNDA:0,(anonymous_1)
FNDA:0,(anonymous_2)
FNDA:0,(anonymous_3)
FNDA:0,(anonymous_4)
FNDA:0,(anonymous_5)
FNDA:0,(anonymous_6)
FNDA:0,(anonymous_7)
DA:12,0
DA:13,0
DA:14,0
DA:16,0
DA:23,0
DA:27,0
DA:28,0
DA:29,0
DA:31,0
DA:32,0
DA:35,0
DA:36,0
DA:37,0
DA:41,0
DA:42,0
DA:45,0
DA:46,0
DA:51,0
LF:18
LH:0
BRF:0
BRH:0
end_of_record
TN:
SF:/Users/ferdi/Desktop/Development/loket-admin/src/components/fragments/@Base/Sidebar/Sidebar.vue
FN:23,(anonymous_0)
FNF:1
FNH:0
FNDA:0,(anonymous_0)
DA:11,0
DA:12,0
DA:13,0
DA:14,0
DA:15,0
DA:17,0
DA:24,0
DA:26,0
LF:8
LH:0
BRF:0
BRH:0
end_of_record
TN:
SF:/Users/ferdi/Desktop/Development/loket-admin/src/components/fragments/@Base/Sidebar/SubMenu.vue
FN:31,(anonymous_0)
FN:35,(anonymous_1)
FN:39,(anonymous_2)
FN:43,(anonymous_3)
FN:47,(anonymous_4)
FNF:5
FNH:0
FNDA:0,(anonymous_0)
FNDA:0,(anonymous_1)
FNDA:0,(anonymous_2)
FNDA:0,(anonymous_3)
FNDA:0,(anonymous_4)
DA:22,0
DA:23,0
DA:25,0
DA:32,0
DA:33,0
DA:35,0
DA:36,0
DA:39,0
DA:40,0
DA:43,0
DA:44,0
DA:47,0
DA:48,0
DA:51,0
LF:14
LH:0
BRF:0
BRH:0
end_of_record
TN:
SF:/Users/ferdi/Desktop/Development/loket-admin/src/components/fragments/@Base/Sidebar/index.js
FNF:0
FNH:0
LF:0
LH:0
BRF:0
BRH:0
end_of_record
TN:
SF:/Users/ferdi/Desktop/Development/loket-admin/src/components/fragments/Announcement/ActionButton.vue
FN:35,(anonymous_0)
FN:38,(anonymous_1)
FN:39,(anonymous_2)
FNF:3
FNH:0
FNDA:0,(anonymous_0)
FNDA:0,(anonymous_1)
FNDA:0,(anonymous_2)
DA:26,0
DA:28,0
DA:39,0
DA:40,0
DA:43,0
LF:5
LH:0
BRF:0
BRH:0
end_of_record
TN:
SF:/Users/ferdi/Desktop/Development/loket-admin/src/components/fragments/Announcement/Header.vue
FN:24,(anonymous_0)
FN:27,(anonymous_1)
FNF:2
FNH:0
FNDA:0,(anonymous_0)
FNDA:0,(anonymous_1)
DA:17,0
DA:18,0
DA:20,0
DA:25,0
DA:27,0
DA:28,0
DA:31,0
LF:7
LH:0
BRF:0
BRH:0
end_of_record
TN:
SF:/Users/ferdi/Desktop/Development/loket-admin/src/components/fragments/Announcement/List.vue
FN:43,(anonymous_0)
FN:64,(anonymous_1)
FN:68,(anonymous_2)
FN:72,(anonymous_3)
FN:76,(anonymous_4)
FN:80,(anonymous_5)
FN:84,(anonymous_6)
FN:88,(anonymous_7)
FNF:8
FNH:0
FNDA:0,(anonymous_0)
FNDA:0,(anonymous_1)
FNDA:0,(anonymous_2)
FNDA:0,(anonymous_3)
FNDA:0,(anonymous_4)
FNDA:0,(anonymous_5)
FNDA:0,(anonymous_6)
FNDA:0,(anonymous_7)
DA:31,0
DA:32,0
DA:33,0
DA:34,0
DA:35,0
DA:37,0
DA:44,0
DA:46,0
DA:64,0
DA:65,0
DA:68,0
DA:69,0
DA:72,0
DA:73,0
DA:76,0
DA:77,0
DA:80,0
DA:81,0
DA:84,0
DA:88,0
DA:89,0
DA:92,0
LF:22
LH:0
BRF:0
BRH:0
end_of_record
TN:
SF:/Users/ferdi/Desktop/Development/loket-admin/src/components/fragments/Announcement/Status.vue
FN:38,(anonymous_0)
FNF:1
FNH:0
FNDA:0,(anonymous_0)
DA:29,0
DA:31,0
LF:2
LH:0
BRF:0
BRH:0
end_of_record
TN:
SF:/Users/ferdi/Desktop/Development/loket-admin/src/components/fragments/BlacklistEvent/Header.vue
FNF:0
FNH:0
DA:11,0
LF:1
LH:0
BRF:0
BRH:0
end_of_record
TN:
SF:/Users/ferdi/Desktop/Development/loket-admin/src/components/fragments/BlacklistEvent/List.vue
FN:44,(anonymous_0)
FN:69,(anonymous_1)
FN:73,(anonymous_2)
FNF:3
FNH:0
FNDA:0,(anonymous_0)
FNDA:0,(anonymous_1)
FNDA:0,(anonymous_2)
DA:33,0
DA:34,0
DA:35,0
DA:36,0
DA:37,0
DA:39,0
DA:45,0
DA:47,0
DA:69,0
DA:70,0
DA:73,0
DA:74,0
DA:77,0
LF:13
LH:0
BRF:0
BRH:0
end_of_record
TN:
SF:/Users/ferdi/Desktop/Development/loket-admin/src/components/fragments/BlacklistWord/Header.vue
FN:24,(anonymous_0)
FN:27,(anonymous_1)
FNF:2
FNH:0
FNDA:0,(anonymous_0)
FNDA:0,(anonymous_1)
DA:17,0
DA:18,0
DA:20,0
DA:25,0
DA:27,0
DA:28,0
DA:31,0
LF:7
LH:0
BRF:0
BRH:0
end_of_record
TN:
SF:/Users/ferdi/Desktop/Development/loket-admin/src/components/fragments/BlacklistWord/List.vue
FN:45,(anonymous_0)
FN:71,(anonymous_1)
FN:75,(anonymous_2)
FNF:3
FNH:0
FNDA:0,(anonymous_0)
FNDA:0,(anonymous_1)
FNDA:0,(anonymous_2)
DA:32,0
DA:33,0
DA:34,0
DA:35,0
DA:36,0
DA:37,0
DA:39,0
DA:46,0
DA:48,0
DA:71,0
DA:72,0
DA:75,0
DA:76,0
DA:79,0
LF:14
LH:0
BRF:0
BRH:0
end_of_record
TN:
SF:/Users/ferdi/Desktop/Development/loket-admin/src/components/fragments/Discount/ActionButton.vue
FN:25,(anonymous_0)
FN:28,(anonymous_1)
FN:29,(anonymous_2)
FNF:3
FNH:0
FNDA:0,(anonymous_0)
FNDA:0,(anonymous_1)
FNDA:0,(anonymous_2)
DA:16,0
DA:18,0
DA:29,0
DA:30,0
DA:33,0
LF:5
LH:0
BRF:0
BRH:0
end_of_record
TN:
SF:/Users/ferdi/Desktop/Development/loket-admin/src/components/fragments/Discount/Header.vue
FN:24,(anonymous_0)
FN:27,(anonymous_1)
FNF:2
FNH:0
FNDA:0,(anonymous_0)
FNDA:0,(anonymous_1)
DA:17,0
DA:18,0
DA:20,0
DA:25,0
DA:27,0
DA:28,0
DA:31,0
LF:7
LH:0
BRF:0
BRH:0
end_of_record
TN:
SF:/Users/ferdi/Desktop/Development/loket-admin/src/components/fragments/Discount/List.vue
FN:56,(anonymous_0)
FN:89,(anonymous_1)
FN:93,(anonymous_2)
FNF:3
FNH:0
FNDA:0,(anonymous_0)
FNDA:0,(anonymous_1)
FNDA:0,(anonymous_2)
DA:45,0
DA:46,0
DA:47,0
DA:48,0
DA:49,0
DA:51,0
DA:57,0
DA:59,0
DA:89,0
DA:90,0
DA:93,0
DA:94,0
DA:97,0
LF:13
LH:0
BRF:0
BRH:0
end_of_record
TN:
SF:/Users/ferdi/Desktop/Development/loket-admin/src/components/fragments/Event/ActionButton.vue
FN:30,(anonymous_0)
FN:33,(anonymous_1)
FN:34,(anonymous_2)
FNF:3
FNH:0
FNDA:0,(anonymous_0)
FNDA:0,(anonymous_1)
FNDA:0,(anonymous_2)
DA:21,0
DA:23,0
DA:34,0
DA:35,0
DA:38,0
LF:5
LH:0
BRF:0
BRH:0
end_of_record
TN:
SF:/Users/ferdi/Desktop/Development/loket-admin/src/components/fragments/Event/Header.vue
FNF:0
FNH:0
DA:19,0
DA:20,0
DA:22,0
LF:3
LH:0
BRF:0
BRH:0
end_of_record
TN:
SF:/Users/ferdi/Desktop/Development/loket-admin/src/components/fragments/Event/List.vue
FN:78,(anonymous_0)
FN:107,(anonymous_1)
FN:111,(anonymous_2)
FN:115,(anonymous_3)
FNF:4
FNH:0
FNDA:0,(anonymous_0)
FNDA:0,(anonymous_1)
FNDA:0,(anonymous_2)
FNDA:0,(anonymous_3)
DA:64,0
DA:65,0
DA:66,0
DA:67,0
DA:68,0
DA:69,0
DA:70,0
DA:72,0
DA:79,0
DA:81,0
DA:107,0
DA:108,0
DA:111,0
DA:112,0
DA:115,0
DA:117,0
LF:16
LH:0
BRF:0
BRH:0
end_of_record
TN:
SF:/Users/ferdi/Desktop/Development/loket-admin/src/components/fragments/Event/OrderButton.vue
FN:34,(anonymous_0)
FN:37,(anonymous_1)
FN:38,(anonymous_2)
FNF:3
FNH:0
FNDA:0,(anonymous_0)
FNDA:0,(anonymous_1)
FNDA:0,(anonymous_2)
DA:25,0
DA:27,0
DA:38,0
DA:39,0
DA:42,0
LF:5
LH:0
BRF:0
BRH:0
end_of_record
TN:
SF:/Users/ferdi/Desktop/Development/loket-admin/src/components/fragments/FailedWithdraw/Header.vue
FNF:0
FNH:0
DA:11,0
LF:1
LH:0
BRF:0
BRH:0
end_of_record
TN:
SF:/Users/ferdi/Desktop/Development/loket-admin/src/components/fragments/FailedWithdraw/List.vue
FN:78,(anonymous_0)
FN:99,(anonymous_1)
FN:103,(anonymous_2)
FNF:3
FNH:0
FNDA:0,(anonymous_0)
FNDA:0,(anonymous_1)
FNDA:0,(anonymous_2)
DA:67,0
DA:68,0
DA:69,0
DA:70,0
DA:71,0
DA:73,0
DA:79,0
DA:81,0
DA:99,0
DA:100,0
DA:103,0
DA:104,0
DA:107,0
LF:13
LH:0
BRF:0
BRH:0
end_of_record
TN:
SF:/Users/ferdi/Desktop/Development/loket-admin/src/components/fragments/Feedback/ActionButton.vue
FN:25,(anonymous_0)
FN:28,(anonymous_1)
FN:29,(anonymous_2)
FNF:3
FNH:0
FNDA:0,(anonymous_0)
FNDA:0,(anonymous_1)
FNDA:0,(anonymous_2)
DA:16,0
DA:18,0
DA:29,0
DA:30,0
DA:33,0
LF:5
LH:0
BRF:0
BRH:0
end_of_record
TN:
SF:/Users/ferdi/Desktop/Development/loket-admin/src/components/fragments/Feedback/Header.vue
FNF:0
FNH:0
DA:11,0
LF:1
LH:0
BRF:0
BRH:0
end_of_record
TN:
SF:/Users/ferdi/Desktop/Development/loket-admin/src/components/fragments/Feedback/List.vue
FN:56,(anonymous_0)
FN:78,(anonymous_1)
FN:82,(anonymous_2)
FNF:3
FNH:0
FNDA:0,(anonymous_0)
FNDA:0,(anonymous_1)
FNDA:0,(anonymous_2)
DA:45,0
DA:46,0
DA:47,0
DA:48,0
DA:49,0
DA:51,0
DA:57,0
DA:59,0
DA:78,0
DA:79,0
DA:82,0
DA:83,0
DA:86,0
LF:13
LH:0
BRF:0
BRH:0
end_of_record
TN:
SF:/Users/ferdi/Desktop/Development/loket-admin/src/components/fragments/Hero/ActionButton.vue
FN:31,(anonymous_0)
FN:34,(anonymous_1)
FN:35,(anonymous_2)
FNF:3
FNH:0
FNDA:0,(anonymous_0)
FNDA:0,(anonymous_1)
FNDA:0,(anonymous_2)
DA:22,0
DA:24,0
DA:35,0
DA:36,0
DA:39,0
LF:5
LH:0
BRF:0
BRH:0
end_of_record
TN:
SF:/Users/ferdi/Desktop/Development/loket-admin/src/components/fragments/Hero/Filter.vue
FN:32,(anonymous_0)
FN:35,(anonymous_1)
FNF:2
FNH:0
FNDA:0,(anonymous_0)
FNDA:0,(anonymous_1)
DA:25,0
DA:26,0
DA:28,0
DA:33,0
DA:35,0
DA:36,0
DA:39,0
LF:7
LH:0
BRF:0
BRH:0
end_of_record
TN:
SF:/Users/ferdi/Desktop/Development/loket-admin/src/components/fragments/Hero/List.vue
FN:49,(anonymous_0)
FN:71,(anonymous_1)
FN:75,(anonymous_2)
FN:79,(anonymous_3)
FNF:4
FNH:0
FNDA:0,(anonymous_0)
FNDA:0,(anonymous_1)
FNDA:0,(anonymous_2)
FNDA:0,(anonymous_3)
DA:33,0
DA:34,0
DA:35,0
DA:36,0
DA:37,0
DA:38,0
DA:39,0
DA:40,0
DA:42,0
DA:50,0
DA:52,0
DA:71,0
DA:72,0
DA:75,0
DA:76,0
DA:79,0
DA:81,0
LF:17
LH:0
BRF:0
BRH:0
end_of_record
TN:
SF:/Users/ferdi/Desktop/Development/loket-admin/src/components/fragments/Hero/OrderButton.vue
FN:34,(anonymous_0)
FN:37,(anonymous_1)
FN:38,(anonymous_2)
FNF:3
FNH:0
FNDA:0,(anonymous_0)
FNDA:0,(anonymous_1)
FNDA:0,(anonymous_2)
DA:25,0
DA:27,0
DA:38,0
DA:39,0
DA:42,0
LF:5
LH:0
BRF:0
BRH:0
end_of_record
TN:
SF:/Users/ferdi/Desktop/Development/loket-admin/src/components/fragments/ListAdmin/ActionButton.vue
FN:25,(anonymous_0)
FN:28,(anonymous_1)
FN:29,(anonymous_2)
FNF:3
FNH:0
FNDA:0,(anonymous_0)
FNDA:0,(anonymous_1)
FNDA:0,(anonymous_2)
DA:16,0
DA:18,0
DA:29,0
DA:30,0
DA:33,0
LF:5
LH:0
BRF:0
BRH:0
end_of_record
TN:
SF:/Users/ferdi/Desktop/Development/loket-admin/src/components/fragments/ListAdmin/Header.vue
FN:24,(anonymous_0)
FN:27,(anonymous_1)
FNF:2
FNH:0
FNDA:0,(anonymous_0)
FNDA:0,(anonymous_1)
DA:17,0
DA:18,0
DA:20,0
DA:25,0
DA:27,0
DA:28,0
DA:31,0
LF:7
LH:0
BRF:0
BRH:0
end_of_record
TN:
SF:/Users/ferdi/Desktop/Development/loket-admin/src/components/fragments/ListAdmin/List.vue
FN:36,(anonymous_0)
FN:56,(anonymous_1)
FN:60,(anonymous_2)
FNF:3
FNH:0
FNDA:0,(anonymous_0)
FNDA:0,(anonymous_1)
FNDA:0,(anonymous_2)
DA:25,0
DA:26,0
DA:27,0
DA:28,0
DA:29,0
DA:31,0
DA:37,0
DA:39,0
DA:56,0
DA:57,0
DA:60,0
DA:61,0
DA:64,0
LF:13
LH:0
BRF:0
BRH:0
end_of_record
TN:
SF:/Users/ferdi/Desktop/Development/loket-admin/src/components/fragments/LiveStreaming/EventLiveStreaming/EventError.vue
FN:22,(anonymous_0)
FNF:1
FNH:0
FNDA:0,(anonymous_0)
DA:13,0
DA:15,0
LF:2
LH:0
BRF:0
BRH:0
end_of_record
TN:
SF:/Users/ferdi/Desktop/Development/loket-admin/src/components/fragments/LiveStreaming/EventLiveStreaming/EventLiveStreamingItem.vue
FN:42,(anonymous_0)
FNF:1
FNH:0
FNDA:0,(anonymous_0)
DA:33,0
DA:35,0
LF:2
LH:0
BRF:0
BRH:0
end_of_record
TN:
SF:/Users/ferdi/Desktop/Development/loket-admin/src/components/fragments/LiveStreaming/EventLiveStreaming/EventLiveStreamingList.vue
FN:31,(anonymous_0)
FN:34,(anonymous_1)
FN:38,(anonymous_2)
FN:42,(anonymous_3)
FN:46,(anonymous_4)
FNF:5
FNH:0
FNDA:0,(anonymous_0)
FNDA:0,(anonymous_1)
FNDA:0,(anonymous_2)
FNDA:0,(anonymous_3)
FNDA:0,(anonymous_4)
DA:17,0
DA:18,0
DA:19,0
DA:20,0
DA:21,0
DA:22,0
DA:24,0
DA:32,0
DA:34,0
DA:35,0
DA:38,0
DA:39,0
DA:42,0
DA:43,0
DA:46,0
DA:47,0
DA:50,0
DA:52,0
LF:18
LH:0
BRF:0
BRH:0
end_of_record
TN:
SF:/Users/ferdi/Desktop/Development/loket-admin/src/components/fragments/LiveStreaming/EventLiveStreaming/EventLoader.vue
FNF:0
FNH:0
DA:17,0
DA:18,0
DA:20,0
LF:3
LH:0
BRF:0
BRH:0
end_of_record
TN:
SF:/Users/ferdi/Desktop/Development/loket-admin/src/components/fragments/LiveStreaming/EventLiveStreaming/List.vue
FN:15,(anonymous_0)
FN:18,(anonymous_1)
FN:22,(anonymous_2)
FN:26,(anonymous_3)
FN:30,(anonymous_4)
FNF:5
FNH:0
FNDA:0,(anonymous_0)
FNDA:0,(anonymous_1)
FNDA:0,(anonymous_2)
FNDA:0,(anonymous_3)
FNDA:0,(anonymous_4)
DA:7,0
DA:8,0
DA:9,0
DA:11,0
DA:16,0
DA:18,0
DA:19,0
DA:22,0
DA:23,0
DA:26,0
DA:27,0
DA:30,0
DA:31,0
DA:34,0
DA:36,0
LF:15
LH:0
BRF:0
BRH:0
end_of_record
TN:
SF:/Users/ferdi/Desktop/Development/loket-admin/src/components/fragments/LiveStreaming/EventLiveStreaming/index.js
FNF:0
FNH:0
LF:0
LH:0
BRF:0
BRH:0
end_of_record
TN:
SF:/Users/ferdi/Desktop/Development/loket-admin/src/components/fragments/LoketAds/Header.vue
FN:24,(anonymous_0)
FN:27,(anonymous_1)
FNF:2
FNH:0
FNDA:0,(anonymous_0)
FNDA:0,(anonymous_1)
DA:17,0
DA:18,0
DA:20,0
DA:25,0
DA:27,0
DA:28,0
DA:31,0
LF:7
LH:0
BRF:0
BRH:0
end_of_record
TN:
SF:/Users/ferdi/Desktop/Development/loket-admin/src/components/fragments/LoketAds/List.vue
FN:43,(anonymous_0)
FN:64,(anonymous_1)
FN:68,(anonymous_2)
FNF:3
FNH:0
FNDA:0,(anonymous_0)
FNDA:0,(anonymous_1)
FNDA:0,(anonymous_2)
DA:30,0
DA:31,0
DA:32,0
DA:33,0
DA:34,0
DA:35,0
DA:37,0
DA:44,0
DA:46,0
DA:64,0
DA:65,0
DA:68,0
DA:69,0
DA:72,0
LF:14
LH:0
BRF:0
BRH:0
end_of_record
TN:
SF:/Users/ferdi/Desktop/Development/loket-admin/src/components/fragments/Partner/ActionButton.vue
FN:30,(anonymous_0)
FN:33,(anonymous_1)
FN:34,(anonymous_2)
FNF:3
FNH:0
FNDA:0,(anonymous_0)
FNDA:0,(anonymous_1)
FNDA:0,(anonymous_2)
DA:21,0
DA:23,0
DA:34,0
DA:35,0
DA:38,0
LF:5
LH:0
BRF:0
BRH:0
end_of_record
TN:
SF:/Users/ferdi/Desktop/Development/loket-admin/src/components/fragments/Partner/Header.vue
FN:24,(anonymous_0)
FN:27,(anonymous_1)
FNF:2
FNH:0
FNDA:0,(anonymous_0)
FNDA:0,(anonymous_1)
DA:17,0
DA:18,0
DA:20,0
DA:25,0
DA:27,0
DA:28,0
DA:31,0
LF:7
LH:0
BRF:0
BRH:0
end_of_record
TN:
SF:/Users/ferdi/Desktop/Development/loket-admin/src/components/fragments/Partner/List.vue
FN:58,(anonymous_0)
FN:80,(anonymous_1)
FN:84,(anonymous_2)
FN:88,(anonymous_3)
FNF:4
FNH:0
FNDA:0,(anonymous_0)
FNDA:0,(anonymous_1)
FNDA:0,(anonymous_2)
FNDA:0,(anonymous_3)
DA:42,0
DA:43,0
DA:44,0
DA:45,0
DA:46,0
DA:47,0
DA:48,0
DA:49,0
DA:51,0
DA:59,0
DA:61,0
DA:80,0
DA:81,0
DA:84,0
DA:85,0
DA:88,0
DA:90,0
LF:17
LH:0
BRF:0
BRH:0
end_of_record
TN:
SF:/Users/ferdi/Desktop/Development/loket-admin/src/components/fragments/Partner/OrderButton.vue
FN:34,(anonymous_0)
FN:37,(anonymous_1)
FN:38,(anonymous_2)
FNF:3
FNH:0
FNDA:0,(anonymous_0)
FNDA:0,(anonymous_1)
FNDA:0,(anonymous_2)
DA:25,0
DA:27,0
DA:38,0
DA:39,0
DA:42,0
LF:5
LH:0
BRF:0
BRH:0
end_of_record
TN:
SF:/Users/ferdi/Desktop/Development/loket-admin/src/components/fragments/PivotBank/ActionButton.vue
FN:35,(anonymous_0)
FN:39,(anonymous_1)
FN:42,(anonymous_2)
FN:43,(anonymous_3)
FNF:4
FNH:0
FNDA:0,(anonymous_0)
FNDA:0,(anonymous_1)
FNDA:0,(anonymous_2)
FNDA:0,(anonymous_3)
DA:26,0
DA:28,0
DA:43,0
DA:44,0
DA:47,0
LF:5
LH:0
BRF:0
BRH:0
end_of_record
TN:
SF:/Users/ferdi/Desktop/Development/loket-admin/src/components/fragments/PivotBank/Header.vue
FN:24,(anonymous_0)
FN:27,(anonymous_1)
FNF:2
FNH:0
FNDA:0,(anonymous_0)
FNDA:0,(anonymous_1)
DA:17,0
DA:18,0
DA:20,0
DA:25,0
DA:27,0
DA:28,0
DA:31,0
LF:7
LH:0
BRF:0
BRH:0
end_of_record
TN:
SF:/Users/ferdi/Desktop/Development/loket-admin/src/components/fragments/PivotBank/List.vue
FN:41,(anonymous_0)
FN:62,(anonymous_1)
FN:66,(anonymous_2)
FN:70,(anonymous_3)
FNF:4
FNH:0
FNDA:0,(anonymous_0)
FNDA:0,(anonymous_1)
FNDA:0,(anonymous_2)
FNDA:0,(anonymous_3)
DA:28,0
DA:29,0
DA:30,0
DA:31,0
DA:32,0
DA:33,0
DA:35,0
DA:42,0
DA:43,0
DA:45,0
DA:62,0
DA:63,0
DA:66,0
DA:67,0
DA:70,0
DA:71,0
DA:74,0
LF:17
LH:0
BRF:0
BRH:0
end_of_record
TN:
SF:/Users/ferdi/Desktop/Development/loket-admin/src/components/fragments/Role/ActionButton.vue
FN:25,(anonymous_0)
FN:28,(anonymous_1)
FN:29,(anonymous_2)
FNF:3
FNH:0
FNDA:0,(anonymous_0)
FNDA:0,(anonymous_1)
FNDA:0,(anonymous_2)
DA:16,0
DA:18,0
DA:29,0
DA:30,0
DA:33,0
LF:5
LH:0
BRF:0
BRH:0
end_of_record
TN:
SF:/Users/ferdi/Desktop/Development/loket-admin/src/components/fragments/Role/Header.vue
FN:24,(anonymous_0)
FN:27,(anonymous_1)
FNF:2
FNH:0
FNDA:0,(anonymous_0)
FNDA:0,(anonymous_1)
DA:17,0
DA:18,0
DA:20,0
DA:25,0
DA:27,0
DA:28,0
DA:31,0
LF:7
LH:0
BRF:0
BRH:0
end_of_record
TN:
SF:/Users/ferdi/Desktop/Development/loket-admin/src/components/fragments/Role/List.vue
FN:29,(anonymous_0)
FN:48,(anonymous_1)
FN:52,(anonymous_2)
FNF:3
FNH:0
FNDA:0,(anonymous_0)
FNDA:0,(anonymous_1)
FNDA:0,(anonymous_2)
DA:18,0
DA:19,0
DA:20,0
DA:21,0
DA:22,0
DA:24,0
DA:30,0
DA:32,0
DA:48,0
DA:49,0
DA:52,0
DA:53,0
DA:56,0
LF:13
LH:0
BRF:0
BRH:0
end_of_record
TN:
SF:/Users/ferdi/Desktop/Development/loket-admin/src/components/fragments/Thematic/ActionButton.vue
FN:42,(anonymous_0)
FN:45,(anonymous_1)
FN:46,(anonymous_2)
FNF:3
FNH:0
FNDA:0,(anonymous_0)
FNDA:0,(anonymous_1)
FNDA:0,(anonymous_2)
DA:33,0
DA:35,0
DA:46,0
DA:47,0
DA:50,0
LF:5
LH:0
BRF:0
BRH:0
end_of_record
TN:
SF:/Users/ferdi/Desktop/Development/loket-admin/src/components/fragments/Thematic/ThematicList.vue
FN:70,(anonymous_0)
FN:83,(anonymous_1)
FN:86,(anonymous_2)
FN:90,(anonymous_3)
FN:94,(anonymous_4)
FN:96,(anonymous_5)
FN:100,(anonymous_6)
FNF:7
FNH:0
FNDA:0,(anonymous_0)
FNDA:0,(anonymous_1)
FNDA:0,(anonymous_2)
FNDA:0,(anonymous_3)
FNDA:0,(anonymous_4)
FNDA:0,(anonymous_5)
FNDA:0,(anonymous_6)
DA:56,0
DA:57,0
DA:58,0
DA:59,0
DA:60,0
DA:61,0
DA:62,0
DA:64,0
DA:71,0
DA:72,0
DA:74,0
DA:83,0
DA:84,0
DA:86,0
DA:87,0
DA:90,0
DA:91,0
DA:94,0
DA:96,0
DA:97,0
DA:100,0
DA:102,0
DA:104,0
LF:23
LH:0
BRF:0
BRH:0
end_of_record
TN:
SF:/Users/ferdi/Desktop/Development/loket-admin/src/components/fragments/Thematic/index.js
FNF:0
FNH:0
LF:0
LH:0
BRF:0
BRH:0
end_of_record
TN:
SF:/Users/ferdi/Desktop/Development/loket-admin/src/components/fragments/URLRedirection/Header.vue
FN:24,(anonymous_0)
FN:27,(anonymous_1)
FNF:2
FNH:0
FNDA:0,(anonymous_0)
FNDA:0,(anonymous_1)
DA:17,0
DA:18,0
DA:20,0
DA:25,0
DA:27,0
DA:28,0
DA:31,0
LF:7
LH:0
BRF:0
BRH:0
end_of_record
TN:
SF:/Users/ferdi/Desktop/Development/loket-admin/src/components/fragments/URLRedirection/List.vue
FN:43,(anonymous_0)
FN:64,(anonymous_1)
FN:68,(anonymous_2)
FNF:3
FNH:0
FNDA:0,(anonymous_0)
FNDA:0,(anonymous_1)
FNDA:0,(anonymous_2)
DA:30,0
DA:31,0
DA:32,0
DA:33,0
DA:34,0
DA:35,0
DA:37,0
DA:44,0
DA:46,0
DA:64,0
DA:65,0
DA:68,0
DA:69,0
DA:72,0
LF:14
LH:0
BRF:0
BRH:0
end_of_record
TN:
SF:/Users/ferdi/Desktop/Development/loket-admin/src/components/fragments/VerifiedDocument/ActionButton.vue
FN:35,(anonymous_0)
FN:38,(anonymous_1)
FN:39,(anonymous_2)
FNF:3
FNH:0
FNDA:0,(anonymous_0)
FNDA:0,(anonymous_1)
FNDA:0,(anonymous_2)
DA:26,0
DA:28,0
DA:39,0
DA:40,0
DA:43,0
LF:5
LH:0
BRF:0
BRH:0
end_of_record
TN:
SF:/Users/ferdi/Desktop/Development/loket-admin/src/components/fragments/VerifiedDocument/Header.vue
FN:15,(anonymous_0)
FN:18,(anonymous_1)
FNF:2
FNH:0
FNDA:0,(anonymous_0)
FNDA:0,(anonymous_1)
DA:11,0
DA:13,0
DA:16,0
DA:18,0
DA:19,0
DA:22,0
LF:6
LH:0
BRF:0
BRH:0
end_of_record
TN:
SF:/Users/ferdi/Desktop/Development/loket-admin/src/components/fragments/VerifiedDocument/List.vue
FN:42,(anonymous_0)
FN:64,(anonymous_1)
FN:68,(anonymous_2)
FNF:3
FNH:0
FNDA:0,(anonymous_0)
FNDA:0,(anonymous_1)
FNDA:0,(anonymous_2)
DA:29,0
DA:30,0
DA:31,0
DA:32,0
DA:33,0
DA:34,0
DA:36,0
DA:43,0
DA:45,0
DA:64,0
DA:65,0
DA:68,0
DA:69,0
DA:72,0
LF:14
LH:0
BRF:0
BRH:0
end_of_record
TN:
SF:/Users/ferdi/Desktop/Development/loket-admin/src/components/fragments/VerifiedDocument/Status.vue
FN:38,(anonymous_0)
FNF:1
FNH:0
FNDA:0,(anonymous_0)
DA:29,0
DA:31,0
LF:2
LH:0
BRF:0
BRH:0
end_of_record
TN:
SF:/Users/ferdi/Desktop/Development/loket-admin/src/components/fragments/VerifiedUser/ActionButton.vue
FN:30,(anonymous_0)
FN:33,(anonymous_1)
FN:34,(anonymous_2)
FNF:3
FNH:0
FNDA:0,(anonymous_0)
FNDA:0,(anonymous_1)
FNDA:0,(anonymous_2)
DA:21,0
DA:23,0
DA:34,0
DA:35,0
DA:38,0
LF:5
LH:0
BRF:0
BRH:0
end_of_record
TN:
SF:/Users/ferdi/Desktop/Development/loket-admin/src/components/fragments/VerifiedUser/Header.vue
FN:24,(anonymous_0)
FN:27,(anonymous_1)
FNF:2
FNH:0
FNDA:0,(anonymous_0)
FNDA:0,(anonymous_1)
DA:17,0
DA:18,0
DA:20,0
DA:25,0
DA:27,0
DA:28,0
DA:31,0
LF:7
LH:0
BRF:0
BRH:0
end_of_record
TN:
SF:/Users/ferdi/Desktop/Development/loket-admin/src/components/fragments/VerifiedUser/List.vue
FN:50,(anonymous_0)
FN:69,(anonymous_1)
FN:73,(anonymous_2)
FN:77,(anonymous_3)
FN:79,(anonymous_4)
FNF:5
FNH:0
FNDA:0,(anonymous_0)
FNDA:0,(anonymous_1)
FNDA:0,(anonymous_2)
FNDA:0,(anonymous_3)
FNDA:0,(anonymous_4)
DA:38,0
DA:39,0
DA:40,0
DA:41,0
DA:42,0
DA:43,0
DA:45,0
DA:51,0
DA:53,0
DA:69,0
DA:70,0
DA:73,0
DA:74,0
DA:77,0
DA:79,0
DA:80,0
DA:83,0
LF:17
LH:0
BRF:0
BRH:0
end_of_record
TN:
SF:/Users/ferdi/Desktop/Development/loket-admin/src/components/fragments/VerifiedUser/OrderButton.vue
FN:34,(anonymous_0)
FN:37,(anonymous_1)
FN:38,(anonymous_2)
FNF:3
FNH:0
FNDA:0,(anonymous_0)
FNDA:0,(anonymous_1)
FNDA:0,(anonymous_2)
DA:25,0
DA:27,0
DA:38,0
DA:39,0
DA:42,0
LF:5
LH:0
BRF:0
BRH:0
end_of_record
TN:
SF:/Users/ferdi/Desktop/Development/loket-admin/src/layouts/BlankLayout/BlankLayout.vue
FNF:0
FNH:0
DA:5,0
LF:1
LH:0
BRF:0
BRH:0
end_of_record
TN:
SF:/Users/ferdi/Desktop/Development/loket-admin/src/layouts/BlankLayout/index.js
FNF:0
FNH:0
LF:0
LH:0
BRF:0
BRH:0
end_of_record
TN:
SF:/Users/ferdi/Desktop/Development/loket-admin/src/layouts/MainLayout/MainLayout.vue
FNF:0
FNH:0
DA:7,0
DA:8,0
DA:9,0
DA:11,0
LF:4
LH:0
BRF:0
BRH:0
end_of_record
TN:
SF:/Users/ferdi/Desktop/Development/loket-admin/src/layouts/MainLayout/index.js
FNF:0
FNH:0
LF:0
LH:0
BRF:0
BRH:0
end_of_record
TN:
SF:/Users/ferdi/Desktop/Development/loket-admin/src/libs/http.js
FN:1,HttpRequest
FN:21,(anonymous_1)
FN:24,(anonymous_2)
FN:28,(anonymous_3)
FN:29,(anonymous_4)
FN:34,(anonymous_5)
FN:38,(anonymous_6)
FN:52,(anonymous_7)
FN:54,(anonymous_8)
FNF:9
FNH:0
FNDA:0,HttpRequest
FNDA:0,(anonymous_1)
FNDA:0,(anonymous_2)
FNDA:0,(anonymous_3)
FNDA:0,(anonymous_4)
FNDA:0,(anonymous_5)
FNDA:0,(anonymous_6)
FNDA:0,(anonymous_7)
FNDA:0,(anonymous_8)
DA:2,0
DA:3,0
DA:4,0
DA:5,0
DA:6,0
DA:7,0
DA:21,0
DA:22,0
DA:24,0
DA:28,0
DA:29,0
DA:34,0
DA:35,0
DA:38,0
DA:39,0
DA:41,0
DA:44,0
DA:52,0
DA:54,0
DA:55,0
DA:60,0
DA:61,0
DA:63,0
DA:64,0
DA:66,0
DA:68,0
DA:72,0
DA:74,0
DA:76,0
DA:80,0
DA:81,0
DA:82,0
DA:84,0
DA:85,0
DA:87,0
DA:89,0
LF:36
LH:0
BRDA:60,0,0,0
BRDA:60,0,1,0
BRDA:63,1,0,0
BRDA:63,1,1,0
BRF:4
BRH:0
end_of_record
TN:
SF:/Users/ferdi/Desktop/Development/loket-admin/src/libs/font-awesome/FontAwesomeIcon.vue
FN:22,(anonymous_0)
FN:23,(anonymous_1)
FN:29,(anonymous_2)
FN:30,(anonymous_3)
FN:31,(anonymous_4)
FNF:5
FNH:0
FNDA:0,(anonymous_0)
FNDA:0,(anonymous_1)
FNDA:0,(anonymous_2)
FNDA:0,(anonymous_3)
FNDA:0,(anonymous_4)
DA:8,0
DA:9,0
DA:10,0
DA:12,0
DA:23,0
DA:24,0
DA:26,0
DA:29,0
DA:30,0
DA:31,0
DA:33,0
LF:11
LH:0
BRDA:26,0,0,0
BRDA:26,0,1,0
BRF:2
BRH:0
end_of_record
TN:
SF:/Users/ferdi/Desktop/Development/loket-admin/src/libs/font-awesome/index.js
FNF:0
FNH:0
LF:0
LH:0
BRF:0
BRH:0
end_of_record
TN:
SF:/Users/ferdi/Desktop/Development/loket-admin/src/libs/font-awesome/normalizeIconArgs.js
FN:3,(anonymous_0)
FNF:1
FNH:0
FNDA:0,(anonymous_0)
DA:4,0
DA:5,0
DA:7,0
DA:8,0
DA:11,0
DA:12,0
DA:15,0
DA:16,0
DA:19,0
DA:20,0
DA:23,0
LF:11
LH:0
BRDA:4,0,0,0
BRDA:4,0,1,0
BRDA:7,1,0,0
BRDA:7,1,1,0
BRDA:11,2,0,0
BRDA:11,2,1,0
BRDA:11,3,0,0
BRDA:11,3,1,0
BRDA:11,4,0,0
BRDA:11,4,1,0
BRDA:11,4,2,0
BRDA:15,5,0,0
BRDA:15,5,1,0
BRDA:15,6,0,0
BRDA:15,6,1,0
BRDA:19,7,0,0
BRDA:19,7,1,0
BRF:17
BRH:0
end_of_record
TN:
SF:/Users/ferdi/Desktop/Development/loket-admin/src/pages/Announcement/AnnouncementPage.vue
FNF:0
FNH:0
DA:15,0
DA:16,0
DA:17,0
DA:19,0
LF:4
LH:0
BRF:0
BRH:0
end_of_record
TN:
SF:/Users/ferdi/Desktop/Development/loket-admin/src/pages/Announcement/index.js
FNF:0
FNH:0
LF:0
LH:0
BRF:0
BRH:0
end_of_record
TN:
SF:/Users/ferdi/Desktop/Development/loket-admin/src/pages/Announcement/Create/CreatePage.vue
FN:89,(anonymous_0)
FNF:1
FNH:0
FNDA:0,(anonymous_0)
DA:78,0
DA:79,0
DA:80,0
DA:81,0
DA:83,0
DA:90,0
DA:92,0
LF:7
LH:0
BRF:0
BRH:0
end_of_record
TN:
SF:/Users/ferdi/Desktop/Development/loket-admin/src/pages/Announcement/Create/index.js
FNF:0
FNH:0
LF:0
LH:0
BRF:0
BRH:0
end_of_record
TN:
SF:/Users/ferdi/Desktop/Development/loket-admin/src/pages/BlacklistEvent/BlacklistEventPage.vue
FNF:0
FNH:0
DA:15,0
DA:16,0
DA:17,0
DA:19,0
LF:4
LH:0
BRF:0
BRH:0
end_of_record
TN:
SF:/Users/ferdi/Desktop/Development/loket-admin/src/pages/BlacklistEvent/index.js
FNF:0
FNH:0
LF:0
LH:0
BRF:0
BRH:0
end_of_record
TN:
SF:/Users/ferdi/Desktop/Development/loket-admin/src/pages/BlacklistWord/BlacklistWordPage.vue
FNF:0
FNH:0
DA:15,0
DA:16,0
DA:17,0
DA:19,0
LF:4
LH:0
BRF:0
BRH:0
end_of_record
TN:
SF:/Users/ferdi/Desktop/Development/loket-admin/src/pages/BlacklistWord/index.js
FNF:0
FNH:0
LF:0
LH:0
BRF:0
BRH:0
end_of_record
TN:
SF:/Users/ferdi/Desktop/Development/loket-admin/src/pages/BlacklistWord/Add/AddPage.vue
FNF:0
FNH:0
DA:57,0
DA:58,0
DA:60,0
LF:3
LH:0
BRF:0
BRH:0
end_of_record
TN:
SF:/Users/ferdi/Desktop/Development/loket-admin/src/pages/BlacklistWord/Add/index.js
FNF:0
FNH:0
LF:0
LH:0
BRF:0
BRH:0
end_of_record
TN:
SF:/Users/ferdi/Desktop/Development/loket-admin/src/pages/Discount/DiscountPage.vue
FNF:0
FNH:0
DA:15,0
DA:16,0
DA:17,0
DA:19,0
LF:4
LH:0
BRF:0
BRH:0
end_of_record
TN:
SF:/Users/ferdi/Desktop/Development/loket-admin/src/pages/Discount/index.js
FNF:0
FNH:0
LF:0
LH:0
BRF:0
BRH:0
end_of_record
TN:
SF:/Users/ferdi/Desktop/Development/loket-admin/src/pages/Discount/Add/AddPage.vue
FNF:0
FNH:0
DA:56,0
DA:57,0
DA:59,0
LF:3
LH:0
BRF:0
BRH:0
end_of_record
TN:
SF:/Users/ferdi/Desktop/Development/loket-admin/src/pages/Discount/Add/index.js
FNF:0
FNH:0
LF:0
LH:0
BRF:0
BRH:0
end_of_record
TN:
SF:/Users/ferdi/Desktop/Development/loket-admin/src/pages/Error/404.vue
FN:22,(anonymous_0)
FN:25,(anonymous_1)
FNF:2
FNH:0
FNDA:0,(anonymous_0)
FNDA:0,(anonymous_1)
DA:15,0
DA:16,0
DA:18,0
DA:23,0
DA:25,0
DA:26,0
DA:29,0
LF:7
LH:0
BRF:0
BRH:0
end_of_record
TN:
SF:/Users/ferdi/Desktop/Development/loket-admin/src/pages/Event/EventPage.vue
FNF:0
FNH:0
DA:15,0
DA:16,0
DA:17,0
DA:19,0
LF:4
LH:0
BRF:0
BRH:0
end_of_record
TN:
SF:/Users/ferdi/Desktop/Development/loket-admin/src/pages/Event/index.js
FNF:0
FNH:0
LF:0
LH:0
BRF:0
BRH:0
end_of_record
TN:
SF:/Users/ferdi/Desktop/Development/loket-admin/src/pages/EventLiveStreaming/EventLiveStreaming.vue
FNF:0
FNH:0
DA:28,0
DA:29,0
DA:30,0
DA:32,0
LF:4
LH:0
BRF:0
BRH:0
end_of_record
TN:
SF:/Users/ferdi/Desktop/Development/loket-admin/src/pages/EventLiveStreaming/index.js
FNF:0
FNH:0
LF:0
LH:0
BRF:0
BRH:0
end_of_record
TN:
SF:/Users/ferdi/Desktop/Development/loket-admin/src/pages/EventModules/index.js
FNF:0
FNH:0
LF:0
LH:0
BRF:0
BRH:0
end_of_record
TN:
SF:/Users/ferdi/Desktop/Development/loket-admin/src/pages/FailedWithdraw/FailedWithdrawPage.vue
FNF:0
FNH:0
DA:15,0
DA:16,0
DA:17,0
DA:19,0
LF:4
LH:0
BRF:0
BRH:0
end_of_record
TN:
SF:/Users/ferdi/Desktop/Development/loket-admin/src/pages/FailedWithdraw/index.js
FNF:0
FNH:0
LF:0
LH:0
BRF:0
BRH:0
end_of_record
TN:
SF:/Users/ferdi/Desktop/Development/loket-admin/src/pages/Feedback/FeedbackPage.vue
FNF:0
FNH:0
DA:15,0
DA:16,0
DA:17,0
DA:19,0
LF:4
LH:0
BRF:0
BRH:0
end_of_record
TN:
SF:/Users/ferdi/Desktop/Development/loket-admin/src/pages/Feedback/index.js
FNF:0
FNH:0
LF:0
LH:0
BRF:0
BRH:0
end_of_record
TN:
SF:/Users/ferdi/Desktop/Development/loket-admin/src/pages/Hero/HeroPage.vue
FN:27,(anonymous_0)
FN:30,(anonymous_1)
FNF:2
FNH:0
FNDA:0,(anonymous_0)
FNDA:0,(anonymous_1)
DA:15,0
DA:16,0
DA:17,0
DA:18,0
DA:19,0
DA:21,0
DA:28,0
DA:30,0
DA:31,0
DA:34,0
LF:10
LH:0
BRF:0
BRH:0
end_of_record
TN:
SF:/Users/ferdi/Desktop/Development/loket-admin/src/pages/Hero/index.js
FNF:0
FNH:0
LF:0
LH:0
BRF:0
BRH:0
end_of_record
TN:
SF:/Users/ferdi/Desktop/Development/loket-admin/src/pages/Hero/Create/CreatePage.vue
FNF:0
FNH:0
DA:49,0
DA:50,0
DA:52,0
LF:3
LH:0
BRF:0
BRH:0
end_of_record
TN:
SF:/Users/ferdi/Desktop/Development/loket-admin/src/pages/Hero/Create/index.js
FNF:0
FNH:0
LF:0
LH:0
BRF:0
BRH:0
end_of_record
TN:
SF:/Users/ferdi/Desktop/Development/loket-admin/src/pages/ListAdmin/ListAdminPage.vue
FNF:0
FNH:0
DA:15,0
DA:16,0
DA:17,0
DA:19,0
LF:4
LH:0
BRF:0
BRH:0
end_of_record
TN:
SF:/Users/ferdi/Desktop/Development/loket-admin/src/pages/ListAdmin/index.js
FNF:0
FNH:0
LF:0
LH:0
BRF:0
BRH:0
end_of_record
TN:
SF:/Users/ferdi/Desktop/Development/loket-admin/src/pages/ListAdmin/Add/AddPage.vue
FNF:0
FNH:0
DA:37,0
DA:38,0
DA:40,0
LF:3
LH:0
BRF:0
BRH:0
end_of_record
TN:
SF:/Users/ferdi/Desktop/Development/loket-admin/src/pages/ListAdmin/Add/index.js
FNF:0
FNH:0
LF:0
LH:0
BRF:0
BRH:0
end_of_record
TN:
SF:/Users/ferdi/Desktop/Development/loket-admin/src/pages/LoketAds/LoketAdsPage.vue
FNF:0
FNH:0
DA:15,0
DA:16,0
DA:17,0
DA:19,0
LF:4
LH:0
BRF:0
BRH:0
end_of_record
TN:
SF:/Users/ferdi/Desktop/Development/loket-admin/src/pages/LoketAds/index.js
FNF:0
FNH:0
LF:0
LH:0
BRF:0
BRH:0
end_of_record
TN:
SF:/Users/ferdi/Desktop/Development/loket-admin/src/pages/LoketAds/Create/CreatePage.vue
FNF:0
FNH:0
DA:55,0
DA:56,0
DA:58,0
LF:3
LH:0
BRF:0
BRH:0
end_of_record
TN:
SF:/Users/ferdi/Desktop/Development/loket-admin/src/pages/LoketAds/Create/index.js
FNF:0
FNH:0
LF:0
LH:0
BRF:0
BRH:0
end_of_record
TN:
SF:/Users/ferdi/Desktop/Development/loket-admin/src/pages/Partner/PartnerPage.vue
FNF:0
FNH:0
DA:15,0
DA:16,0
DA:17,0
DA:19,0
LF:4
LH:0
BRF:0
BRH:0
end_of_record
TN:
SF:/Users/ferdi/Desktop/Development/loket-admin/src/pages/Partner/index.js
FNF:0
FNH:0
LF:0
LH:0
BRF:0
BRH:0
end_of_record
TN:
SF:/Users/ferdi/Desktop/Development/loket-admin/src/pages/Partner/Create/CreatePage.vue
FNF:0
FNH:0
DA:73,0
DA:74,0
DA:76,0
LF:3
LH:0
BRF:0
BRH:0
end_of_record
TN:
SF:/Users/ferdi/Desktop/Development/loket-admin/src/pages/Partner/Create/index.js
FNF:0
FNH:0
LF:0
LH:0
BRF:0
BRH:0
end_of_record
TN:
SF:/Users/ferdi/Desktop/Development/loket-admin/src/pages/PivotBank/PivotBankPage.vue
FNF:0
FNH:0
DA:15,0
DA:16,0
DA:17,0
DA:19,0
LF:4
LH:0
BRF:0
BRH:0
end_of_record
TN:
SF:/Users/ferdi/Desktop/Development/loket-admin/src/pages/PivotBank/index.js
FNF:0
FNH:0
LF:0
LH:0
BRF:0
BRH:0
end_of_record
TN:
SF:/Users/ferdi/Desktop/Development/loket-admin/src/pages/PivotBank/Add/AddPage.vue
FNF:0
FNH:0
DA:44,0
DA:45,0
DA:47,0
LF:3
LH:0
BRF:0
BRH:0
end_of_record
TN:
SF:/Users/ferdi/Desktop/Development/loket-admin/src/pages/PivotBank/Add/index.js
FNF:0
FNH:0
LF:0
LH:0
BRF:0
BRH:0
end_of_record
TN:
SF:/Users/ferdi/Desktop/Development/loket-admin/src/pages/Role/RolePage.vue
FNF:0
FNH:0
DA:15,0
DA:16,0
DA:17,0
DA:19,0
LF:4
LH:0
BRF:0
BRH:0
end_of_record
TN:
SF:/Users/ferdi/Desktop/Development/loket-admin/src/pages/Role/index.js
FNF:0
FNH:0
LF:0
LH:0
BRF:0
BRH:0
end_of_record
TN:
SF:/Users/ferdi/Desktop/Development/loket-admin/src/pages/Role/Add/AddPage.vue
FNF:0
FNH:0
DA:63,0
DA:64,0
DA:66,0
LF:3
LH:0
BRF:0
BRH:0
end_of_record
TN:
SF:/Users/ferdi/Desktop/Development/loket-admin/src/pages/Role/Add/index.js
FNF:0
FNH:0
LF:0
LH:0
BRF:0
BRH:0
end_of_record
TN:
SF:/Users/ferdi/Desktop/Development/loket-admin/src/pages/ThematicPage/ThematicPage.vue
FNF:0
FNH:0
DA:9,0
DA:11,0
LF:2
LH:0
BRF:0
BRH:0
end_of_record
TN:
SF:/Users/ferdi/Desktop/Development/loket-admin/src/pages/ThematicPage/index.js
FNF:0
FNH:0
LF:0
LH:0
BRF:0
BRH:0
end_of_record
TN:
SF:/Users/ferdi/Desktop/Development/loket-admin/src/pages/ThematicPage/Create/CreatePage.vue
FNF:0
FNH:0
DA:118,0
DA:119,0
DA:121,0
LF:3
LH:0
BRF:0
BRH:0
end_of_record
TN:
SF:/Users/ferdi/Desktop/Development/loket-admin/src/pages/ThematicPage/Create/index.js
FNF:0
FNH:0
LF:0
LH:0
BRF:0
BRH:0
end_of_record
TN:
SF:/Users/ferdi/Desktop/Development/loket-admin/src/pages/URLRedirection/URLRedirectionPage.vue
FNF:0
FNH:0
DA:15,0
DA:16,0
DA:17,0
DA:19,0
LF:4
LH:0
BRF:0
BRH:0
end_of_record
TN:
SF:/Users/ferdi/Desktop/Development/loket-admin/src/pages/URLRedirection/index.js
FNF:0
FNH:0
LF:0
LH:0
BRF:0
BRH:0
end_of_record
TN:
SF:/Users/ferdi/Desktop/Development/loket-admin/src/pages/URLRedirection/Create/CreatePage.vue
FNF:0
FNH:0
DA:35,0
DA:36,0
DA:38,0
LF:3
LH:0
BRF:0
BRH:0
end_of_record
TN:
SF:/Users/ferdi/Desktop/Development/loket-admin/src/pages/URLRedirection/Create/index.js
FNF:0
FNH:0
LF:0
LH:0
BRF:0
BRH:0
end_of_record
TN:
SF:/Users/ferdi/Desktop/Development/loket-admin/src/pages/VerifiedDocument/VerifiedDocumentPage.vue
FNF:0
FNH:0
DA:15,0
DA:17,0
DA:19,0
LF:3
LH:0
BRF:0
BRH:0
end_of_record
TN:
SF:/Users/ferdi/Desktop/Development/loket-admin/src/pages/VerifiedDocument/index.js
FNF:0
FNH:0
LF:0
LH:0
BRF:0
BRH:0
end_of_record
TN:
SF:/Users/ferdi/Desktop/Development/loket-admin/src/pages/VerifiedDocument/Create/CreatePage.vue
FN:89,(anonymous_0)
FNF:1
FNH:0
FNDA:0,(anonymous_0)
DA:78,0
DA:79,0
DA:80,0
DA:81,0
DA:83,0
DA:90,0
DA:92,0
LF:7
LH:0
BRF:0
BRH:0
end_of_record
TN:
SF:/Users/ferdi/Desktop/Development/loket-admin/src/pages/VerifiedDocument/Create/index.js
FNF:0
FNH:0
LF:0
LH:0
BRF:0
BRH:0
end_of_record
TN:
SF:/Users/ferdi/Desktop/Development/loket-admin/src/pages/VerifiedUser/VerifiedUserPage.vue
FNF:0
FNH:0
DA:15,0
DA:16,0
DA:17,0
DA:19,0
LF:4
LH:0
BRF:0
BRH:0
end_of_record
TN:
SF:/Users/ferdi/Desktop/Development/loket-admin/src/pages/VerifiedUser/index.js
FNF:0
FNH:0
LF:0
LH:0
BRF:0
BRH:0
end_of_record
TN:
SF:/Users/ferdi/Desktop/Development/loket-admin/src/pages/VerifiedUser/Add/AddPage.vue
FNF:0
FNH:0
DA:30,0
DA:31,0
DA:33,0
LF:3
LH:0
BRF:0
BRH:0
end_of_record
TN:
SF:/Users/ferdi/Desktop/Development/loket-admin/src/pages/VerifiedUser/Add/index.js
FNF:0
FNH:0
LF:0
LH:0
BRF:0
BRH:0
end_of_record
TN:
SF:/Users/ferdi/Desktop/Development/loket-admin/src/plugins/font-awesome/index.js
FNF:0
FNH:0
DA:5,0
LF:1
LH:0
BRF:0
BRH:0
end_of_record
TN:
SF:/Users/ferdi/Desktop/Development/loket-admin/src/plugins/textFormat/index.js
FNF:0
FNH:0
DA:3,0
LF:1
LH:0
BRF:0
BRH:0
end_of_record
TN:
SF:/Users/ferdi/Desktop/Development/loket-admin/src/routes/dashboard.js
FN:4,buildComponentDirectory
FN:8,buildRoute
FN:10,(anonymous_2)
FN:16,(anonymous_3)
FN:16,(anonymous_4)
FN:38,(anonymous_5)
FN:46,(anonymous_6)
FN:57,(anonymous_7)
FN:62,(anonymous_8)
FN:69,(anonymous_9)
FN:74,(anonymous_10)
FN:82,(anonymous_11)
FN:89,(anonymous_12)
FN:94,(anonymous_13)
FN:101,(anonymous_14)
FN:106,(anonymous_15)
FN:113,(anonymous_16)
FN:118,(anonymous_17)
FN:125,(anonymous_18)
FN:130,(anonymous_19)
FN:137,(anonymous_20)
FN:142,(anonymous_21)
FN:149,(anonymous_22)
FN:154,(anonymous_23)
FN:159,(anonymous_24)
FN:164,(anonymous_25)
FN:171,(anonymous_26)
FN:176,(anonymous_27)
FN:181,(anonymous_28)
FN:188,(anonymous_29)
FN:193,(anonymous_30)
FN:198,(anonymous_31)
FN:205,(anonymous_32)
FN:210,(anonymous_33)
FN:215,(anonymous_34)
FN:222,(anonymous_35)
FN:227,(anonymous_36)
FNF:37
FNH:0
FNDA:0,buildComponentDirectory
FNDA:0,buildRoute
FNDA:0,(anonymous_2)
FNDA:0,(anonymous_3)
FNDA:0,(anonymous_4)
FNDA:0,(anonymous_5)
FNDA:0,(anonymous_6)
FNDA:0,(anonymous_7)
FNDA:0,(anonymous_8)
FNDA:0,(anonymous_9)
FNDA:0,(anonymous_10)
FNDA:0,(anonymous_11)
FNDA:0,(anonymous_12)
FNDA:0,(anonymous_13)
FNDA:0,(anonymous_14)
FNDA:0,(anonymous_15)
FNDA:0,(anonymous_16)
FNDA:0,(anonymous_17)
FNDA:0,(anonymous_18)
FNDA:0,(anonymous_19)
FNDA:0,(anonymous_20)
FNDA:0,(anonymous_21)
FNDA:0,(anonymous_22)
FNDA:0,(anonymous_23)
FNDA:0,(anonymous_24)
FNDA:0,(anonymous_25)
FNDA:0,(anonymous_26)
FNDA:0,(anonymous_27)
FNDA:0,(anonymous_28)
FNDA:0,(anonymous_29)
FNDA:0,(anonymous_30)
FNDA:0,(anonymous_31)
FNDA:0,(anonymous_32)
FNDA:0,(anonymous_33)
FNDA:0,(anonymous_34)
FNDA:0,(anonymous_35)
FNDA:0,(anonymous_36)
DA:5,0
DA:9,0
DA:10,0
DA:11,0
DA:16,0
DA:17,0
DA:21,0
DA:23,0
DA:24,0
DA:27,0
DA:28,0
DA:30,0
DA:33,0
DA:35,0
DA:38,0
DA:43,0
DA:46,0
DA:47,0
DA:53,0
DA:57,0
DA:62,0
DA:69,0
DA:74,0
DA:82,0
DA:89,0
DA:94,0
DA:101,0
DA:106,0
DA:113,0
DA:118,0
DA:125,0
DA:130,0
DA:137,0
DA:142,0
DA:149,0
DA:154,0
DA:159,0
DA:164,0
DA:171,0
DA:176,0
DA:181,0
DA:188,0
DA:193,0
DA:198,0
DA:205,0
DA:210,0
DA:215,0
DA:222,0
DA:227,0
LF:49
LH:0
BRDA:9,0,0,0
BRDA:9,0,1,0
BRDA:23,1,0,0
BRDA:23,1,1,0
BRDA:27,2,0,0
BRDA:27,2,1,0
BRF:6
BRH:0
end_of_record
TN:
SF:/Users/ferdi/Desktop/Development/loket-admin/src/routes/index.js
FN:19,(anonymous_0)
FNF:1
FNH:0
FNDA:0,(anonymous_0)
DA:6,0
DA:19,0
DA:20,0
DA:22,0
LF:4
LH:0
BRF:0
BRH:0
end_of_record
TN:
SF:/Users/ferdi/Desktop/Development/loket-admin/src/routes/helper/asyncComponent.js
FN:5,asyncComponent
FN:7,(anonymous_1)
FN:16,(anonymous_2)
FNF:3
FNH:0
FNDA:0,asyncComponent
FNDA:0,(anonymous_1)
FNDA:0,(anonymous_2)
DA:3,0
DA:7,0
DA:8,0
DA:10,0
DA:16,0
DA:17,0
DA:20,0
LF:7
LH:0
BRDA:17,0,0,0
BRDA:17,0,1,0
BRF:2
BRH:0
end_of_record
TN:
SF:/Users/ferdi/Desktop/Development/loket-admin/src/services/axios.js
FN:4,Axios
FN:11,(anonymous_1)
FN:18,(anonymous_2)
FN:26,(anonymous_3)
FN:27,(anonymous_4)
FN:29,(anonymous_5)
FN:30,(anonymous_6)
FN:34,(anonymous_7)
FNF:8
FNH:0
FNDA:0,Axios
FNDA:0,(anonymous_1)
FNDA:0,(anonymous_2)
FNDA:0,(anonymous_3)
FNDA:0,(anonymous_4)
FNDA:0,(anonymous_5)
FNDA:0,(anonymous_6)
FNDA:0,(anonymous_7)
DA:5,0
DA:6,0
DA:8,0
DA:11,0
DA:12,0
DA:18,0
DA:19,0
DA:20,0
DA:22,0
DA:26,0
DA:27,0
DA:28,0
DA:30,0
DA:31,0
DA:35,0
LF:15
LH:0
BRDA:4,0,0,0
BRF:1
BRH:0
end_of_record
TN:
SF:/Users/ferdi/Desktop/Development/loket-admin/src/services/http.js
FN:3,(anonymous_0)
FNF:1
FNH:0
FNDA:0,(anonymous_0)
DA:3,0
DA:4,0
LF:2
LH:0
BRF:0
BRH:0
end_of_record
TN:
SF:/Users/ferdi/Desktop/Development/loket-admin/src/services/urls.js
FNF:0
FNH:0
LF:0
LH:0
BRF:0
BRH:0
end_of_record
TN:
SF:/Users/ferdi/Desktop/Development/loket-admin/src/services/api/announcement.js
FN:5,(anonymous_0)
FNF:1
FNH:0
FNDA:0,(anonymous_0)
DA:6,0
LF:1
LH:0
BRF:0
BRH:0
end_of_record
TN:
SF:/Users/ferdi/Desktop/Development/loket-admin/src/services/api/thematicPage.js
FN:5,(anonymous_0)
FNF:1
FNH:0
FNDA:0,(anonymous_0)
DA:6,0
LF:1
LH:0
BRF:0
BRH:0
end_of_record
TN:
SF:/Users/ferdi/Desktop/Development/loket-admin/src/store/index.js
FN:8,(anonymous_0)
FNF:1
FNH:0
FNDA:0,(anonymous_0)
DA:3,0
DA:5,0
DA:6,0
DA:8,0
DA:9,0
DA:11,0
DA:13,0
DA:25,0
DA:27,0
LF:9
LH:0
BRDA:11,0,0,0
BRDA:11,0,1,0
BRDA:27,1,0,0
BRDA:27,1,1,0
BRF:4
BRH:0
end_of_record
TN:
SF:/Users/ferdi/Desktop/Development/loket-admin/src/store/modules/announcement/actions.js
FN:4,(anonymous_0)
FNF:1
FNH:0
FNDA:0,(anonymous_0)
DA:3,0
DA:5,0
DA:7,0
DA:8,0
DA:9,0
DA:11,0
DA:13,0
LF:7
LH:0
BRF:0
BRH:0
end_of_record
TN:
SF:/Users/ferdi/Desktop/Development/loket-admin/src/store/modules/announcement/getters.js
FN:2,(anonymous_0)
FN:3,(anonymous_1)
FN:4,(anonymous_2)
FN:5,(anonymous_3)
FNF:4
FNH:0
FNDA:0,(anonymous_0)
FNDA:0,(anonymous_1)
FNDA:0,(anonymous_2)
FNDA:0,(anonymous_3)
DA:1,0
DA:2,0
DA:3,0
DA:4,0
DA:5,0
LF:5
LH:0
BRF:0
BRH:0
end_of_record
TN:
SF:/Users/ferdi/Desktop/Development/loket-admin/src/store/modules/announcement/index.js
FNF:0
FNH:0
LF:0
LH:0
BRF:0
BRH:0
end_of_record
TN:
SF:/Users/ferdi/Desktop/Development/loket-admin/src/store/modules/announcement/mutations.js
FN:2,(anonymous_0)
FN:6,(anonymous_1)
FN:14,(anonymous_2)
FNF:3
FNH:0
FNDA:0,(anonymous_0)
FNDA:0,(anonymous_1)
FNDA:0,(anonymous_2)
DA:1,0
DA:3,0
DA:4,0
DA:7,0
DA:9,0
DA:10,0
DA:11,0
DA:12,0
DA:15,0
DA:16,0
LF:10
LH:0
BRF:0
BRH:0
end_of_record
TN:
SF:/Users/ferdi/Desktop/Development/loket-admin/src/store/modules/announcement/state.js
FNF:0
FNH:0
LF:0
LH:0
BRF:0
BRH:0
end_of_record
TN:
SF:/Users/ferdi/Desktop/Development/loket-admin/src/store/modules/eventLiveStreaming/actions.js
FN:2,(anonymous_0)
FNF:1
FNH:0
FNDA:0,(anonymous_0)
DA:1,1
DA:3,0
DA:5,0
DA:7,0
DA:8,0
DA:10,0
DA:11,0
DA:16,0
DA:18,0
LF:9
LH:1
BRF:0
BRH:0
end_of_record
TN:
SF:/Users/ferdi/Desktop/Development/loket-admin/src/store/modules/eventLiveStreaming/getters.js
FN:2,(anonymous_0)
FN:3,(anonymous_1)
FN:4,(anonymous_2)
FNF:3
FNH:1
FNDA:0,(anonymous_0)
FNDA:1,(anonymous_1)
FNDA:0,(anonymous_2)
DA:1,1
DA:2,0
DA:3,1
DA:4,0
LF:4
LH:2
BRF:0
BRH:0
end_of_record
TN:
SF:/Users/ferdi/Desktop/Development/loket-admin/src/store/modules/eventLiveStreaming/index.js
FNF:0
FNH:0
LF:0
LH:0
BRF:0
BRH:0
end_of_record
TN:
SF:/Users/ferdi/Desktop/Development/loket-admin/src/store/modules/eventLiveStreaming/mutations.js
FN:2,(anonymous_0)
FN:6,(anonymous_1)
FN:11,(anonymous_2)
FNF:3
FNH:0
FNDA:0,(anonymous_0)
FNDA:0,(anonymous_1)
FNDA:0,(anonymous_2)
DA:1,1
DA:3,0
DA:4,0
DA:7,0
DA:8,0
DA:9,0
DA:12,0
DA:13,0
LF:8
LH:1
BRF:0
BRH:0
end_of_record
TN:
SF:/Users/ferdi/Desktop/Development/loket-admin/src/store/modules/eventLiveStreaming/state.js
FNF:0
FNH:0
LF:0
LH:0
BRF:0
BRH:0
end_of_record
TN:
SF:/Users/ferdi/Desktop/Development/loket-admin/src/store/modules/thematicPage/actions.js
FN:4,(anonymous_0)
FNF:1
FNH:0
FNDA:0,(anonymous_0)
DA:3,0
DA:5,0
DA:7,0
DA:8,0
DA:9,0
DA:11,0
DA:13,0
LF:7
LH:0
BRF:0
BRH:0
end_of_record
TN:
SF:/Users/ferdi/Desktop/Development/loket-admin/src/store/modules/thematicPage/getters.js
FN:2,(anonymous_0)
FN:3,(anonymous_1)
FNF:2
FNH:0
FNDA:0,(anonymous_0)
FNDA:0,(anonymous_1)
DA:1,0
DA:2,0
DA:3,0
LF:3
LH:0
BRF:0
BRH:0
end_of_record
TN:
SF:/Users/ferdi/Desktop/Development/loket-admin/src/store/modules/thematicPage/index.js
FNF:0
FNH:0
LF:0
LH:0
BRF:0
BRH:0
end_of_record
TN:
SF:/Users/ferdi/Desktop/Development/loket-admin/src/store/modules/thematicPage/mutations.js
FN:2,(anonymous_0)
FN:6,(anonymous_1)
FN:11,(anonymous_2)
FNF:3
FNH:0
FNDA:0,(anonymous_0)
FNDA:0,(anonymous_1)
FNDA:0,(anonymous_2)
DA:1,0
DA:3,0
DA:4,0
DA:7,0
DA:8,0
DA:9,0
DA:12,0
DA:13,0
LF:8
LH:0
BRF:0
BRH:0
end_of_record
TN:
SF:/Users/ferdi/Desktop/Development/loket-admin/src/store/modules/thematicPage/state.js
FNF:0
FNH:0
LF:0
LH:0
BRF:0
BRH:0
end_of_record
TN:
SF:/Users/ferdi/Desktop/Development/loket-admin/src/stories/Button.stories.js
FN:12,(anonymous_0)
FNF:1
FNH:0
FNDA:0,(anonymous_0)
DA:12,0
DA:18,0
DA:19,0
DA:24,0
DA:25,0
DA:29,0
DA:30,0
DA:35,0
DA:36,0
LF:9
LH:0
BRF:0
BRH:0
end_of_record
TN:
SF:/Users/ferdi/Desktop/Development/loket-admin/src/stories/Button.vue
FN:23,(anonymous_0)
FN:33,(anonymous_1)
FN:41,(anonymous_2)
FN:49,(anonymous_3)
FNF:4
FNH:0
FNDA:0,(anonymous_0)
FNDA:0,(anonymous_1)
FNDA:0,(anonymous_2)
FNDA:0,(anonymous_3)
DA:6,0
DA:8,0
DA:24,0
DA:34,0
DA:42,0
DA:50,0
LF:6
LH:0
BRF:0
BRH:0
end_of_record
TN:
SF:/Users/ferdi/Desktop/Development/loket-admin/src/stories/Header.stories.js
FN:8,(anonymous_0)
FNF:1
FNH:0
FNDA:0,(anonymous_0)
DA:8,0
DA:15,0
DA:16,0
DA:20,0
DA:21,0
LF:5
LH:0
BRF:0
BRH:0
end_of_record
TN:
SF:/Users/ferdi/Desktop/Development/loket-admin/src/stories/Header.vue
FN:48,(anonymous_0)
FN:51,(anonymous_1)
FN:54,(anonymous_2)
FNF:3
FNH:0
FNDA:0,(anonymous_0)
FNDA:0,(anonymous_1)
FNDA:0,(anonymous_2)
DA:33,0
DA:34,0
DA:36,0
DA:49,0
DA:52,0
DA:55,0
LF:6
LH:0
BRF:0
BRH:0
end_of_record
TN:
SF:/Users/ferdi/Desktop/Development/loket-admin/src/stories/Page.stories.js
FN:9,(anonymous_0)
FNF:1
FNH:0
FNDA:0,(anonymous_0)
DA:9,0
DA:16,0
DA:17,0
DA:21,0
DA:22,0
LF:5
LH:0
BRF:0
BRH:0
end_of_record
TN:
SF:/Users/ferdi/Desktop/Development/loket-admin/src/stories/Page.vue
FN:77,(anonymous_0)
FN:80,(anonymous_1)
FN:83,(anonymous_2)
FNF:3
FNH:0
FNDA:0,(anonymous_0)
FNDA:0,(anonymous_1)
FNDA:0,(anonymous_2)
DA:62,0
DA:63,0
DA:65,0
DA:78,0
DA:81,0
DA:84,0
LF:6
LH:0
BRF:0
BRH:0
end_of_record
TN:
SF:/Users/ferdi/Desktop/Development/loket-admin/src/utils/collectObjectKeys.js
FN:1,(anonymous_0)
FN:7,exec
FN:14,(anonymous_2)
FNF:3
FNH:0
FNDA:0,(anonymous_0)
FNDA:0,exec
FNDA:0,(anonymous_2)
DA:2,0
DA:3,0
DA:5,0
DA:8,0
DA:10,0
DA:12,0
DA:14,0
DA:15,0
DA:16,0
DA:18,0
DA:19,0
DA:23,0
DA:25,0
LF:13
LH:0
BRDA:2,0,0,0
BRDA:2,0,1,0
BRDA:5,1,0,0
BRDA:5,1,1,0
BRDA:10,2,0,0
BRDA:10,2,1,0
BRDA:12,3,0,0
BRDA:12,3,1,0
BRDA:12,4,0,0
BRDA:12,4,1,0
BRDA:15,5,0,0
BRDA:15,5,1,0
BRDA:15,6,0,0
BRDA:15,6,1,0
BRDA:18,7,0,0
BRDA:18,7,1,0
BRF:16
BRH:0
end_of_record
TN:
SF:/Users/ferdi/Desktop/Development/loket-admin/src/utils/debounce.js
FN:1,(anonymous_0)
FN:4,executedFunction
FN:8,(anonymous_2)
FNF:3
FNH:2
FNDA:1,(anonymous_0)
FNDA:2,executedFunction
FNDA:0,(anonymous_2)
DA:4,1
DA:5,2
DA:6,2
DA:8,2
DA:9,0
DA:10,0
DA:13,2
DA:15,2
DA:17,2
DA:19,2
LF:10
LH:8
BRDA:10,0,0,0
BRDA:10,0,1,0
BRDA:13,1,0,2
BRDA:13,1,1,0
BRDA:19,2,0,0
BRDA:19,2,1,2
BRF:6
BRH:2
end_of_record
TN:
SF:/Users/ferdi/Desktop/Development/loket-admin/src/utils/textFormat.js
FN:1,(anonymous_0)
FN:5,(anonymous_1)
FNF:2
FNH:2
FNDA:2,(anonymous_0)
FNDA:2,(anonymous_1)
DA:1,1
DA:2,2
DA:5,1
DA:6,2
LF:4
LH:4
BRF:0
BRH:0
end_of_record
TN:
SF:/Users/ferdi/Desktop/Development/loket-admin/src/utils/auth/index.js
FN:2,(anonymous_0)
FNF:1
FNH:0
FNDA:0,(anonymous_0)
DA:3,0
DA:5,0
DA:6,0
LF:3
LH:0
BRDA:5,0,0,0
BRDA:5,0,1,0
BRF:2
BRH:0
end_of_record
